[2025-01-08T15:37:33.806+0000] {local_task_job_runner.py:120} INFO - ::group::Pre task execution logs
[2025-01-08T15:37:33.824+0000] {taskinstance.py:2076} INFO - Dependencies all met for dep_context=non-requeueable deps ti=<TaskInstance: realtime_user_streaming_pipeline.stream_data_from_api manual__2025-01-08T15:37:32.871583+00:00 [queued]>
[2025-01-08T15:37:33.831+0000] {taskinstance.py:2076} INFO - Dependencies all met for dep_context=requeueable deps ti=<TaskInstance: realtime_user_streaming_pipeline.stream_data_from_api manual__2025-01-08T15:37:32.871583+00:00 [queued]>
[2025-01-08T15:37:33.831+0000] {taskinstance.py:2306} INFO - Starting attempt 1 of 4
[2025-01-08T15:37:33.836+0000] {taskinstance.py:2330} INFO - Executing <Task(PythonOperator): stream_data_from_api> on 2025-01-08 15:37:32.871583+00:00
[2025-01-08T15:37:33.840+0000] {standard_task_runner.py:90} INFO - Running: ['***', 'tasks', 'run', 'realtime_user_streaming_pipeline', 'stream_data_from_api', 'manual__2025-01-08T15:37:32.871583+00:00', '--job-id', '16', '--raw', '--subdir', 'DAGS_FOLDER/realtime_streaming.py', '--cfg-path', '/tmp/tmp3jxhv52k']
[2025-01-08T15:37:33.842+0000] {logging_mixin.py:188} WARNING - /home/***/.local/lib/python3.12/site-packages/***/task/task_runner/standard_task_runner.py:62 DeprecationWarning: This process (pid=281) is multi-threaded, use of fork() may lead to deadlocks in the child.
[2025-01-08T15:37:33.842+0000] {standard_task_runner.py:91} INFO - Job 16: Subtask stream_data_from_api
[2025-01-08T15:37:33.842+0000] {standard_task_runner.py:64} INFO - Started process 282 to run task
[2025-01-08T15:37:33.861+0000] {task_command.py:426} INFO - Running <TaskInstance: realtime_user_streaming_pipeline.stream_data_from_api manual__2025-01-08T15:37:32.871583+00:00 [running]> on host c9d056dd0ec3
[2025-01-08T15:37:33.899+0000] {taskinstance.py:2648} INFO - Exporting env vars: AIRFLOW_CTX_DAG_OWNER='data_engineer' AIRFLOW_CTX_DAG_ID='realtime_user_streaming_pipeline' AIRFLOW_CTX_TASK_ID='stream_data_from_api' AIRFLOW_CTX_EXECUTION_DATE='2025-01-08T15:37:32.871583+00:00' AIRFLOW_CTX_TRY_NUMBER='1' AIRFLOW_CTX_DAG_RUN_ID='manual__2025-01-08T15:37:32.871583+00:00'
[2025-01-08T15:37:33.900+0000] {taskinstance.py:430} INFO - ::endgroup::
[2025-01-08T15:37:33.907+0000] {conn.py:362} INFO - <BrokerConnection node_id=bootstrap-0 host=broker:9092 <connecting> [IPv4 ('172.18.0.10', 9092)]>: connecting to broker:9092 [('172.18.0.10', 9092) IPv4]
[2025-01-08T15:37:33.908+0000] {conn.py:957} INFO - Probing node bootstrap-0 broker version
[2025-01-08T15:37:33.908+0000] {conn.py:393} INFO - <BrokerConnection node_id=bootstrap-0 host=broker:9092 <connecting> [IPv4 ('172.18.0.10', 9092)]>: Connection complete.
[2025-01-08T15:37:34.012+0000] {conn.py:1019} INFO - Broker version identified as 2.6.0
[2025-01-08T15:37:34.012+0000] {conn.py:1020} INFO - Set configuration api_version=(2, 6, 0) to skip auto check_version requests on startup
[2025-01-08T15:37:34.830+0000] {realtime_streaming.py:24} INFO - Data fetched successfully from API.
[2025-01-08T15:37:34.831+0000] {realtime_streaming.py:48} INFO - Data formatted successfully.
[2025-01-08T15:37:34.833+0000] {conn.py:362} INFO - <BrokerConnection node_id=1 host=broker:9092 <connecting> [IPv4 ('172.18.0.10', 9092)]>: connecting to broker:9092 [('172.18.0.10', 9092) IPv4]
[2025-01-08T15:37:34.833+0000] {conn.py:393} INFO - <BrokerConnection node_id=1 host=broker:9092 <connecting> [IPv4 ('172.18.0.10', 9092)]>: Connection complete.
[2025-01-08T15:37:34.834+0000] {conn.py:673} INFO - <BrokerConnection node_id=bootstrap-0 host=broker:9092 <connected> [IPv4 ('172.18.0.10', 9092)]>: Closing connection. 
[2025-01-08T15:37:35.995+0000] {realtime_streaming.py:24} INFO - Data fetched successfully from API.
[2025-01-08T15:37:35.997+0000] {realtime_streaming.py:48} INFO - Data formatted successfully.
[2025-01-08T15:37:37.146+0000] {realtime_streaming.py:24} INFO - Data fetched successfully from API.
[2025-01-08T15:37:37.152+0000] {realtime_streaming.py:48} INFO - Data formatted successfully.
[2025-01-08T15:37:39.980+0000] {realtime_streaming.py:24} INFO - Data fetched successfully from API.
[2025-01-08T15:37:39.983+0000] {realtime_streaming.py:48} INFO - Data formatted successfully.
[2025-01-08T15:37:42.109+0000] {realtime_streaming.py:24} INFO - Data fetched successfully from API.
[2025-01-08T15:37:42.112+0000] {realtime_streaming.py:48} INFO - Data formatted successfully.
[2025-01-08T15:37:43.964+0000] {realtime_streaming.py:24} INFO - Data fetched successfully from API.
[2025-01-08T15:37:43.972+0000] {realtime_streaming.py:48} INFO - Data formatted successfully.
[2025-01-08T15:37:46.115+0000] {realtime_streaming.py:24} INFO - Data fetched successfully from API.
[2025-01-08T15:37:46.117+0000] {realtime_streaming.py:48} INFO - Data formatted successfully.
[2025-01-08T15:37:47.994+0000] {realtime_streaming.py:24} INFO - Data fetched successfully from API.
[2025-01-08T15:37:47.997+0000] {realtime_streaming.py:48} INFO - Data formatted successfully.
[2025-01-08T15:37:49.834+0000] {realtime_streaming.py:24} INFO - Data fetched successfully from API.
[2025-01-08T15:37:49.836+0000] {realtime_streaming.py:48} INFO - Data formatted successfully.
[2025-01-08T15:37:51.408+0000] {realtime_streaming.py:24} INFO - Data fetched successfully from API.
[2025-01-08T15:37:51.410+0000] {realtime_streaming.py:48} INFO - Data formatted successfully.
[2025-01-08T15:37:53.075+0000] {realtime_streaming.py:24} INFO - Data fetched successfully from API.
[2025-01-08T15:37:53.077+0000] {realtime_streaming.py:48} INFO - Data formatted successfully.
[2025-01-08T15:37:55.603+0000] {realtime_streaming.py:24} INFO - Data fetched successfully from API.
[2025-01-08T15:37:55.606+0000] {realtime_streaming.py:48} INFO - Data formatted successfully.
[2025-01-08T15:37:57.463+0000] {realtime_streaming.py:24} INFO - Data fetched successfully from API.
[2025-01-08T15:37:57.466+0000] {realtime_streaming.py:48} INFO - Data formatted successfully.
[2025-01-08T15:37:59.643+0000] {realtime_streaming.py:24} INFO - Data fetched successfully from API.
[2025-01-08T15:37:59.654+0000] {realtime_streaming.py:48} INFO - Data formatted successfully.
[2025-01-08T15:38:02.188+0000] {realtime_streaming.py:24} INFO - Data fetched successfully from API.
[2025-01-08T15:38:02.190+0000] {realtime_streaming.py:48} INFO - Data formatted successfully.
[2025-01-08T15:38:04.405+0000] {realtime_streaming.py:24} INFO - Data fetched successfully from API.
[2025-01-08T15:38:04.409+0000] {realtime_streaming.py:48} INFO - Data formatted successfully.
[2025-01-08T15:38:06.843+0000] {realtime_streaming.py:24} INFO - Data fetched successfully from API.
[2025-01-08T15:38:06.845+0000] {realtime_streaming.py:48} INFO - Data formatted successfully.
[2025-01-08T15:38:08.700+0000] {realtime_streaming.py:24} INFO - Data fetched successfully from API.
[2025-01-08T15:38:08.701+0000] {realtime_streaming.py:48} INFO - Data formatted successfully.
[2025-01-08T15:38:11.196+0000] {realtime_streaming.py:24} INFO - Data fetched successfully from API.
[2025-01-08T15:38:11.200+0000] {realtime_streaming.py:48} INFO - Data formatted successfully.
[2025-01-08T15:38:13.287+0000] {realtime_streaming.py:24} INFO - Data fetched successfully from API.
[2025-01-08T15:38:13.289+0000] {realtime_streaming.py:48} INFO - Data formatted successfully.
[2025-01-08T15:38:15.179+0000] {realtime_streaming.py:24} INFO - Data fetched successfully from API.
[2025-01-08T15:38:15.181+0000] {realtime_streaming.py:48} INFO - Data formatted successfully.
[2025-01-08T15:38:17.381+0000] {realtime_streaming.py:24} INFO - Data fetched successfully from API.
[2025-01-08T15:38:17.389+0000] {realtime_streaming.py:48} INFO - Data formatted successfully.
[2025-01-08T15:38:19.077+0000] {realtime_streaming.py:24} INFO - Data fetched successfully from API.
[2025-01-08T15:38:19.079+0000] {realtime_streaming.py:48} INFO - Data formatted successfully.
[2025-01-08T15:38:20.579+0000] {realtime_streaming.py:24} INFO - Data fetched successfully from API.
[2025-01-08T15:38:20.582+0000] {realtime_streaming.py:48} INFO - Data formatted successfully.
[2025-01-08T15:38:21.982+0000] {realtime_streaming.py:24} INFO - Data fetched successfully from API.
[2025-01-08T15:38:21.984+0000] {realtime_streaming.py:48} INFO - Data formatted successfully.
[2025-01-08T15:38:23.534+0000] {realtime_streaming.py:24} INFO - Data fetched successfully from API.
[2025-01-08T15:38:23.535+0000] {realtime_streaming.py:48} INFO - Data formatted successfully.
[2025-01-08T15:38:25.398+0000] {realtime_streaming.py:24} INFO - Data fetched successfully from API.
[2025-01-08T15:38:25.400+0000] {realtime_streaming.py:48} INFO - Data formatted successfully.
[2025-01-08T15:38:27.366+0000] {realtime_streaming.py:24} INFO - Data fetched successfully from API.
[2025-01-08T15:38:27.371+0000] {realtime_streaming.py:48} INFO - Data formatted successfully.
[2025-01-08T15:38:29.691+0000] {realtime_streaming.py:24} INFO - Data fetched successfully from API.
[2025-01-08T15:38:29.692+0000] {realtime_streaming.py:48} INFO - Data formatted successfully.
[2025-01-08T15:38:31.809+0000] {realtime_streaming.py:24} INFO - Data fetched successfully from API.
[2025-01-08T15:38:31.813+0000] {realtime_streaming.py:48} INFO - Data formatted successfully.
[2025-01-08T15:38:33.788+0000] {realtime_streaming.py:24} INFO - Data fetched successfully from API.
[2025-01-08T15:38:33.790+0000] {realtime_streaming.py:48} INFO - Data formatted successfully.
[2025-01-08T15:38:35.366+0000] {realtime_streaming.py:24} INFO - Data fetched successfully from API.
[2025-01-08T15:38:35.368+0000] {realtime_streaming.py:48} INFO - Data formatted successfully.
[2025-01-08T15:38:37.789+0000] {realtime_streaming.py:24} INFO - Data fetched successfully from API.
[2025-01-08T15:38:37.868+0000] {realtime_streaming.py:48} INFO - Data formatted successfully.
[2025-01-08T15:38:39.903+0000] {realtime_streaming.py:24} INFO - Data fetched successfully from API.
[2025-01-08T15:38:39.912+0000] {realtime_streaming.py:48} INFO - Data formatted successfully.
[2025-01-08T15:38:41.645+0000] {realtime_streaming.py:24} INFO - Data fetched successfully from API.
[2025-01-08T15:38:41.648+0000] {realtime_streaming.py:48} INFO - Data formatted successfully.
[2025-01-08T15:38:43.346+0000] {realtime_streaming.py:24} INFO - Data fetched successfully from API.
[2025-01-08T15:38:43.351+0000] {realtime_streaming.py:48} INFO - Data formatted successfully.
[2025-01-08T15:38:45.087+0000] {realtime_streaming.py:24} INFO - Data fetched successfully from API.
[2025-01-08T15:38:45.089+0000] {realtime_streaming.py:48} INFO - Data formatted successfully.
[2025-01-08T15:38:47.821+0000] {realtime_streaming.py:24} INFO - Data fetched successfully from API.
[2025-01-08T15:38:47.826+0000] {realtime_streaming.py:48} INFO - Data formatted successfully.
[2025-01-08T15:38:50.238+0000] {realtime_streaming.py:24} INFO - Data fetched successfully from API.
[2025-01-08T15:38:50.240+0000] {realtime_streaming.py:48} INFO - Data formatted successfully.
[2025-01-08T15:38:52.973+0000] {realtime_streaming.py:24} INFO - Data fetched successfully from API.
[2025-01-08T15:38:52.975+0000] {realtime_streaming.py:48} INFO - Data formatted successfully.
[2025-01-08T15:38:54.425+0000] {realtime_streaming.py:24} INFO - Data fetched successfully from API.
[2025-01-08T15:38:54.426+0000] {realtime_streaming.py:48} INFO - Data formatted successfully.
[2025-01-08T15:38:56.178+0000] {realtime_streaming.py:24} INFO - Data fetched successfully from API.
[2025-01-08T15:38:56.178+0000] {realtime_streaming.py:48} INFO - Data formatted successfully.
[2025-01-08T15:38:58.191+0000] {realtime_streaming.py:24} INFO - Data fetched successfully from API.
[2025-01-08T15:38:58.207+0000] {realtime_streaming.py:48} INFO - Data formatted successfully.
[2025-01-08T15:39:00.471+0000] {realtime_streaming.py:24} INFO - Data fetched successfully from API.
[2025-01-08T15:39:00.475+0000] {realtime_streaming.py:48} INFO - Data formatted successfully.
[2025-01-08T15:39:03.131+0000] {realtime_streaming.py:24} INFO - Data fetched successfully from API.
[2025-01-08T15:39:03.138+0000] {realtime_streaming.py:48} INFO - Data formatted successfully.
[2025-01-08T15:39:04.964+0000] {realtime_streaming.py:24} INFO - Data fetched successfully from API.
[2025-01-08T15:39:04.972+0000] {realtime_streaming.py:48} INFO - Data formatted successfully.
[2025-01-08T15:39:06.836+0000] {realtime_streaming.py:24} INFO - Data fetched successfully from API.
[2025-01-08T15:39:06.844+0000] {realtime_streaming.py:48} INFO - Data formatted successfully.
[2025-01-08T15:39:09.444+0000] {realtime_streaming.py:24} INFO - Data fetched successfully from API.
[2025-01-08T15:39:09.450+0000] {realtime_streaming.py:48} INFO - Data formatted successfully.
[2025-01-08T15:39:12.032+0000] {realtime_streaming.py:24} INFO - Data fetched successfully from API.
[2025-01-08T15:39:12.038+0000] {realtime_streaming.py:48} INFO - Data formatted successfully.
[2025-01-08T15:39:14.611+0000] {realtime_streaming.py:24} INFO - Data fetched successfully from API.
[2025-01-08T15:39:14.614+0000] {realtime_streaming.py:48} INFO - Data formatted successfully.
[2025-01-08T15:39:17.024+0000] {realtime_streaming.py:24} INFO - Data fetched successfully from API.
[2025-01-08T15:39:17.155+0000] {realtime_streaming.py:48} INFO - Data formatted successfully.
[2025-01-08T15:39:18.967+0000] {realtime_streaming.py:24} INFO - Data fetched successfully from API.
[2025-01-08T15:39:18.972+0000] {realtime_streaming.py:48} INFO - Data formatted successfully.
[2025-01-08T15:39:20.227+0000] {realtime_streaming.py:24} INFO - Data fetched successfully from API.
[2025-01-08T15:39:20.228+0000] {realtime_streaming.py:48} INFO - Data formatted successfully.
[2025-01-08T15:39:22.265+0000] {realtime_streaming.py:24} INFO - Data fetched successfully from API.
[2025-01-08T15:39:22.281+0000] {realtime_streaming.py:48} INFO - Data formatted successfully.
[2025-01-08T15:39:23.520+0000] {realtime_streaming.py:24} INFO - Data fetched successfully from API.
[2025-01-08T15:39:23.522+0000] {realtime_streaming.py:48} INFO - Data formatted successfully.
[2025-01-08T15:39:26.207+0000] {realtime_streaming.py:24} INFO - Data fetched successfully from API.
[2025-01-08T15:39:26.210+0000] {realtime_streaming.py:48} INFO - Data formatted successfully.
[2025-01-08T15:39:27.841+0000] {realtime_streaming.py:24} INFO - Data fetched successfully from API.
[2025-01-08T15:39:27.842+0000] {realtime_streaming.py:48} INFO - Data formatted successfully.
[2025-01-08T15:39:31.403+0000] {realtime_streaming.py:24} INFO - Data fetched successfully from API.
[2025-01-08T15:39:31.404+0000] {realtime_streaming.py:48} INFO - Data formatted successfully.
[2025-01-08T15:39:33.217+0000] {realtime_streaming.py:24} INFO - Data fetched successfully from API.
[2025-01-08T15:39:33.222+0000] {realtime_streaming.py:48} INFO - Data formatted successfully.
[2025-01-08T15:39:34.814+0000] {conn.py:673} INFO - <BrokerConnection node_id=1 host=broker:9092 <connected> [IPv4 ('172.18.0.10', 9092)]>: Closing connection. 
[2025-01-08T15:39:34.821+0000] {python.py:237} INFO - Done. Returned value was: None
[2025-01-08T15:39:34.829+0000] {taskinstance.py:441} INFO - ::group::Post task execution logs
[2025-01-08T15:39:34.891+0000] {taskinstance.py:1206} INFO - Marking task as SUCCESS. dag_id=realtime_user_streaming_pipeline, task_id=stream_data_from_api, run_id=manual__2025-01-08T15:37:32.871583+00:00, execution_date=20250108T153732, start_date=20250108T153733, end_date=20250108T153934
[2025-01-08T15:39:34.934+0000] {local_task_job_runner.py:243} INFO - Task exited with return code 0
[2025-01-08T15:39:34.972+0000] {taskinstance.py:3503} INFO - 0 downstream tasks scheduled from follow-on schedule check
[2025-01-08T15:39:34.973+0000] {local_task_job_runner.py:222} INFO - ::endgroup::
