[2025-01-08T15:37:31.138+0000] {local_task_job_runner.py:120} INFO - ::group::Pre task execution logs
[2025-01-08T15:37:31.265+0000] {taskinstance.py:2076} INFO - Dependencies all met for dep_context=non-requeueable deps ti=<TaskInstance: realtime_user_streaming_pipeline.stream_data_from_api manual__2025-01-08T15:37:29.512850+00:00 [queued]>
[2025-01-08T15:37:31.284+0000] {taskinstance.py:2076} INFO - Dependencies all met for dep_context=requeueable deps ti=<TaskInstance: realtime_user_streaming_pipeline.stream_data_from_api manual__2025-01-08T15:37:29.512850+00:00 [queued]>
[2025-01-08T15:37:31.285+0000] {taskinstance.py:2306} INFO - Starting attempt 1 of 4
[2025-01-08T15:37:31.321+0000] {taskinstance.py:2330} INFO - Executing <Task(PythonOperator): stream_data_from_api> on 2025-01-08 15:37:29.512850+00:00
[2025-01-08T15:37:31.341+0000] {standard_task_runner.py:90} INFO - Running: ['***', 'tasks', 'run', 'realtime_user_streaming_pipeline', 'stream_data_from_api', 'manual__2025-01-08T15:37:29.512850+00:00', '--job-id', '14', '--raw', '--subdir', 'DAGS_FOLDER/realtime_streaming.py', '--cfg-path', '/tmp/tmpcfifzawd']
[2025-01-08T15:37:31.345+0000] {standard_task_runner.py:91} INFO - Job 14: Subtask stream_data_from_api
[2025-01-08T15:37:31.350+0000] {logging_mixin.py:188} WARNING - /home/***/.local/lib/python3.12/site-packages/***/task/task_runner/standard_task_runner.py:62 DeprecationWarning: This process (pid=263) is multi-threaded, use of fork() may lead to deadlocks in the child.
[2025-01-08T15:37:31.351+0000] {standard_task_runner.py:64} INFO - Started process 274 to run task
[2025-01-08T15:37:31.422+0000] {task_command.py:426} INFO - Running <TaskInstance: realtime_user_streaming_pipeline.stream_data_from_api manual__2025-01-08T15:37:29.512850+00:00 [running]> on host c9d056dd0ec3
[2025-01-08T15:37:31.622+0000] {taskinstance.py:2648} INFO - Exporting env vars: AIRFLOW_CTX_DAG_OWNER='data_engineer' AIRFLOW_CTX_DAG_ID='realtime_user_streaming_pipeline' AIRFLOW_CTX_TASK_ID='stream_data_from_api' AIRFLOW_CTX_EXECUTION_DATE='2025-01-08T15:37:29.512850+00:00' AIRFLOW_CTX_TRY_NUMBER='1' AIRFLOW_CTX_DAG_RUN_ID='manual__2025-01-08T15:37:29.512850+00:00'
[2025-01-08T15:37:31.627+0000] {taskinstance.py:430} INFO - ::endgroup::
[2025-01-08T15:37:31.655+0000] {conn.py:362} INFO - <BrokerConnection node_id=bootstrap-0 host=broker:9092 <connecting> [IPv4 ('172.18.0.10', 9092)]>: connecting to broker:9092 [('172.18.0.10', 9092) IPv4]
[2025-01-08T15:37:31.656+0000] {conn.py:957} INFO - Probing node bootstrap-0 broker version
[2025-01-08T15:37:31.658+0000] {conn.py:393} INFO - <BrokerConnection node_id=bootstrap-0 host=broker:9092 <connecting> [IPv4 ('172.18.0.10', 9092)]>: Connection complete.
[2025-01-08T15:37:31.772+0000] {conn.py:1019} INFO - Broker version identified as 2.6.0
[2025-01-08T15:37:31.774+0000] {conn.py:1020} INFO - Set configuration api_version=(2, 6, 0) to skip auto check_version requests on startup
[2025-01-08T15:37:33.631+0000] {realtime_streaming.py:24} INFO - Data fetched successfully from API.
[2025-01-08T15:37:33.633+0000] {realtime_streaming.py:48} INFO - Data formatted successfully.
[2025-01-08T15:37:33.638+0000] {conn.py:362} INFO - <BrokerConnection node_id=1 host=broker:9092 <connecting> [IPv4 ('172.18.0.10', 9092)]>: connecting to broker:9092 [('172.18.0.10', 9092) IPv4]
[2025-01-08T15:37:33.639+0000] {conn.py:393} INFO - <BrokerConnection node_id=1 host=broker:9092 <connecting> [IPv4 ('172.18.0.10', 9092)]>: Connection complete.
[2025-01-08T15:37:33.641+0000] {conn.py:673} INFO - <BrokerConnection node_id=bootstrap-0 host=broker:9092 <connected> [IPv4 ('172.18.0.10', 9092)]>: Closing connection. 
[2025-01-08T15:37:35.018+0000] {realtime_streaming.py:24} INFO - Data fetched successfully from API.
[2025-01-08T15:37:35.019+0000] {realtime_streaming.py:48} INFO - Data formatted successfully.
[2025-01-08T15:37:36.694+0000] {realtime_streaming.py:24} INFO - Data fetched successfully from API.
[2025-01-08T15:37:36.696+0000] {realtime_streaming.py:48} INFO - Data formatted successfully.
[2025-01-08T15:37:38.163+0000] {realtime_streaming.py:27} ERROR - Error fetching data from API: 429 Client Error:  for url: https://randomuser.me/api/
[2025-01-08T15:37:38.165+0000] {realtime_streaming.py:71} ERROR - An error occurred: 429 Client Error:  for url: https://randomuser.me/api/
[2025-01-08T15:37:38.946+0000] {realtime_streaming.py:24} INFO - Data fetched successfully from API.
[2025-01-08T15:37:38.947+0000] {realtime_streaming.py:48} INFO - Data formatted successfully.
[2025-01-08T15:37:40.756+0000] {realtime_streaming.py:24} INFO - Data fetched successfully from API.
[2025-01-08T15:37:40.764+0000] {realtime_streaming.py:48} INFO - Data formatted successfully.
[2025-01-08T15:37:42.928+0000] {realtime_streaming.py:24} INFO - Data fetched successfully from API.
[2025-01-08T15:37:42.936+0000] {realtime_streaming.py:48} INFO - Data formatted successfully.
[2025-01-08T15:37:44.504+0000] {realtime_streaming.py:24} INFO - Data fetched successfully from API.
[2025-01-08T15:37:44.509+0000] {realtime_streaming.py:48} INFO - Data formatted successfully.
[2025-01-08T15:37:46.281+0000] {realtime_streaming.py:24} INFO - Data fetched successfully from API.
[2025-01-08T15:37:46.283+0000] {realtime_streaming.py:48} INFO - Data formatted successfully.
[2025-01-08T15:37:49.396+0000] {realtime_streaming.py:24} INFO - Data fetched successfully from API.
[2025-01-08T15:37:49.398+0000] {realtime_streaming.py:48} INFO - Data formatted successfully.
[2025-01-08T15:37:50.840+0000] {realtime_streaming.py:24} INFO - Data fetched successfully from API.
[2025-01-08T15:37:50.844+0000] {realtime_streaming.py:48} INFO - Data formatted successfully.
[2025-01-08T15:37:52.710+0000] {realtime_streaming.py:24} INFO - Data fetched successfully from API.
[2025-01-08T15:37:52.711+0000] {realtime_streaming.py:48} INFO - Data formatted successfully.
[2025-01-08T15:37:54.424+0000] {realtime_streaming.py:24} INFO - Data fetched successfully from API.
[2025-01-08T15:37:54.432+0000] {realtime_streaming.py:48} INFO - Data formatted successfully.
[2025-01-08T15:37:56.733+0000] {realtime_streaming.py:24} INFO - Data fetched successfully from API.
[2025-01-08T15:37:56.734+0000] {realtime_streaming.py:48} INFO - Data formatted successfully.
[2025-01-08T15:37:59.237+0000] {realtime_streaming.py:24} INFO - Data fetched successfully from API.
[2025-01-08T15:37:59.241+0000] {realtime_streaming.py:48} INFO - Data formatted successfully.
[2025-01-08T15:38:01.488+0000] {realtime_streaming.py:24} INFO - Data fetched successfully from API.
[2025-01-08T15:38:01.489+0000] {realtime_streaming.py:48} INFO - Data formatted successfully.
[2025-01-08T15:38:04.203+0000] {realtime_streaming.py:24} INFO - Data fetched successfully from API.
[2025-01-08T15:38:04.206+0000] {realtime_streaming.py:48} INFO - Data formatted successfully.
[2025-01-08T15:38:06.550+0000] {realtime_streaming.py:24} INFO - Data fetched successfully from API.
[2025-01-08T15:38:06.553+0000] {realtime_streaming.py:48} INFO - Data formatted successfully.
[2025-01-08T15:38:08.455+0000] {realtime_streaming.py:24} INFO - Data fetched successfully from API.
[2025-01-08T15:38:08.457+0000] {realtime_streaming.py:48} INFO - Data formatted successfully.
[2025-01-08T15:38:10.574+0000] {realtime_streaming.py:24} INFO - Data fetched successfully from API.
[2025-01-08T15:38:10.575+0000] {realtime_streaming.py:48} INFO - Data formatted successfully.
[2025-01-08T15:38:12.186+0000] {realtime_streaming.py:24} INFO - Data fetched successfully from API.
[2025-01-08T15:38:12.187+0000] {realtime_streaming.py:48} INFO - Data formatted successfully.
[2025-01-08T15:38:13.645+0000] {realtime_streaming.py:24} INFO - Data fetched successfully from API.
[2025-01-08T15:38:13.650+0000] {realtime_streaming.py:48} INFO - Data formatted successfully.
[2025-01-08T15:38:15.451+0000] {realtime_streaming.py:24} INFO - Data fetched successfully from API.
[2025-01-08T15:38:15.452+0000] {realtime_streaming.py:48} INFO - Data formatted successfully.
[2025-01-08T15:38:16.772+0000] {realtime_streaming.py:24} INFO - Data fetched successfully from API.
[2025-01-08T15:38:16.773+0000] {realtime_streaming.py:48} INFO - Data formatted successfully.
[2025-01-08T15:38:18.642+0000] {realtime_streaming.py:24} INFO - Data fetched successfully from API.
[2025-01-08T15:38:18.643+0000] {realtime_streaming.py:48} INFO - Data formatted successfully.
[2025-01-08T15:38:20.883+0000] {realtime_streaming.py:24} INFO - Data fetched successfully from API.
[2025-01-08T15:38:20.885+0000] {realtime_streaming.py:48} INFO - Data formatted successfully.
[2025-01-08T15:38:22.312+0000] {realtime_streaming.py:24} INFO - Data fetched successfully from API.
[2025-01-08T15:38:22.313+0000] {realtime_streaming.py:48} INFO - Data formatted successfully.
[2025-01-08T15:38:23.684+0000] {realtime_streaming.py:24} INFO - Data fetched successfully from API.
[2025-01-08T15:38:23.685+0000] {realtime_streaming.py:48} INFO - Data formatted successfully.
[2025-01-08T15:38:25.309+0000] {realtime_streaming.py:24} INFO - Data fetched successfully from API.
[2025-01-08T15:38:25.311+0000] {realtime_streaming.py:48} INFO - Data formatted successfully.
[2025-01-08T15:38:28.073+0000] {realtime_streaming.py:24} INFO - Data fetched successfully from API.
[2025-01-08T15:38:28.075+0000] {realtime_streaming.py:48} INFO - Data formatted successfully.
[2025-01-08T15:38:29.560+0000] {realtime_streaming.py:24} INFO - Data fetched successfully from API.
[2025-01-08T15:38:29.561+0000] {realtime_streaming.py:48} INFO - Data formatted successfully.
[2025-01-08T15:38:31.254+0000] {realtime_streaming.py:24} INFO - Data fetched successfully from API.
[2025-01-08T15:38:31.256+0000] {realtime_streaming.py:48} INFO - Data formatted successfully.
[2025-01-08T15:38:33.713+0000] {realtime_streaming.py:24} INFO - Data fetched successfully from API.
[2025-01-08T15:38:33.713+0000] {realtime_streaming.py:48} INFO - Data formatted successfully.
[2025-01-08T15:38:35.820+0000] {realtime_streaming.py:24} INFO - Data fetched successfully from API.
[2025-01-08T15:38:35.824+0000] {realtime_streaming.py:48} INFO - Data formatted successfully.
[2025-01-08T15:38:37.467+0000] {realtime_streaming.py:24} INFO - Data fetched successfully from API.
[2025-01-08T15:38:37.473+0000] {realtime_streaming.py:48} INFO - Data formatted successfully.
[2025-01-08T15:38:40.065+0000] {realtime_streaming.py:24} INFO - Data fetched successfully from API.
[2025-01-08T15:38:40.075+0000] {realtime_streaming.py:48} INFO - Data formatted successfully.
[2025-01-08T15:38:41.494+0000] {realtime_streaming.py:24} INFO - Data fetched successfully from API.
[2025-01-08T15:38:41.501+0000] {realtime_streaming.py:48} INFO - Data formatted successfully.
[2025-01-08T15:38:43.732+0000] {realtime_streaming.py:24} INFO - Data fetched successfully from API.
[2025-01-08T15:38:43.738+0000] {realtime_streaming.py:48} INFO - Data formatted successfully.
[2025-01-08T15:38:45.397+0000] {realtime_streaming.py:24} INFO - Data fetched successfully from API.
[2025-01-08T15:38:45.398+0000] {realtime_streaming.py:48} INFO - Data formatted successfully.
[2025-01-08T15:38:47.945+0000] {realtime_streaming.py:24} INFO - Data fetched successfully from API.
[2025-01-08T15:38:47.950+0000] {realtime_streaming.py:48} INFO - Data formatted successfully.
[2025-01-08T15:38:49.320+0000] {realtime_streaming.py:24} INFO - Data fetched successfully from API.
[2025-01-08T15:38:49.320+0000] {realtime_streaming.py:48} INFO - Data formatted successfully.
[2025-01-08T15:38:51.807+0000] {realtime_streaming.py:24} INFO - Data fetched successfully from API.
[2025-01-08T15:38:51.810+0000] {realtime_streaming.py:48} INFO - Data formatted successfully.
[2025-01-08T15:38:53.260+0000] {realtime_streaming.py:24} INFO - Data fetched successfully from API.
[2025-01-08T15:38:53.261+0000] {realtime_streaming.py:48} INFO - Data formatted successfully.
[2025-01-08T15:38:55.054+0000] {realtime_streaming.py:24} INFO - Data fetched successfully from API.
[2025-01-08T15:38:55.055+0000] {realtime_streaming.py:48} INFO - Data formatted successfully.
[2025-01-08T15:38:57.508+0000] {realtime_streaming.py:24} INFO - Data fetched successfully from API.
[2025-01-08T15:38:57.509+0000] {realtime_streaming.py:48} INFO - Data formatted successfully.
[2025-01-08T15:38:59.320+0000] {realtime_streaming.py:24} INFO - Data fetched successfully from API.
[2025-01-08T15:38:59.322+0000] {realtime_streaming.py:48} INFO - Data formatted successfully.
[2025-01-08T15:39:01.075+0000] {realtime_streaming.py:24} INFO - Data fetched successfully from API.
[2025-01-08T15:39:01.078+0000] {realtime_streaming.py:48} INFO - Data formatted successfully.
[2025-01-08T15:39:03.850+0000] {realtime_streaming.py:24} INFO - Data fetched successfully from API.
[2025-01-08T15:39:03.853+0000] {realtime_streaming.py:48} INFO - Data formatted successfully.
[2025-01-08T15:39:06.010+0000] {realtime_streaming.py:24} INFO - Data fetched successfully from API.
[2025-01-08T15:39:06.011+0000] {realtime_streaming.py:48} INFO - Data formatted successfully.
[2025-01-08T15:39:08.513+0000] {realtime_streaming.py:24} INFO - Data fetched successfully from API.
[2025-01-08T15:39:08.515+0000] {realtime_streaming.py:48} INFO - Data formatted successfully.
[2025-01-08T15:39:10.590+0000] {realtime_streaming.py:24} INFO - Data fetched successfully from API.
[2025-01-08T15:39:10.592+0000] {realtime_streaming.py:48} INFO - Data formatted successfully.
[2025-01-08T15:39:12.355+0000] {realtime_streaming.py:24} INFO - Data fetched successfully from API.
[2025-01-08T15:39:12.361+0000] {realtime_streaming.py:48} INFO - Data formatted successfully.
[2025-01-08T15:39:13.949+0000] {realtime_streaming.py:24} INFO - Data fetched successfully from API.
[2025-01-08T15:39:13.951+0000] {realtime_streaming.py:48} INFO - Data formatted successfully.
[2025-01-08T15:39:15.680+0000] {realtime_streaming.py:24} INFO - Data fetched successfully from API.
[2025-01-08T15:39:15.681+0000] {realtime_streaming.py:48} INFO - Data formatted successfully.
[2025-01-08T15:39:18.552+0000] {realtime_streaming.py:24} INFO - Data fetched successfully from API.
[2025-01-08T15:39:18.554+0000] {realtime_streaming.py:48} INFO - Data formatted successfully.
[2025-01-08T15:39:20.959+0000] {realtime_streaming.py:24} INFO - Data fetched successfully from API.
[2025-01-08T15:39:20.964+0000] {realtime_streaming.py:48} INFO - Data formatted successfully.
[2025-01-08T15:39:22.568+0000] {realtime_streaming.py:24} INFO - Data fetched successfully from API.
[2025-01-08T15:39:22.569+0000] {realtime_streaming.py:48} INFO - Data formatted successfully.
[2025-01-08T15:39:24.864+0000] {realtime_streaming.py:24} INFO - Data fetched successfully from API.
[2025-01-08T15:39:24.866+0000] {realtime_streaming.py:48} INFO - Data formatted successfully.
[2025-01-08T15:39:27.248+0000] {realtime_streaming.py:24} INFO - Data fetched successfully from API.
[2025-01-08T15:39:27.253+0000] {realtime_streaming.py:48} INFO - Data formatted successfully.
[2025-01-08T15:39:29.705+0000] {realtime_streaming.py:24} INFO - Data fetched successfully from API.
[2025-01-08T15:39:29.706+0000] {realtime_streaming.py:48} INFO - Data formatted successfully.
[2025-01-08T15:39:31.226+0000] {realtime_streaming.py:24} INFO - Data fetched successfully from API.
[2025-01-08T15:39:31.228+0000] {realtime_streaming.py:48} INFO - Data formatted successfully.
[2025-01-08T15:39:32.751+0000] {conn.py:673} INFO - <BrokerConnection node_id=1 host=broker:9092 <connected> [IPv4 ('172.18.0.10', 9092)]>: Closing connection. 
[2025-01-08T15:39:32.759+0000] {python.py:237} INFO - Done. Returned value was: None
[2025-01-08T15:39:32.766+0000] {taskinstance.py:441} INFO - ::group::Post task execution logs
[2025-01-08T15:39:32.819+0000] {taskinstance.py:1206} INFO - Marking task as SUCCESS. dag_id=realtime_user_streaming_pipeline, task_id=stream_data_from_api, run_id=manual__2025-01-08T15:37:29.512850+00:00, execution_date=20250108T153729, start_date=20250108T153731, end_date=20250108T153932
[2025-01-08T15:39:32.851+0000] {local_task_job_runner.py:243} INFO - Task exited with return code 0
[2025-01-08T15:39:32.884+0000] {taskinstance.py:3503} INFO - 0 downstream tasks scheduled from follow-on schedule check
[2025-01-08T15:39:32.886+0000] {local_task_job_runner.py:222} INFO - ::endgroup::
