[2025-01-08T15:37:36.892+0000] {local_task_job_runner.py:120} INFO - ::group::Pre task execution logs
[2025-01-08T15:37:36.936+0000] {taskinstance.py:2076} INFO - Dependencies all met for dep_context=non-requeueable deps ti=<TaskInstance: realtime_user_streaming_pipeline.stream_data_from_api manual__2025-01-08T15:37:35.233552+00:00 [queued]>
[2025-01-08T15:37:36.945+0000] {taskinstance.py:2076} INFO - Dependencies all met for dep_context=requeueable deps ti=<TaskInstance: realtime_user_streaming_pipeline.stream_data_from_api manual__2025-01-08T15:37:35.233552+00:00 [queued]>
[2025-01-08T15:37:36.945+0000] {taskinstance.py:2306} INFO - Starting attempt 1 of 4
[2025-01-08T15:37:36.954+0000] {taskinstance.py:2330} INFO - Executing <Task(PythonOperator): stream_data_from_api> on 2025-01-08 15:37:35.233552+00:00
[2025-01-08T15:37:36.973+0000] {standard_task_runner.py:90} INFO - Running: ['***', 'tasks', 'run', 'realtime_user_streaming_pipeline', 'stream_data_from_api', 'manual__2025-01-08T15:37:35.233552+00:00', '--job-id', '18', '--raw', '--subdir', 'DAGS_FOLDER/realtime_streaming.py', '--cfg-path', '/tmp/tmp3dyvu_v2']
[2025-01-08T15:37:36.977+0000] {logging_mixin.py:188} WARNING - /home/***/.local/lib/python3.12/site-packages/***/task/task_runner/standard_task_runner.py:62 DeprecationWarning: This process (pid=287) is multi-threaded, use of fork() may lead to deadlocks in the child.
[2025-01-08T15:37:36.977+0000] {standard_task_runner.py:91} INFO - Job 18: Subtask stream_data_from_api
[2025-01-08T15:37:36.978+0000] {standard_task_runner.py:64} INFO - Started process 290 to run task
[2025-01-08T15:37:37.161+0000] {task_command.py:426} INFO - Running <TaskInstance: realtime_user_streaming_pipeline.stream_data_from_api manual__2025-01-08T15:37:35.233552+00:00 [running]> on host c9d056dd0ec3
[2025-01-08T15:37:37.246+0000] {taskinstance.py:2648} INFO - Exporting env vars: AIRFLOW_CTX_DAG_OWNER='data_engineer' AIRFLOW_CTX_DAG_ID='realtime_user_streaming_pipeline' AIRFLOW_CTX_TASK_ID='stream_data_from_api' AIRFLOW_CTX_EXECUTION_DATE='2025-01-08T15:37:35.233552+00:00' AIRFLOW_CTX_TRY_NUMBER='1' AIRFLOW_CTX_DAG_RUN_ID='manual__2025-01-08T15:37:35.233552+00:00'
[2025-01-08T15:37:37.248+0000] {taskinstance.py:430} INFO - ::endgroup::
[2025-01-08T15:37:37.268+0000] {conn.py:362} INFO - <BrokerConnection node_id=bootstrap-0 host=broker:9092 <connecting> [IPv4 ('172.18.0.10', 9092)]>: connecting to broker:9092 [('172.18.0.10', 9092) IPv4]
[2025-01-08T15:37:37.269+0000] {conn.py:957} INFO - Probing node bootstrap-0 broker version
[2025-01-08T15:37:37.272+0000] {conn.py:393} INFO - <BrokerConnection node_id=bootstrap-0 host=broker:9092 <connecting> [IPv4 ('172.18.0.10', 9092)]>: Connection complete.
[2025-01-08T15:37:37.376+0000] {conn.py:1019} INFO - Broker version identified as 2.6.0
[2025-01-08T15:37:37.376+0000] {conn.py:1020} INFO - Set configuration api_version=(2, 6, 0) to skip auto check_version requests on startup
[2025-01-08T15:37:38.378+0000] {realtime_streaming.py:24} INFO - Data fetched successfully from API.
[2025-01-08T15:37:38.380+0000] {realtime_streaming.py:48} INFO - Data formatted successfully.
[2025-01-08T15:37:38.384+0000] {conn.py:362} INFO - <BrokerConnection node_id=1 host=broker:9092 <connecting> [IPv4 ('172.18.0.10', 9092)]>: connecting to broker:9092 [('172.18.0.10', 9092) IPv4]
[2025-01-08T15:37:38.385+0000] {conn.py:393} INFO - <BrokerConnection node_id=1 host=broker:9092 <connecting> [IPv4 ('172.18.0.10', 9092)]>: Connection complete.
[2025-01-08T15:37:38.385+0000] {conn.py:673} INFO - <BrokerConnection node_id=bootstrap-0 host=broker:9092 <connected> [IPv4 ('172.18.0.10', 9092)]>: Closing connection. 
[2025-01-08T15:37:40.680+0000] {realtime_streaming.py:24} INFO - Data fetched successfully from API.
[2025-01-08T15:37:40.683+0000] {realtime_streaming.py:48} INFO - Data formatted successfully.
[2025-01-08T15:37:42.003+0000] {realtime_streaming.py:24} INFO - Data fetched successfully from API.
[2025-01-08T15:37:42.005+0000] {realtime_streaming.py:48} INFO - Data formatted successfully.
[2025-01-08T15:37:44.243+0000] {realtime_streaming.py:24} INFO - Data fetched successfully from API.
[2025-01-08T15:37:44.247+0000] {realtime_streaming.py:48} INFO - Data formatted successfully.
[2025-01-08T15:37:46.919+0000] {realtime_streaming.py:24} INFO - Data fetched successfully from API.
[2025-01-08T15:37:46.920+0000] {realtime_streaming.py:48} INFO - Data formatted successfully.
[2025-01-08T15:37:48.379+0000] {realtime_streaming.py:24} INFO - Data fetched successfully from API.
[2025-01-08T15:37:48.382+0000] {realtime_streaming.py:48} INFO - Data formatted successfully.
[2025-01-08T15:37:50.671+0000] {realtime_streaming.py:24} INFO - Data fetched successfully from API.
[2025-01-08T15:37:50.673+0000] {realtime_streaming.py:48} INFO - Data formatted successfully.
[2025-01-08T15:37:53.349+0000] {realtime_streaming.py:24} INFO - Data fetched successfully from API.
[2025-01-08T15:37:53.352+0000] {realtime_streaming.py:48} INFO - Data formatted successfully.
[2025-01-08T15:37:55.466+0000] {realtime_streaming.py:24} INFO - Data fetched successfully from API.
[2025-01-08T15:37:55.468+0000] {realtime_streaming.py:48} INFO - Data formatted successfully.
[2025-01-08T15:37:57.923+0000] {realtime_streaming.py:24} INFO - Data fetched successfully from API.
[2025-01-08T15:37:57.926+0000] {realtime_streaming.py:48} INFO - Data formatted successfully.
[2025-01-08T15:38:00.359+0000] {realtime_streaming.py:24} INFO - Data fetched successfully from API.
[2025-01-08T15:38:00.366+0000] {realtime_streaming.py:48} INFO - Data formatted successfully.
[2025-01-08T15:38:02.440+0000] {realtime_streaming.py:24} INFO - Data fetched successfully from API.
[2025-01-08T15:38:02.442+0000] {realtime_streaming.py:48} INFO - Data formatted successfully.
[2025-01-08T15:38:04.006+0000] {realtime_streaming.py:24} INFO - Data fetched successfully from API.
[2025-01-08T15:38:04.008+0000] {realtime_streaming.py:48} INFO - Data formatted successfully.
[2025-01-08T15:38:06.730+0000] {realtime_streaming.py:24} INFO - Data fetched successfully from API.
[2025-01-08T15:38:06.733+0000] {realtime_streaming.py:48} INFO - Data formatted successfully.
[2025-01-08T15:38:08.497+0000] {realtime_streaming.py:24} INFO - Data fetched successfully from API.
[2025-01-08T15:38:08.499+0000] {realtime_streaming.py:48} INFO - Data formatted successfully.
[2025-01-08T15:38:10.876+0000] {realtime_streaming.py:24} INFO - Data fetched successfully from API.
[2025-01-08T15:38:10.877+0000] {realtime_streaming.py:48} INFO - Data formatted successfully.
[2025-01-08T15:38:13.287+0000] {realtime_streaming.py:24} INFO - Data fetched successfully from API.
[2025-01-08T15:38:13.289+0000] {realtime_streaming.py:48} INFO - Data formatted successfully.
[2025-01-08T15:38:15.939+0000] {realtime_streaming.py:24} INFO - Data fetched successfully from API.
[2025-01-08T15:38:15.942+0000] {realtime_streaming.py:48} INFO - Data formatted successfully.
[2025-01-08T15:38:18.075+0000] {realtime_streaming.py:24} INFO - Data fetched successfully from API.
[2025-01-08T15:38:18.077+0000] {realtime_streaming.py:48} INFO - Data formatted successfully.
[2025-01-08T15:38:19.616+0000] {realtime_streaming.py:24} INFO - Data fetched successfully from API.
[2025-01-08T15:38:19.617+0000] {realtime_streaming.py:48} INFO - Data formatted successfully.
[2025-01-08T15:38:22.435+0000] {realtime_streaming.py:24} INFO - Data fetched successfully from API.
[2025-01-08T15:38:22.438+0000] {realtime_streaming.py:48} INFO - Data formatted successfully.
[2025-01-08T15:38:24.610+0000] {realtime_streaming.py:24} INFO - Data fetched successfully from API.
[2025-01-08T15:38:24.611+0000] {realtime_streaming.py:48} INFO - Data formatted successfully.
[2025-01-08T15:38:26.722+0000] {realtime_streaming.py:24} INFO - Data fetched successfully from API.
[2025-01-08T15:38:26.725+0000] {realtime_streaming.py:48} INFO - Data formatted successfully.
[2025-01-08T15:38:28.275+0000] {realtime_streaming.py:24} INFO - Data fetched successfully from API.
[2025-01-08T15:38:28.277+0000] {realtime_streaming.py:48} INFO - Data formatted successfully.
[2025-01-08T15:38:30.530+0000] {realtime_streaming.py:24} INFO - Data fetched successfully from API.
[2025-01-08T15:38:30.533+0000] {realtime_streaming.py:48} INFO - Data formatted successfully.
[2025-01-08T15:38:32.812+0000] {realtime_streaming.py:24} INFO - Data fetched successfully from API.
[2025-01-08T15:38:32.812+0000] {realtime_streaming.py:48} INFO - Data formatted successfully.
[2025-01-08T15:38:34.614+0000] {realtime_streaming.py:24} INFO - Data fetched successfully from API.
[2025-01-08T15:38:34.616+0000] {realtime_streaming.py:48} INFO - Data formatted successfully.
[2025-01-08T15:38:37.383+0000] {realtime_streaming.py:24} INFO - Data fetched successfully from API.
[2025-01-08T15:38:37.387+0000] {realtime_streaming.py:48} INFO - Data formatted successfully.
[2025-01-08T15:38:38.901+0000] {realtime_streaming.py:24} INFO - Data fetched successfully from API.
[2025-01-08T15:38:38.907+0000] {realtime_streaming.py:48} INFO - Data formatted successfully.
[2025-01-08T15:38:40.918+0000] {realtime_streaming.py:24} INFO - Data fetched successfully from API.
[2025-01-08T15:38:40.923+0000] {realtime_streaming.py:48} INFO - Data formatted successfully.
[2025-01-08T15:38:43.232+0000] {realtime_streaming.py:24} INFO - Data fetched successfully from API.
[2025-01-08T15:38:43.233+0000] {realtime_streaming.py:48} INFO - Data formatted successfully.
[2025-01-08T15:38:45.625+0000] {realtime_streaming.py:24} INFO - Data fetched successfully from API.
[2025-01-08T15:38:45.627+0000] {realtime_streaming.py:48} INFO - Data formatted successfully.
[2025-01-08T15:38:47.535+0000] {realtime_streaming.py:24} INFO - Data fetched successfully from API.
[2025-01-08T15:38:47.537+0000] {realtime_streaming.py:48} INFO - Data formatted successfully.
[2025-01-08T15:38:49.108+0000] {realtime_streaming.py:24} INFO - Data fetched successfully from API.
[2025-01-08T15:38:49.110+0000] {realtime_streaming.py:48} INFO - Data formatted successfully.
[2025-01-08T15:38:51.347+0000] {realtime_streaming.py:24} INFO - Data fetched successfully from API.
[2025-01-08T15:38:51.349+0000] {realtime_streaming.py:48} INFO - Data formatted successfully.
[2025-01-08T15:38:53.308+0000] {realtime_streaming.py:24} INFO - Data fetched successfully from API.
[2025-01-08T15:38:53.309+0000] {realtime_streaming.py:48} INFO - Data formatted successfully.
[2025-01-08T15:38:56.095+0000] {realtime_streaming.py:24} INFO - Data fetched successfully from API.
[2025-01-08T15:38:56.097+0000] {realtime_streaming.py:48} INFO - Data formatted successfully.
[2025-01-08T15:38:58.309+0000] {realtime_streaming.py:24} INFO - Data fetched successfully from API.
[2025-01-08T15:38:58.314+0000] {realtime_streaming.py:48} INFO - Data formatted successfully.
[2025-01-08T15:39:00.600+0000] {realtime_streaming.py:24} INFO - Data fetched successfully from API.
[2025-01-08T15:39:00.603+0000] {realtime_streaming.py:48} INFO - Data formatted successfully.
[2025-01-08T15:39:03.528+0000] {realtime_streaming.py:24} INFO - Data fetched successfully from API.
[2025-01-08T15:39:03.530+0000] {realtime_streaming.py:48} INFO - Data formatted successfully.
[2025-01-08T15:39:05.034+0000] {realtime_streaming.py:24} INFO - Data fetched successfully from API.
[2025-01-08T15:39:05.034+0000] {realtime_streaming.py:48} INFO - Data formatted successfully.
[2025-01-08T15:39:06.994+0000] {realtime_streaming.py:24} INFO - Data fetched successfully from API.
[2025-01-08T15:39:06.995+0000] {realtime_streaming.py:48} INFO - Data formatted successfully.
[2025-01-08T15:39:08.951+0000] {realtime_streaming.py:24} INFO - Data fetched successfully from API.
[2025-01-08T15:39:08.953+0000] {realtime_streaming.py:48} INFO - Data formatted successfully.
[2025-01-08T15:39:10.981+0000] {realtime_streaming.py:24} INFO - Data fetched successfully from API.
[2025-01-08T15:39:10.983+0000] {realtime_streaming.py:48} INFO - Data formatted successfully.
[2025-01-08T15:39:12.626+0000] {realtime_streaming.py:24} INFO - Data fetched successfully from API.
[2025-01-08T15:39:12.627+0000] {realtime_streaming.py:48} INFO - Data formatted successfully.
[2025-01-08T15:39:14.812+0000] {realtime_streaming.py:24} INFO - Data fetched successfully from API.
[2025-01-08T15:39:14.815+0000] {realtime_streaming.py:48} INFO - Data formatted successfully.
[2025-01-08T15:39:16.882+0000] {realtime_streaming.py:24} INFO - Data fetched successfully from API.
[2025-01-08T15:39:16.887+0000] {realtime_streaming.py:48} INFO - Data formatted successfully.
[2025-01-08T15:39:18.819+0000] {realtime_streaming.py:24} INFO - Data fetched successfully from API.
[2025-01-08T15:39:18.820+0000] {realtime_streaming.py:48} INFO - Data formatted successfully.
[2025-01-08T15:39:21.410+0000] {realtime_streaming.py:24} INFO - Data fetched successfully from API.
[2025-01-08T15:39:21.412+0000] {realtime_streaming.py:48} INFO - Data formatted successfully.
[2025-01-08T15:39:23.213+0000] {realtime_streaming.py:24} INFO - Data fetched successfully from API.
[2025-01-08T15:39:23.215+0000] {realtime_streaming.py:48} INFO - Data formatted successfully.
[2025-01-08T15:39:25.771+0000] {realtime_streaming.py:24} INFO - Data fetched successfully from API.
[2025-01-08T15:39:25.772+0000] {realtime_streaming.py:48} INFO - Data formatted successfully.
[2025-01-08T15:39:28.171+0000] {realtime_streaming.py:24} INFO - Data fetched successfully from API.
[2025-01-08T15:39:28.174+0000] {realtime_streaming.py:48} INFO - Data formatted successfully.
[2025-01-08T15:39:30.711+0000] {realtime_streaming.py:24} INFO - Data fetched successfully from API.
[2025-01-08T15:39:30.712+0000] {realtime_streaming.py:48} INFO - Data formatted successfully.
[2025-01-08T15:39:32.540+0000] {realtime_streaming.py:24} INFO - Data fetched successfully from API.
[2025-01-08T15:39:32.544+0000] {realtime_streaming.py:48} INFO - Data formatted successfully.
[2025-01-08T15:39:33.718+0000] {realtime_streaming.py:24} INFO - Data fetched successfully from API.
[2025-01-08T15:39:33.726+0000] {realtime_streaming.py:48} INFO - Data formatted successfully.
[2025-01-08T15:39:35.436+0000] {realtime_streaming.py:24} INFO - Data fetched successfully from API.
[2025-01-08T15:39:35.438+0000] {realtime_streaming.py:48} INFO - Data formatted successfully.
[2025-01-08T15:39:37.023+0000] {realtime_streaming.py:24} INFO - Data fetched successfully from API.
[2025-01-08T15:39:37.023+0000] {realtime_streaming.py:48} INFO - Data formatted successfully.
[2025-01-08T15:39:37.660+0000] {conn.py:673} INFO - <BrokerConnection node_id=1 host=broker:9092 <connected> [IPv4 ('172.18.0.10', 9092)]>: Closing connection. 
[2025-01-08T15:39:37.666+0000] {python.py:237} INFO - Done. Returned value was: None
[2025-01-08T15:39:37.673+0000] {taskinstance.py:441} INFO - ::group::Post task execution logs
[2025-01-08T15:39:37.701+0000] {taskinstance.py:1206} INFO - Marking task as SUCCESS. dag_id=realtime_user_streaming_pipeline, task_id=stream_data_from_api, run_id=manual__2025-01-08T15:37:35.233552+00:00, execution_date=20250108T153735, start_date=20250108T153736, end_date=20250108T153937
[2025-01-08T15:39:37.752+0000] {local_task_job_runner.py:243} INFO - Task exited with return code 0
[2025-01-08T15:39:37.780+0000] {taskinstance.py:3503} INFO - 0 downstream tasks scheduled from follow-on schedule check
[2025-01-08T15:39:37.780+0000] {local_task_job_runner.py:222} INFO - ::endgroup::
