[2025-01-08T15:37:36.893+0000] {local_task_job_runner.py:120} INFO - ::group::Pre task execution logs
[2025-01-08T15:37:36.937+0000] {taskinstance.py:2076} INFO - Dependencies all met for dep_context=non-requeueable deps ti=<TaskInstance: realtime_user_streaming_pipeline.stream_data_from_api manual__2025-01-08T15:37:36.304711+00:00 [queued]>
[2025-01-08T15:37:36.945+0000] {taskinstance.py:2076} INFO - Dependencies all met for dep_context=requeueable deps ti=<TaskInstance: realtime_user_streaming_pipeline.stream_data_from_api manual__2025-01-08T15:37:36.304711+00:00 [queued]>
[2025-01-08T15:37:36.945+0000] {taskinstance.py:2306} INFO - Starting attempt 1 of 4
[2025-01-08T15:37:36.955+0000] {taskinstance.py:2330} INFO - Executing <Task(PythonOperator): stream_data_from_api> on 2025-01-08 15:37:36.304711+00:00
[2025-01-08T15:37:36.977+0000] {logging_mixin.py:188} WARNING - /home/***/.local/lib/python3.12/site-packages/***/task/task_runner/standard_task_runner.py:62 DeprecationWarning: This process (pid=289) is multi-threaded, use of fork() may lead to deadlocks in the child.
[2025-01-08T15:37:36.972+0000] {standard_task_runner.py:90} INFO - Running: ['***', 'tasks', 'run', 'realtime_user_streaming_pipeline', 'stream_data_from_api', 'manual__2025-01-08T15:37:36.304711+00:00', '--job-id', '19', '--raw', '--subdir', 'DAGS_FOLDER/realtime_streaming.py', '--cfg-path', '/tmp/tmpxcx0d2eo']
[2025-01-08T15:37:36.978+0000] {standard_task_runner.py:64} INFO - Started process 291 to run task
[2025-01-08T15:37:36.978+0000] {standard_task_runner.py:91} INFO - Job 19: Subtask stream_data_from_api
[2025-01-08T15:37:37.163+0000] {task_command.py:426} INFO - Running <TaskInstance: realtime_user_streaming_pipeline.stream_data_from_api manual__2025-01-08T15:37:36.304711+00:00 [running]> on host c9d056dd0ec3
[2025-01-08T15:37:37.242+0000] {taskinstance.py:2648} INFO - Exporting env vars: AIRFLOW_CTX_DAG_OWNER='data_engineer' AIRFLOW_CTX_DAG_ID='realtime_user_streaming_pipeline' AIRFLOW_CTX_TASK_ID='stream_data_from_api' AIRFLOW_CTX_EXECUTION_DATE='2025-01-08T15:37:36.304711+00:00' AIRFLOW_CTX_TRY_NUMBER='1' AIRFLOW_CTX_DAG_RUN_ID='manual__2025-01-08T15:37:36.304711+00:00'
[2025-01-08T15:37:37.248+0000] {taskinstance.py:430} INFO - ::endgroup::
[2025-01-08T15:37:37.268+0000] {conn.py:362} INFO - <BrokerConnection node_id=bootstrap-0 host=broker:9092 <connecting> [IPv4 ('172.18.0.10', 9092)]>: connecting to broker:9092 [('172.18.0.10', 9092) IPv4]
[2025-01-08T15:37:37.271+0000] {conn.py:957} INFO - Probing node bootstrap-0 broker version
[2025-01-08T15:37:37.272+0000] {conn.py:393} INFO - <BrokerConnection node_id=bootstrap-0 host=broker:9092 <connecting> [IPv4 ('172.18.0.10', 9092)]>: Connection complete.
[2025-01-08T15:37:37.376+0000] {conn.py:1019} INFO - Broker version identified as 2.6.0
[2025-01-08T15:37:37.377+0000] {conn.py:1020} INFO - Set configuration api_version=(2, 6, 0) to skip auto check_version requests on startup
[2025-01-08T15:37:38.164+0000] {realtime_streaming.py:24} INFO - Data fetched successfully from API.
[2025-01-08T15:37:38.173+0000] {realtime_streaming.py:48} INFO - Data formatted successfully.
[2025-01-08T15:37:38.180+0000] {conn.py:362} INFO - <BrokerConnection node_id=1 host=broker:9092 <connecting> [IPv4 ('172.18.0.10', 9092)]>: connecting to broker:9092 [('172.18.0.10', 9092) IPv4]
[2025-01-08T15:37:38.182+0000] {conn.py:393} INFO - <BrokerConnection node_id=1 host=broker:9092 <connecting> [IPv4 ('172.18.0.10', 9092)]>: Connection complete.
[2025-01-08T15:37:38.182+0000] {conn.py:673} INFO - <BrokerConnection node_id=bootstrap-0 host=broker:9092 <connected> [IPv4 ('172.18.0.10', 9092)]>: Closing connection. 
[2025-01-08T15:37:40.460+0000] {realtime_streaming.py:24} INFO - Data fetched successfully from API.
[2025-01-08T15:37:40.461+0000] {realtime_streaming.py:48} INFO - Data formatted successfully.
[2025-01-08T15:37:42.282+0000] {realtime_streaming.py:24} INFO - Data fetched successfully from API.
[2025-01-08T15:37:42.283+0000] {realtime_streaming.py:48} INFO - Data formatted successfully.
[2025-01-08T15:37:43.504+0000] {realtime_streaming.py:24} INFO - Data fetched successfully from API.
[2025-01-08T15:37:43.507+0000] {realtime_streaming.py:48} INFO - Data formatted successfully.
[2025-01-08T15:37:44.969+0000] {realtime_streaming.py:24} INFO - Data fetched successfully from API.
[2025-01-08T15:37:44.972+0000] {realtime_streaming.py:48} INFO - Data formatted successfully.
[2025-01-08T15:37:46.363+0000] {realtime_streaming.py:24} INFO - Data fetched successfully from API.
[2025-01-08T15:37:46.365+0000] {realtime_streaming.py:48} INFO - Data formatted successfully.
[2025-01-08T15:37:49.486+0000] {realtime_streaming.py:24} INFO - Data fetched successfully from API.
[2025-01-08T15:37:49.488+0000] {realtime_streaming.py:48} INFO - Data formatted successfully.
[2025-01-08T15:37:51.054+0000] {realtime_streaming.py:24} INFO - Data fetched successfully from API.
[2025-01-08T15:37:51.056+0000] {realtime_streaming.py:48} INFO - Data formatted successfully.
[2025-01-08T15:37:53.181+0000] {realtime_streaming.py:24} INFO - Data fetched successfully from API.
[2025-01-08T15:37:53.182+0000] {realtime_streaming.py:48} INFO - Data formatted successfully.
[2025-01-08T15:37:55.776+0000] {realtime_streaming.py:24} INFO - Data fetched successfully from API.
[2025-01-08T15:37:55.779+0000] {realtime_streaming.py:48} INFO - Data formatted successfully.
[2025-01-08T15:37:57.068+0000] {realtime_streaming.py:24} INFO - Data fetched successfully from API.
[2025-01-08T15:37:57.072+0000] {realtime_streaming.py:48} INFO - Data formatted successfully.
[2025-01-08T15:37:58.704+0000] {realtime_streaming.py:24} INFO - Data fetched successfully from API.
[2025-01-08T15:37:58.708+0000] {realtime_streaming.py:48} INFO - Data formatted successfully.
[2025-01-08T15:38:01.287+0000] {realtime_streaming.py:24} INFO - Data fetched successfully from API.
[2025-01-08T15:38:01.289+0000] {realtime_streaming.py:48} INFO - Data formatted successfully.
[2025-01-08T15:38:03.233+0000] {realtime_streaming.py:24} INFO - Data fetched successfully from API.
[2025-01-08T15:38:03.235+0000] {realtime_streaming.py:48} INFO - Data formatted successfully.
[2025-01-08T15:38:05.996+0000] {realtime_streaming.py:24} INFO - Data fetched successfully from API.
[2025-01-08T15:38:05.998+0000] {realtime_streaming.py:48} INFO - Data formatted successfully.
[2025-01-08T15:38:08.568+0000] {realtime_streaming.py:24} INFO - Data fetched successfully from API.
[2025-01-08T15:38:08.571+0000] {realtime_streaming.py:48} INFO - Data formatted successfully.
[2025-01-08T15:38:11.089+0000] {realtime_streaming.py:24} INFO - Data fetched successfully from API.
[2025-01-08T15:38:11.090+0000] {realtime_streaming.py:48} INFO - Data formatted successfully.
[2025-01-08T15:38:13.416+0000] {realtime_streaming.py:24} INFO - Data fetched successfully from API.
[2025-01-08T15:38:13.417+0000] {realtime_streaming.py:48} INFO - Data formatted successfully.
[2025-01-08T15:38:15.815+0000] {realtime_streaming.py:24} INFO - Data fetched successfully from API.
[2025-01-08T15:38:15.816+0000] {realtime_streaming.py:48} INFO - Data formatted successfully.
[2025-01-08T15:38:17.864+0000] {realtime_streaming.py:24} INFO - Data fetched successfully from API.
[2025-01-08T15:38:17.865+0000] {realtime_streaming.py:48} INFO - Data formatted successfully.
[2025-01-08T15:38:20.025+0000] {realtime_streaming.py:24} INFO - Data fetched successfully from API.
[2025-01-08T15:38:20.026+0000] {realtime_streaming.py:48} INFO - Data formatted successfully.
[2025-01-08T15:38:22.510+0000] {realtime_streaming.py:24} INFO - Data fetched successfully from API.
[2025-01-08T15:38:22.512+0000] {realtime_streaming.py:48} INFO - Data formatted successfully.
[2025-01-08T15:38:25.187+0000] {realtime_streaming.py:24} INFO - Data fetched successfully from API.
[2025-01-08T15:38:25.189+0000] {realtime_streaming.py:48} INFO - Data formatted successfully.
[2025-01-08T15:38:27.193+0000] {realtime_streaming.py:24} INFO - Data fetched successfully from API.
[2025-01-08T15:38:27.194+0000] {realtime_streaming.py:48} INFO - Data formatted successfully.
[2025-01-08T15:38:29.979+0000] {realtime_streaming.py:24} INFO - Data fetched successfully from API.
[2025-01-08T15:38:29.979+0000] {realtime_streaming.py:48} INFO - Data formatted successfully.
[2025-01-08T15:38:31.422+0000] {realtime_streaming.py:24} INFO - Data fetched successfully from API.
[2025-01-08T15:38:31.424+0000] {realtime_streaming.py:48} INFO - Data formatted successfully.
[2025-01-08T15:38:33.216+0000] {realtime_streaming.py:24} INFO - Data fetched successfully from API.
[2025-01-08T15:38:33.216+0000] {realtime_streaming.py:48} INFO - Data formatted successfully.
[2025-01-08T15:38:35.247+0000] {realtime_streaming.py:24} INFO - Data fetched successfully from API.
[2025-01-08T15:38:35.249+0000] {realtime_streaming.py:48} INFO - Data formatted successfully.
[2025-01-08T15:38:37.626+0000] {realtime_streaming.py:24} INFO - Data fetched successfully from API.
[2025-01-08T15:38:37.629+0000] {realtime_streaming.py:48} INFO - Data formatted successfully.
[2025-01-08T15:38:39.573+0000] {realtime_streaming.py:24} INFO - Data fetched successfully from API.
[2025-01-08T15:38:39.574+0000] {realtime_streaming.py:48} INFO - Data formatted successfully.
[2025-01-08T15:38:41.229+0000] {realtime_streaming.py:24} INFO - Data fetched successfully from API.
[2025-01-08T15:38:41.232+0000] {realtime_streaming.py:48} INFO - Data formatted successfully.
[2025-01-08T15:38:44.201+0000] {realtime_streaming.py:24} INFO - Data fetched successfully from API.
[2025-01-08T15:38:44.203+0000] {realtime_streaming.py:48} INFO - Data formatted successfully.
[2025-01-08T15:38:46.961+0000] {realtime_streaming.py:24} INFO - Data fetched successfully from API.
[2025-01-08T15:38:46.963+0000] {realtime_streaming.py:48} INFO - Data formatted successfully.
[2025-01-08T15:38:48.764+0000] {realtime_streaming.py:24} INFO - Data fetched successfully from API.
[2025-01-08T15:38:48.765+0000] {realtime_streaming.py:48} INFO - Data formatted successfully.
[2025-01-08T15:38:50.159+0000] {realtime_streaming.py:24} INFO - Data fetched successfully from API.
[2025-01-08T15:38:50.160+0000] {realtime_streaming.py:48} INFO - Data formatted successfully.
[2025-01-08T15:38:51.984+0000] {realtime_streaming.py:24} INFO - Data fetched successfully from API.
[2025-01-08T15:38:51.985+0000] {realtime_streaming.py:48} INFO - Data formatted successfully.
[2025-01-08T15:38:53.514+0000] {realtime_streaming.py:24} INFO - Data fetched successfully from API.
[2025-01-08T15:38:53.516+0000] {realtime_streaming.py:48} INFO - Data formatted successfully.
[2025-01-08T15:38:54.883+0000] {realtime_streaming.py:24} INFO - Data fetched successfully from API.
[2025-01-08T15:38:54.884+0000] {realtime_streaming.py:48} INFO - Data formatted successfully.
[2025-01-08T15:38:57.142+0000] {realtime_streaming.py:24} INFO - Data fetched successfully from API.
[2025-01-08T15:38:57.144+0000] {realtime_streaming.py:48} INFO - Data formatted successfully.
[2025-01-08T15:38:59.526+0000] {realtime_streaming.py:24} INFO - Data fetched successfully from API.
[2025-01-08T15:38:59.527+0000] {realtime_streaming.py:48} INFO - Data formatted successfully.
[2025-01-08T15:39:02.825+0000] {realtime_streaming.py:24} INFO - Data fetched successfully from API.
[2025-01-08T15:39:02.828+0000] {realtime_streaming.py:48} INFO - Data formatted successfully.
[2025-01-08T15:39:05.297+0000] {realtime_streaming.py:24} INFO - Data fetched successfully from API.
[2025-01-08T15:39:05.303+0000] {realtime_streaming.py:48} INFO - Data formatted successfully.
[2025-01-08T15:39:08.305+0000] {realtime_streaming.py:24} INFO - Data fetched successfully from API.
[2025-01-08T15:39:08.316+0000] {realtime_streaming.py:48} INFO - Data formatted successfully.
[2025-01-08T15:39:10.005+0000] {realtime_streaming.py:24} INFO - Data fetched successfully from API.
[2025-01-08T15:39:10.009+0000] {realtime_streaming.py:48} INFO - Data formatted successfully.
[2025-01-08T15:39:11.450+0000] {realtime_streaming.py:24} INFO - Data fetched successfully from API.
[2025-01-08T15:39:11.451+0000] {realtime_streaming.py:48} INFO - Data formatted successfully.
[2025-01-08T15:39:13.531+0000] {realtime_streaming.py:24} INFO - Data fetched successfully from API.
[2025-01-08T15:39:13.535+0000] {realtime_streaming.py:48} INFO - Data formatted successfully.
[2025-01-08T15:39:15.173+0000] {realtime_streaming.py:24} INFO - Data fetched successfully from API.
[2025-01-08T15:39:15.177+0000] {realtime_streaming.py:48} INFO - Data formatted successfully.
[2025-01-08T15:39:17.185+0000] {realtime_streaming.py:24} INFO - Data fetched successfully from API.
[2025-01-08T15:39:17.197+0000] {realtime_streaming.py:48} INFO - Data formatted successfully.
[2025-01-08T15:39:18.761+0000] {realtime_streaming.py:24} INFO - Data fetched successfully from API.
[2025-01-08T15:39:18.762+0000] {realtime_streaming.py:48} INFO - Data formatted successfully.
[2025-01-08T15:39:20.128+0000] {realtime_streaming.py:24} INFO - Data fetched successfully from API.
[2025-01-08T15:39:20.129+0000] {realtime_streaming.py:48} INFO - Data formatted successfully.
[2025-01-08T15:39:21.711+0000] {realtime_streaming.py:24} INFO - Data fetched successfully from API.
[2025-01-08T15:39:21.713+0000] {realtime_streaming.py:48} INFO - Data formatted successfully.
[2025-01-08T15:39:23.807+0000] {realtime_streaming.py:24} INFO - Data fetched successfully from API.
[2025-01-08T15:39:23.809+0000] {realtime_streaming.py:48} INFO - Data formatted successfully.
[2025-01-08T15:39:25.888+0000] {realtime_streaming.py:24} INFO - Data fetched successfully from API.
[2025-01-08T15:39:25.889+0000] {realtime_streaming.py:48} INFO - Data formatted successfully.
[2025-01-08T15:39:28.043+0000] {realtime_streaming.py:24} INFO - Data fetched successfully from API.
[2025-01-08T15:39:28.046+0000] {realtime_streaming.py:48} INFO - Data formatted successfully.
[2025-01-08T15:39:30.379+0000] {realtime_streaming.py:24} INFO - Data fetched successfully from API.
[2025-01-08T15:39:30.380+0000] {realtime_streaming.py:48} INFO - Data formatted successfully.
[2025-01-08T15:39:31.730+0000] {realtime_streaming.py:24} INFO - Data fetched successfully from API.
[2025-01-08T15:39:31.731+0000] {realtime_streaming.py:48} INFO - Data formatted successfully.
[2025-01-08T15:39:33.353+0000] {realtime_streaming.py:24} INFO - Data fetched successfully from API.
[2025-01-08T15:39:33.360+0000] {realtime_streaming.py:48} INFO - Data formatted successfully.
[2025-01-08T15:39:36.180+0000] {realtime_streaming.py:24} INFO - Data fetched successfully from API.
[2025-01-08T15:39:36.182+0000] {realtime_streaming.py:48} INFO - Data formatted successfully.
[2025-01-08T15:39:37.992+0000] {conn.py:673} INFO - <BrokerConnection node_id=1 host=broker:9092 <connected> [IPv4 ('172.18.0.10', 9092)]>: Closing connection. 
[2025-01-08T15:39:37.998+0000] {python.py:237} INFO - Done. Returned value was: None
[2025-01-08T15:39:38.003+0000] {taskinstance.py:441} INFO - ::group::Post task execution logs
[2025-01-08T15:39:38.036+0000] {taskinstance.py:1206} INFO - Marking task as SUCCESS. dag_id=realtime_user_streaming_pipeline, task_id=stream_data_from_api, run_id=manual__2025-01-08T15:37:36.304711+00:00, execution_date=20250108T153736, start_date=20250108T153736, end_date=20250108T153938
[2025-01-08T15:39:38.058+0000] {local_task_job_runner.py:243} INFO - Task exited with return code 0
[2025-01-08T15:39:38.085+0000] {taskinstance.py:3503} INFO - 0 downstream tasks scheduled from follow-on schedule check
[2025-01-08T15:39:38.086+0000] {local_task_job_runner.py:222} INFO - ::endgroup::
