[2025-01-08T14:32:23.038+0000] {local_task_job_runner.py:120} INFO - ::group::Pre task execution logs
[2025-01-08T14:32:23.054+0000] {taskinstance.py:2076} INFO - Dependencies all met for dep_context=non-requeueable deps ti=<TaskInstance: realtime_user_streaming_pipeline.stream_data_from_api scheduled__2025-01-07T00:00:00+00:00 [queued]>
[2025-01-08T14:32:23.057+0000] {taskinstance.py:2076} INFO - Dependencies all met for dep_context=requeueable deps ti=<TaskInstance: realtime_user_streaming_pipeline.stream_data_from_api scheduled__2025-01-07T00:00:00+00:00 [queued]>
[2025-01-08T14:32:23.057+0000] {taskinstance.py:2306} INFO - Starting attempt 1 of 4
[2025-01-08T14:32:23.063+0000] {taskinstance.py:2330} INFO - Executing <Task(PythonOperator): stream_data_from_api> on 2025-01-07 00:00:00+00:00
[2025-01-08T14:32:23.067+0000] {standard_task_runner.py:90} INFO - Running: ['***', 'tasks', 'run', 'realtime_user_streaming_pipeline', 'stream_data_from_api', 'scheduled__2025-01-07T00:00:00+00:00', '--job-id', '7', '--raw', '--subdir', 'DAGS_FOLDER/realtime_streaming.py', '--cfg-path', '/tmp/tmphizizzeb']
[2025-01-08T14:32:23.069+0000] {standard_task_runner.py:91} INFO - Job 7: Subtask stream_data_from_api
[2025-01-08T14:32:23.068+0000] {logging_mixin.py:188} WARNING - /home/***/.local/lib/python3.12/site-packages/***/task/task_runner/standard_task_runner.py:62 DeprecationWarning: This process (pid=215) is multi-threaded, use of fork() may lead to deadlocks in the child.
[2025-01-08T14:32:23.070+0000] {standard_task_runner.py:64} INFO - Started process 216 to run task
[2025-01-08T14:32:23.089+0000] {task_command.py:426} INFO - Running <TaskInstance: realtime_user_streaming_pipeline.stream_data_from_api scheduled__2025-01-07T00:00:00+00:00 [running]> on host dec01331c192
[2025-01-08T14:32:23.142+0000] {taskinstance.py:2648} INFO - Exporting env vars: AIRFLOW_CTX_DAG_OWNER='data_engineer' AIRFLOW_CTX_DAG_ID='realtime_user_streaming_pipeline' AIRFLOW_CTX_TASK_ID='stream_data_from_api' AIRFLOW_CTX_EXECUTION_DATE='2025-01-07T00:00:00+00:00' AIRFLOW_CTX_TRY_NUMBER='1' AIRFLOW_CTX_DAG_RUN_ID='scheduled__2025-01-07T00:00:00+00:00'
[2025-01-08T14:32:23.143+0000] {taskinstance.py:430} INFO - ::endgroup::
[2025-01-08T14:32:23.161+0000] {conn.py:362} INFO - <BrokerConnection node_id=bootstrap-0 host=broker:9092 <connecting> [IPv4 ('172.18.0.7', 9092)]>: connecting to broker:9092 [('172.18.0.7', 9092) IPv4]
[2025-01-08T14:32:23.161+0000] {conn.py:957} INFO - Probing node bootstrap-0 broker version
[2025-01-08T14:32:23.162+0000] {conn.py:393} INFO - <BrokerConnection node_id=bootstrap-0 host=broker:9092 <connecting> [IPv4 ('172.18.0.7', 9092)]>: Connection complete.
[2025-01-08T14:32:23.267+0000] {conn.py:1019} INFO - Broker version identified as 2.6.0
[2025-01-08T14:32:23.267+0000] {conn.py:1020} INFO - Set configuration api_version=(2, 6, 0) to skip auto check_version requests on startup
[2025-01-08T14:32:24.283+0000] {realtime_streaming.py:24} INFO - Data fetched successfully from API.
[2025-01-08T14:32:24.286+0000] {realtime_streaming.py:48} INFO - Data formatted successfully.
[2025-01-08T14:32:24.343+0000] {conn.py:362} INFO - <BrokerConnection node_id=1 host=broker:9092 <connecting> [IPv4 ('172.18.0.7', 9092)]>: connecting to broker:9092 [('172.18.0.7', 9092) IPv4]
[2025-01-08T14:32:24.344+0000] {conn.py:393} INFO - <BrokerConnection node_id=1 host=broker:9092 <connecting> [IPv4 ('172.18.0.7', 9092)]>: Connection complete.
[2025-01-08T14:32:24.344+0000] {conn.py:673} INFO - <BrokerConnection node_id=bootstrap-0 host=broker:9092 <connected> [IPv4 ('172.18.0.7', 9092)]>: Closing connection. 
[2025-01-08T14:32:27.747+0000] {realtime_streaming.py:24} INFO - Data fetched successfully from API.
[2025-01-08T14:32:27.751+0000] {realtime_streaming.py:48} INFO - Data formatted successfully.
[2025-01-08T14:32:29.382+0000] {realtime_streaming.py:24} INFO - Data fetched successfully from API.
[2025-01-08T14:32:29.383+0000] {realtime_streaming.py:48} INFO - Data formatted successfully.
[2025-01-08T14:32:32.150+0000] {realtime_streaming.py:24} INFO - Data fetched successfully from API.
[2025-01-08T14:32:32.152+0000] {realtime_streaming.py:48} INFO - Data formatted successfully.
[2025-01-08T14:32:34.916+0000] {realtime_streaming.py:24} INFO - Data fetched successfully from API.
[2025-01-08T14:32:34.923+0000] {realtime_streaming.py:48} INFO - Data formatted successfully.
[2025-01-08T14:32:37.681+0000] {realtime_streaming.py:24} INFO - Data fetched successfully from API.
[2025-01-08T14:32:37.685+0000] {realtime_streaming.py:48} INFO - Data formatted successfully.
[2025-01-08T14:32:40.036+0000] {realtime_streaming.py:24} INFO - Data fetched successfully from API.
[2025-01-08T14:32:40.038+0000] {realtime_streaming.py:48} INFO - Data formatted successfully.
[2025-01-08T14:32:42.256+0000] {realtime_streaming.py:24} INFO - Data fetched successfully from API.
[2025-01-08T14:32:42.257+0000] {realtime_streaming.py:48} INFO - Data formatted successfully.
[2025-01-08T14:32:44.948+0000] {realtime_streaming.py:24} INFO - Data fetched successfully from API.
[2025-01-08T14:32:44.949+0000] {realtime_streaming.py:48} INFO - Data formatted successfully.
[2025-01-08T14:32:47.620+0000] {realtime_streaming.py:24} INFO - Data fetched successfully from API.
[2025-01-08T14:32:47.625+0000] {realtime_streaming.py:48} INFO - Data formatted successfully.
[2025-01-08T14:32:49.456+0000] {realtime_streaming.py:24} INFO - Data fetched successfully from API.
[2025-01-08T14:32:49.458+0000] {realtime_streaming.py:48} INFO - Data formatted successfully.
[2025-01-08T14:32:52.124+0000] {realtime_streaming.py:24} INFO - Data fetched successfully from API.
[2025-01-08T14:32:52.128+0000] {realtime_streaming.py:48} INFO - Data formatted successfully.
[2025-01-08T14:32:54.988+0000] {realtime_streaming.py:24} INFO - Data fetched successfully from API.
[2025-01-08T14:32:54.998+0000] {realtime_streaming.py:48} INFO - Data formatted successfully.
[2025-01-08T14:32:57.404+0000] {realtime_streaming.py:24} INFO - Data fetched successfully from API.
[2025-01-08T14:32:57.410+0000] {realtime_streaming.py:48} INFO - Data formatted successfully.
[2025-01-08T14:32:59.907+0000] {realtime_streaming.py:24} INFO - Data fetched successfully from API.
[2025-01-08T14:32:59.910+0000] {realtime_streaming.py:48} INFO - Data formatted successfully.
[2025-01-08T14:33:02.871+0000] {realtime_streaming.py:24} INFO - Data fetched successfully from API.
[2025-01-08T14:33:02.873+0000] {realtime_streaming.py:48} INFO - Data formatted successfully.
[2025-01-08T14:33:04.818+0000] {realtime_streaming.py:24} INFO - Data fetched successfully from API.
[2025-01-08T14:33:04.821+0000] {realtime_streaming.py:48} INFO - Data formatted successfully.
[2025-01-08T14:33:07.275+0000] {realtime_streaming.py:24} INFO - Data fetched successfully from API.
[2025-01-08T14:33:07.276+0000] {realtime_streaming.py:48} INFO - Data formatted successfully.
[2025-01-08T14:33:08.603+0000] {realtime_streaming.py:24} INFO - Data fetched successfully from API.
[2025-01-08T14:33:08.605+0000] {realtime_streaming.py:48} INFO - Data formatted successfully.
[2025-01-08T14:33:11.678+0000] {realtime_streaming.py:24} INFO - Data fetched successfully from API.
[2025-01-08T14:33:11.682+0000] {realtime_streaming.py:48} INFO - Data formatted successfully.
[2025-01-08T14:33:14.231+0000] {realtime_streaming.py:24} INFO - Data fetched successfully from API.
[2025-01-08T14:33:14.232+0000] {realtime_streaming.py:48} INFO - Data formatted successfully.
[2025-01-08T14:33:16.636+0000] {realtime_streaming.py:24} INFO - Data fetched successfully from API.
[2025-01-08T14:33:16.638+0000] {realtime_streaming.py:48} INFO - Data formatted successfully.
[2025-01-08T14:33:19.664+0000] {realtime_streaming.py:24} INFO - Data fetched successfully from API.
[2025-01-08T14:33:19.667+0000] {realtime_streaming.py:48} INFO - Data formatted successfully.
[2025-01-08T14:33:21.505+0000] {realtime_streaming.py:24} INFO - Data fetched successfully from API.
[2025-01-08T14:33:21.508+0000] {realtime_streaming.py:48} INFO - Data formatted successfully.
[2025-01-08T14:33:23.656+0000] {realtime_streaming.py:24} INFO - Data fetched successfully from API.
[2025-01-08T14:33:23.657+0000] {realtime_streaming.py:48} INFO - Data formatted successfully.
[2025-01-08T14:33:26.321+0000] {realtime_streaming.py:24} INFO - Data fetched successfully from API.
[2025-01-08T14:33:26.328+0000] {realtime_streaming.py:48} INFO - Data formatted successfully.
[2025-01-08T14:33:29.086+0000] {realtime_streaming.py:24} INFO - Data fetched successfully from API.
[2025-01-08T14:33:29.088+0000] {realtime_streaming.py:48} INFO - Data formatted successfully.
[2025-01-08T14:33:30.721+0000] {realtime_streaming.py:24} INFO - Data fetched successfully from API.
[2025-01-08T14:33:30.722+0000] {realtime_streaming.py:48} INFO - Data formatted successfully.
[2025-01-08T14:33:33.180+0000] {realtime_streaming.py:24} INFO - Data fetched successfully from API.
[2025-01-08T14:33:33.181+0000] {realtime_streaming.py:48} INFO - Data formatted successfully.
[2025-01-08T14:33:35.949+0000] {realtime_streaming.py:24} INFO - Data fetched successfully from API.
[2025-01-08T14:33:35.952+0000] {realtime_streaming.py:48} INFO - Data formatted successfully.
[2025-01-08T14:33:38.300+0000] {realtime_streaming.py:24} INFO - Data fetched successfully from API.
[2025-01-08T14:33:38.302+0000] {realtime_streaming.py:48} INFO - Data formatted successfully.
[2025-01-08T14:33:40.386+0000] {realtime_streaming.py:24} INFO - Data fetched successfully from API.
[2025-01-08T14:33:40.387+0000] {realtime_streaming.py:48} INFO - Data formatted successfully.
[2025-01-08T14:33:42.044+0000] {realtime_streaming.py:24} INFO - Data fetched successfully from API.
[2025-01-08T14:33:42.046+0000] {realtime_streaming.py:48} INFO - Data formatted successfully.
[2025-01-08T14:33:44.545+0000] {realtime_streaming.py:24} INFO - Data fetched successfully from API.
[2025-01-08T14:33:44.547+0000] {realtime_streaming.py:48} INFO - Data formatted successfully.
[2025-01-08T14:33:47.092+0000] {realtime_streaming.py:24} INFO - Data fetched successfully from API.
[2025-01-08T14:33:47.094+0000] {realtime_streaming.py:48} INFO - Data formatted successfully.
[2025-01-08T14:33:48.966+0000] {realtime_streaming.py:24} INFO - Data fetched successfully from API.
[2025-01-08T14:33:48.969+0000] {realtime_streaming.py:48} INFO - Data formatted successfully.
[2025-01-08T14:33:51.103+0000] {realtime_streaming.py:24} INFO - Data fetched successfully from API.
[2025-01-08T14:33:51.105+0000] {realtime_streaming.py:48} INFO - Data formatted successfully.
[2025-01-08T14:33:53.685+0000] {realtime_streaming.py:24} INFO - Data fetched successfully from API.
[2025-01-08T14:33:53.687+0000] {realtime_streaming.py:48} INFO - Data formatted successfully.
[2025-01-08T14:33:55.816+0000] {realtime_streaming.py:24} INFO - Data fetched successfully from API.
[2025-01-08T14:33:55.818+0000] {realtime_streaming.py:48} INFO - Data formatted successfully.
[2025-01-08T14:33:57.552+0000] {realtime_streaming.py:24} INFO - Data fetched successfully from API.
[2025-01-08T14:33:57.554+0000] {realtime_streaming.py:48} INFO - Data formatted successfully.
[2025-01-08T14:33:59.425+0000] {realtime_streaming.py:24} INFO - Data fetched successfully from API.
[2025-01-08T14:33:59.427+0000] {realtime_streaming.py:48} INFO - Data formatted successfully.
[2025-01-08T14:34:02.265+0000] {realtime_streaming.py:24} INFO - Data fetched successfully from API.
[2025-01-08T14:34:02.268+0000] {realtime_streaming.py:48} INFO - Data formatted successfully.
[2025-01-08T14:34:03.873+0000] {realtime_streaming.py:24} INFO - Data fetched successfully from API.
[2025-01-08T14:34:03.875+0000] {realtime_streaming.py:48} INFO - Data formatted successfully.
[2025-01-08T14:34:07.526+0000] {realtime_streaming.py:24} INFO - Data fetched successfully from API.
[2025-01-08T14:34:07.530+0000] {realtime_streaming.py:48} INFO - Data formatted successfully.
[2025-01-08T14:34:09.022+0000] {realtime_streaming.py:24} INFO - Data fetched successfully from API.
[2025-01-08T14:34:09.024+0000] {realtime_streaming.py:48} INFO - Data formatted successfully.
[2025-01-08T14:34:11.377+0000] {realtime_streaming.py:24} INFO - Data fetched successfully from API.
[2025-01-08T14:34:11.379+0000] {realtime_streaming.py:48} INFO - Data formatted successfully.
[2025-01-08T14:34:13.118+0000] {realtime_streaming.py:24} INFO - Data fetched successfully from API.
[2025-01-08T14:34:13.120+0000] {realtime_streaming.py:48} INFO - Data formatted successfully.
[2025-01-08T14:34:15.678+0000] {realtime_streaming.py:24} INFO - Data fetched successfully from API.
[2025-01-08T14:34:15.680+0000] {realtime_streaming.py:48} INFO - Data formatted successfully.
[2025-01-08T14:34:19.564+0000] {realtime_streaming.py:24} INFO - Data fetched successfully from API.
[2025-01-08T14:34:19.566+0000] {realtime_streaming.py:48} INFO - Data formatted successfully.
[2025-01-08T14:34:22.128+0000] {realtime_streaming.py:24} INFO - Data fetched successfully from API.
[2025-01-08T14:34:22.134+0000] {realtime_streaming.py:48} INFO - Data formatted successfully.
[2025-01-08T14:34:23.638+0000] {conn.py:673} INFO - <BrokerConnection node_id=1 host=broker:9092 <connected> [IPv4 ('172.18.0.7', 9092)]>: Closing connection. 
[2025-01-08T14:34:23.642+0000] {python.py:237} INFO - Done. Returned value was: None
[2025-01-08T14:34:23.646+0000] {taskinstance.py:441} INFO - ::group::Post task execution logs
[2025-01-08T14:34:23.677+0000] {taskinstance.py:1206} INFO - Marking task as SUCCESS. dag_id=realtime_user_streaming_pipeline, task_id=stream_data_from_api, run_id=scheduled__2025-01-07T00:00:00+00:00, execution_date=20250107T000000, start_date=20250108T143223, end_date=20250108T143423
[2025-01-08T14:34:23.719+0000] {local_task_job_runner.py:243} INFO - Task exited with return code 0
[2025-01-08T14:34:23.747+0000] {taskinstance.py:3503} INFO - 0 downstream tasks scheduled from follow-on schedule check
[2025-01-08T14:34:23.747+0000] {local_task_job_runner.py:222} INFO - ::endgroup::
