[2025-01-08T16:00:33.509+0000] {local_task_job_runner.py:120} INFO - ::group::Pre task execution logs
[2025-01-08T16:00:33.621+0000] {taskinstance.py:2076} INFO - Dependencies all met for dep_context=non-requeueable deps ti=<TaskInstance: realtime_user_streaming_pipeline.stream_data_from_api manual__2025-01-08T16:00:32.219830+00:00 [queued]>
[2025-01-08T16:00:33.648+0000] {taskinstance.py:2076} INFO - Dependencies all met for dep_context=requeueable deps ti=<TaskInstance: realtime_user_streaming_pipeline.stream_data_from_api manual__2025-01-08T16:00:32.219830+00:00 [queued]>
[2025-01-08T16:00:33.648+0000] {taskinstance.py:2306} INFO - Starting attempt 1 of 4
[2025-01-08T16:00:33.673+0000] {taskinstance.py:2330} INFO - Executing <Task(PythonOperator): stream_data_from_api> on 2025-01-08 16:00:32.219830+00:00
[2025-01-08T16:00:33.717+0000] {standard_task_runner.py:90} INFO - Running: ['***', 'tasks', 'run', 'realtime_user_streaming_pipeline', 'stream_data_from_api', 'manual__2025-01-08T16:00:32.219830+00:00', '--job-id', '26', '--raw', '--subdir', 'DAGS_FOLDER/realtime_streaming.py', '--cfg-path', '/tmp/tmp3cnm4ywk']
[2025-01-08T16:00:33.726+0000] {logging_mixin.py:188} WARNING - /home/***/.local/lib/python3.12/site-packages/***/task/task_runner/standard_task_runner.py:62 DeprecationWarning: This process (pid=798) is multi-threaded, use of fork() may lead to deadlocks in the child.
[2025-01-08T16:00:33.732+0000] {standard_task_runner.py:91} INFO - Job 26: Subtask stream_data_from_api
[2025-01-08T16:00:33.735+0000] {standard_task_runner.py:64} INFO - Started process 803 to run task
[2025-01-08T16:00:33.961+0000] {task_command.py:426} INFO - Running <TaskInstance: realtime_user_streaming_pipeline.stream_data_from_api manual__2025-01-08T16:00:32.219830+00:00 [running]> on host c9d056dd0ec3
[2025-01-08T16:00:34.251+0000] {taskinstance.py:2648} INFO - Exporting env vars: AIRFLOW_CTX_DAG_OWNER='data_engineer' AIRFLOW_CTX_DAG_ID='realtime_user_streaming_pipeline' AIRFLOW_CTX_TASK_ID='stream_data_from_api' AIRFLOW_CTX_EXECUTION_DATE='2025-01-08T16:00:32.219830+00:00' AIRFLOW_CTX_TRY_NUMBER='1' AIRFLOW_CTX_DAG_RUN_ID='manual__2025-01-08T16:00:32.219830+00:00'
[2025-01-08T16:00:34.260+0000] {taskinstance.py:430} INFO - ::endgroup::
[2025-01-08T16:00:34.305+0000] {conn.py:362} INFO - <BrokerConnection node_id=bootstrap-0 host=broker:9092 <connecting> [IPv4 ('172.18.0.10', 9092)]>: connecting to broker:9092 [('172.18.0.10', 9092) IPv4]
[2025-01-08T16:00:34.306+0000] {conn.py:957} INFO - Probing node bootstrap-0 broker version
[2025-01-08T16:00:34.315+0000] {conn.py:393} INFO - <BrokerConnection node_id=bootstrap-0 host=broker:9092 <connecting> [IPv4 ('172.18.0.10', 9092)]>: Connection complete.
[2025-01-08T16:00:34.425+0000] {conn.py:1019} INFO - Broker version identified as 2.6.0
[2025-01-08T16:00:34.425+0000] {conn.py:1020} INFO - Set configuration api_version=(2, 6, 0) to skip auto check_version requests on startup
[2025-01-08T16:00:35.491+0000] {realtime_streaming.py:24} INFO - Data fetched successfully from API.
[2025-01-08T16:00:35.494+0000] {realtime_streaming.py:48} INFO - Data formatted successfully.
[2025-01-08T16:00:35.497+0000] {conn.py:362} INFO - <BrokerConnection node_id=1 host=broker:9092 <connecting> [IPv4 ('172.18.0.10', 9092)]>: connecting to broker:9092 [('172.18.0.10', 9092) IPv4]
[2025-01-08T16:00:35.497+0000] {conn.py:393} INFO - <BrokerConnection node_id=1 host=broker:9092 <connecting> [IPv4 ('172.18.0.10', 9092)]>: Connection complete.
[2025-01-08T16:00:35.497+0000] {conn.py:673} INFO - <BrokerConnection node_id=bootstrap-0 host=broker:9092 <connected> [IPv4 ('172.18.0.10', 9092)]>: Closing connection. 
[2025-01-08T16:00:37.214+0000] {realtime_streaming.py:24} INFO - Data fetched successfully from API.
[2025-01-08T16:00:37.215+0000] {realtime_streaming.py:48} INFO - Data formatted successfully.
[2025-01-08T16:00:39.167+0000] {realtime_streaming.py:24} INFO - Data fetched successfully from API.
[2025-01-08T16:00:39.169+0000] {realtime_streaming.py:48} INFO - Data formatted successfully.
[2025-01-08T16:00:40.533+0000] {realtime_streaming.py:24} INFO - Data fetched successfully from API.
[2025-01-08T16:00:40.534+0000] {realtime_streaming.py:48} INFO - Data formatted successfully.
[2025-01-08T16:00:41.830+0000] {realtime_streaming.py:24} INFO - Data fetched successfully from API.
[2025-01-08T16:00:41.831+0000] {realtime_streaming.py:48} INFO - Data formatted successfully.
[2025-01-08T16:00:44.662+0000] {realtime_streaming.py:24} INFO - Data fetched successfully from API.
[2025-01-08T16:00:44.685+0000] {realtime_streaming.py:48} INFO - Data formatted successfully.
[2025-01-08T16:00:46.622+0000] {realtime_streaming.py:24} INFO - Data fetched successfully from API.
[2025-01-08T16:00:46.624+0000] {realtime_streaming.py:48} INFO - Data formatted successfully.
[2025-01-08T16:00:48.735+0000] {realtime_streaming.py:24} INFO - Data fetched successfully from API.
[2025-01-08T16:00:48.737+0000] {realtime_streaming.py:48} INFO - Data formatted successfully.
[2025-01-08T16:00:50.469+0000] {realtime_streaming.py:24} INFO - Data fetched successfully from API.
[2025-01-08T16:00:50.477+0000] {realtime_streaming.py:48} INFO - Data formatted successfully.
[2025-01-08T16:00:52.262+0000] {realtime_streaming.py:24} INFO - Data fetched successfully from API.
[2025-01-08T16:00:52.269+0000] {realtime_streaming.py:48} INFO - Data formatted successfully.
[2025-01-08T16:00:53.712+0000] {realtime_streaming.py:24} INFO - Data fetched successfully from API.
[2025-01-08T16:00:53.718+0000] {realtime_streaming.py:48} INFO - Data formatted successfully.
[2025-01-08T16:00:55.661+0000] {realtime_streaming.py:24} INFO - Data fetched successfully from API.
[2025-01-08T16:00:55.664+0000] {realtime_streaming.py:48} INFO - Data formatted successfully.
[2025-01-08T16:00:57.821+0000] {realtime_streaming.py:24} INFO - Data fetched successfully from API.
[2025-01-08T16:00:57.832+0000] {realtime_streaming.py:48} INFO - Data formatted successfully.
[2025-01-08T16:01:00.221+0000] {realtime_streaming.py:24} INFO - Data fetched successfully from API.
[2025-01-08T16:01:00.223+0000] {realtime_streaming.py:48} INFO - Data formatted successfully.
[2025-01-08T16:01:03.171+0000] {realtime_streaming.py:24} INFO - Data fetched successfully from API.
[2025-01-08T16:01:03.174+0000] {realtime_streaming.py:48} INFO - Data formatted successfully.
[2025-01-08T16:01:05.930+0000] {realtime_streaming.py:24} INFO - Data fetched successfully from API.
[2025-01-08T16:01:05.937+0000] {realtime_streaming.py:48} INFO - Data formatted successfully.
[2025-01-08T16:01:08.433+0000] {realtime_streaming.py:24} INFO - Data fetched successfully from API.
[2025-01-08T16:01:08.444+0000] {realtime_streaming.py:48} INFO - Data formatted successfully.
[2025-01-08T16:01:10.709+0000] {realtime_streaming.py:24} INFO - Data fetched successfully from API.
[2025-01-08T16:01:10.714+0000] {realtime_streaming.py:48} INFO - Data formatted successfully.
[2025-01-08T16:01:13.488+0000] {realtime_streaming.py:24} INFO - Data fetched successfully from API.
[2025-01-08T16:01:13.492+0000] {realtime_streaming.py:48} INFO - Data formatted successfully.
[2025-01-08T16:01:18.208+0000] {realtime_streaming.py:24} INFO - Data fetched successfully from API.
[2025-01-08T16:01:18.210+0000] {realtime_streaming.py:48} INFO - Data formatted successfully.
[2025-01-08T16:01:20.884+0000] {realtime_streaming.py:24} INFO - Data fetched successfully from API.
[2025-01-08T16:01:20.885+0000] {realtime_streaming.py:48} INFO - Data formatted successfully.
[2025-01-08T16:01:22.402+0000] {realtime_streaming.py:24} INFO - Data fetched successfully from API.
[2025-01-08T16:01:22.404+0000] {realtime_streaming.py:48} INFO - Data formatted successfully.
[2025-01-08T16:01:23.849+0000] {realtime_streaming.py:24} INFO - Data fetched successfully from API.
[2025-01-08T16:01:23.851+0000] {realtime_streaming.py:48} INFO - Data formatted successfully.
[2025-01-08T16:01:25.741+0000] {realtime_streaming.py:24} INFO - Data fetched successfully from API.
[2025-01-08T16:01:25.742+0000] {realtime_streaming.py:48} INFO - Data formatted successfully.
[2025-01-08T16:01:27.115+0000] {realtime_streaming.py:24} INFO - Data fetched successfully from API.
[2025-01-08T16:01:27.116+0000] {realtime_streaming.py:48} INFO - Data formatted successfully.
[2025-01-08T16:01:29.128+0000] {realtime_streaming.py:24} INFO - Data fetched successfully from API.
[2025-01-08T16:01:29.130+0000] {realtime_streaming.py:48} INFO - Data formatted successfully.
[2025-01-08T16:01:31.973+0000] {realtime_streaming.py:24} INFO - Data fetched successfully from API.
[2025-01-08T16:01:31.975+0000] {realtime_streaming.py:48} INFO - Data formatted successfully.
[2025-01-08T16:01:33.933+0000] {realtime_streaming.py:24} INFO - Data fetched successfully from API.
[2025-01-08T16:01:33.935+0000] {realtime_streaming.py:48} INFO - Data formatted successfully.
[2025-01-08T16:01:36.726+0000] {realtime_streaming.py:24} INFO - Data fetched successfully from API.
[2025-01-08T16:01:36.728+0000] {realtime_streaming.py:48} INFO - Data formatted successfully.
[2025-01-08T16:01:39.079+0000] {realtime_streaming.py:24} INFO - Data fetched successfully from API.
[2025-01-08T16:01:39.087+0000] {realtime_streaming.py:48} INFO - Data formatted successfully.
[2025-01-08T16:01:40.598+0000] {realtime_streaming.py:24} INFO - Data fetched successfully from API.
[2025-01-08T16:01:40.600+0000] {realtime_streaming.py:48} INFO - Data formatted successfully.
[2025-01-08T16:01:42.159+0000] {realtime_streaming.py:24} INFO - Data fetched successfully from API.
[2025-01-08T16:01:42.161+0000] {realtime_streaming.py:48} INFO - Data formatted successfully.
[2025-01-08T16:01:43.533+0000] {realtime_streaming.py:24} INFO - Data fetched successfully from API.
[2025-01-08T16:01:43.536+0000] {realtime_streaming.py:48} INFO - Data formatted successfully.
[2025-01-08T16:01:45.383+0000] {realtime_streaming.py:24} INFO - Data fetched successfully from API.
[2025-01-08T16:01:45.386+0000] {realtime_streaming.py:48} INFO - Data formatted successfully.
[2025-01-08T16:01:47.387+0000] {realtime_streaming.py:24} INFO - Data fetched successfully from API.
[2025-01-08T16:01:47.393+0000] {realtime_streaming.py:48} INFO - Data formatted successfully.
[2025-01-08T16:01:49.669+0000] {realtime_streaming.py:24} INFO - Data fetched successfully from API.
[2025-01-08T16:01:49.670+0000] {realtime_streaming.py:48} INFO - Data formatted successfully.
[2025-01-08T16:01:52.099+0000] {realtime_streaming.py:24} INFO - Data fetched successfully from API.
[2025-01-08T16:01:52.100+0000] {realtime_streaming.py:48} INFO - Data formatted successfully.
[2025-01-08T16:01:55.031+0000] {realtime_streaming.py:24} INFO - Data fetched successfully from API.
[2025-01-08T16:01:55.034+0000] {realtime_streaming.py:48} INFO - Data formatted successfully.
[2025-01-08T16:01:56.798+0000] {realtime_streaming.py:24} INFO - Data fetched successfully from API.
[2025-01-08T16:01:56.806+0000] {realtime_streaming.py:48} INFO - Data formatted successfully.
[2025-01-08T16:01:58.735+0000] {realtime_streaming.py:24} INFO - Data fetched successfully from API.
[2025-01-08T16:01:58.737+0000] {realtime_streaming.py:48} INFO - Data formatted successfully.
[2025-01-08T16:02:02.351+0000] {realtime_streaming.py:24} INFO - Data fetched successfully from API.
[2025-01-08T16:02:02.354+0000] {realtime_streaming.py:48} INFO - Data formatted successfully.
[2025-01-08T16:02:04.112+0000] {realtime_streaming.py:24} INFO - Data fetched successfully from API.
[2025-01-08T16:02:04.118+0000] {realtime_streaming.py:48} INFO - Data formatted successfully.
[2025-01-08T16:02:06.212+0000] {realtime_streaming.py:24} INFO - Data fetched successfully from API.
[2025-01-08T16:02:06.214+0000] {realtime_streaming.py:48} INFO - Data formatted successfully.
[2025-01-08T16:02:09.350+0000] {realtime_streaming.py:24} INFO - Data fetched successfully from API.
[2025-01-08T16:02:09.352+0000] {realtime_streaming.py:48} INFO - Data formatted successfully.
[2025-01-08T16:02:11.411+0000] {realtime_streaming.py:24} INFO - Data fetched successfully from API.
[2025-01-08T16:02:11.412+0000] {realtime_streaming.py:48} INFO - Data formatted successfully.
[2025-01-08T16:02:13.094+0000] {realtime_streaming.py:24} INFO - Data fetched successfully from API.
[2025-01-08T16:02:13.095+0000] {realtime_streaming.py:48} INFO - Data formatted successfully.
[2025-01-08T16:02:15.086+0000] {realtime_streaming.py:24} INFO - Data fetched successfully from API.
[2025-01-08T16:02:15.088+0000] {realtime_streaming.py:48} INFO - Data formatted successfully.
[2025-01-08T16:02:16.616+0000] {realtime_streaming.py:24} INFO - Data fetched successfully from API.
[2025-01-08T16:02:16.622+0000] {realtime_streaming.py:48} INFO - Data formatted successfully.
[2025-01-08T16:02:18.896+0000] {realtime_streaming.py:24} INFO - Data fetched successfully from API.
[2025-01-08T16:02:18.898+0000] {realtime_streaming.py:48} INFO - Data formatted successfully.
[2025-01-08T16:02:20.865+0000] {realtime_streaming.py:24} INFO - Data fetched successfully from API.
[2025-01-08T16:02:20.866+0000] {realtime_streaming.py:48} INFO - Data formatted successfully.
[2025-01-08T16:02:22.334+0000] {realtime_streaming.py:24} INFO - Data fetched successfully from API.
[2025-01-08T16:02:22.338+0000] {realtime_streaming.py:48} INFO - Data formatted successfully.
[2025-01-08T16:02:24.464+0000] {realtime_streaming.py:24} INFO - Data fetched successfully from API.
[2025-01-08T16:02:24.466+0000] {realtime_streaming.py:48} INFO - Data formatted successfully.
[2025-01-08T16:02:26.624+0000] {realtime_streaming.py:24} INFO - Data fetched successfully from API.
[2025-01-08T16:02:26.627+0000] {realtime_streaming.py:48} INFO - Data formatted successfully.
[2025-01-08T16:02:28.162+0000] {realtime_streaming.py:24} INFO - Data fetched successfully from API.
[2025-01-08T16:02:28.164+0000] {realtime_streaming.py:48} INFO - Data formatted successfully.
[2025-01-08T16:02:29.968+0000] {realtime_streaming.py:24} INFO - Data fetched successfully from API.
[2025-01-08T16:02:29.969+0000] {realtime_streaming.py:48} INFO - Data formatted successfully.
[2025-01-08T16:02:31.839+0000] {realtime_streaming.py:24} INFO - Data fetched successfully from API.
[2025-01-08T16:02:31.842+0000] {realtime_streaming.py:48} INFO - Data formatted successfully.
[2025-01-08T16:02:34.369+0000] {realtime_streaming.py:24} INFO - Data fetched successfully from API.
[2025-01-08T16:02:34.371+0000] {realtime_streaming.py:48} INFO - Data formatted successfully.
[2025-01-08T16:02:35.940+0000] {conn.py:673} INFO - <BrokerConnection node_id=1 host=broker:9092 <connected> [IPv4 ('172.18.0.10', 9092)]>: Closing connection. 
[2025-01-08T16:02:35.946+0000] {python.py:237} INFO - Done. Returned value was: None
[2025-01-08T16:02:35.950+0000] {taskinstance.py:441} INFO - ::group::Post task execution logs
[2025-01-08T16:02:35.984+0000] {taskinstance.py:1206} INFO - Marking task as SUCCESS. dag_id=realtime_user_streaming_pipeline, task_id=stream_data_from_api, run_id=manual__2025-01-08T16:00:32.219830+00:00, execution_date=20250108T160032, start_date=20250108T160033, end_date=20250108T160235
[2025-01-08T16:02:36.039+0000] {local_task_job_runner.py:243} INFO - Task exited with return code 0
[2025-01-08T16:02:36.064+0000] {taskinstance.py:3503} INFO - 0 downstream tasks scheduled from follow-on schedule check
[2025-01-08T16:02:36.065+0000] {local_task_job_runner.py:222} INFO - ::endgroup::
