[2025-01-08T16:00:32.890+0000] {local_task_job_runner.py:120} INFO - ::group::Pre task execution logs
[2025-01-08T16:00:33.223+0000] {taskinstance.py:2076} INFO - Dependencies all met for dep_context=non-requeueable deps ti=<TaskInstance: realtime_user_streaming_pipeline.stream_data_from_api manual__2025-01-08T16:00:31.384511+00:00 [queued]>
[2025-01-08T16:00:33.263+0000] {taskinstance.py:2076} INFO - Dependencies all met for dep_context=requeueable deps ti=<TaskInstance: realtime_user_streaming_pipeline.stream_data_from_api manual__2025-01-08T16:00:31.384511+00:00 [queued]>
[2025-01-08T16:00:33.264+0000] {taskinstance.py:2306} INFO - Starting attempt 1 of 4
[2025-01-08T16:00:33.304+0000] {taskinstance.py:2330} INFO - Executing <Task(PythonOperator): stream_data_from_api> on 2025-01-08 16:00:31.384511+00:00
[2025-01-08T16:00:33.347+0000] {logging_mixin.py:188} WARNING - /home/***/.local/lib/python3.12/site-packages/***/task/task_runner/standard_task_runner.py:62 DeprecationWarning: This process (pid=793) is multi-threaded, use of fork() may lead to deadlocks in the child.
[2025-01-08T16:00:33.355+0000] {standard_task_runner.py:64} INFO - Started process 799 to run task
[2025-01-08T16:00:33.370+0000] {standard_task_runner.py:90} INFO - Running: ['***', 'tasks', 'run', 'realtime_user_streaming_pipeline', 'stream_data_from_api', 'manual__2025-01-08T16:00:31.384511+00:00', '--job-id', '22', '--raw', '--subdir', 'DAGS_FOLDER/realtime_streaming.py', '--cfg-path', '/tmp/tmpo39au5qi']
[2025-01-08T16:00:33.386+0000] {standard_task_runner.py:91} INFO - Job 22: Subtask stream_data_from_api
[2025-01-08T16:00:33.653+0000] {task_command.py:426} INFO - Running <TaskInstance: realtime_user_streaming_pipeline.stream_data_from_api manual__2025-01-08T16:00:31.384511+00:00 [running]> on host c9d056dd0ec3
[2025-01-08T16:00:33.973+0000] {taskinstance.py:2648} INFO - Exporting env vars: AIRFLOW_CTX_DAG_OWNER='data_engineer' AIRFLOW_CTX_DAG_ID='realtime_user_streaming_pipeline' AIRFLOW_CTX_TASK_ID='stream_data_from_api' AIRFLOW_CTX_EXECUTION_DATE='2025-01-08T16:00:31.384511+00:00' AIRFLOW_CTX_TRY_NUMBER='1' AIRFLOW_CTX_DAG_RUN_ID='manual__2025-01-08T16:00:31.384511+00:00'
[2025-01-08T16:00:33.977+0000] {taskinstance.py:430} INFO - ::endgroup::
[2025-01-08T16:00:34.052+0000] {conn.py:362} INFO - <BrokerConnection node_id=bootstrap-0 host=broker:9092 <connecting> [IPv4 ('172.18.0.10', 9092)]>: connecting to broker:9092 [('172.18.0.10', 9092) IPv4]
[2025-01-08T16:00:34.054+0000] {conn.py:957} INFO - Probing node bootstrap-0 broker version
[2025-01-08T16:00:34.058+0000] {conn.py:393} INFO - <BrokerConnection node_id=bootstrap-0 host=broker:9092 <connecting> [IPv4 ('172.18.0.10', 9092)]>: Connection complete.
[2025-01-08T16:00:34.188+0000] {conn.py:1019} INFO - Broker version identified as 2.6.0
[2025-01-08T16:00:34.190+0000] {conn.py:1020} INFO - Set configuration api_version=(2, 6, 0) to skip auto check_version requests on startup
[2025-01-08T16:00:35.416+0000] {realtime_streaming.py:24} INFO - Data fetched successfully from API.
[2025-01-08T16:00:35.417+0000] {realtime_streaming.py:48} INFO - Data formatted successfully.
[2025-01-08T16:00:35.420+0000] {conn.py:362} INFO - <BrokerConnection node_id=1 host=broker:9092 <connecting> [IPv4 ('172.18.0.10', 9092)]>: connecting to broker:9092 [('172.18.0.10', 9092) IPv4]
[2025-01-08T16:00:35.421+0000] {conn.py:393} INFO - <BrokerConnection node_id=1 host=broker:9092 <connecting> [IPv4 ('172.18.0.10', 9092)]>: Connection complete.
[2025-01-08T16:00:35.421+0000] {conn.py:673} INFO - <BrokerConnection node_id=bootstrap-0 host=broker:9092 <connected> [IPv4 ('172.18.0.10', 9092)]>: Closing connection. 
[2025-01-08T16:00:37.289+0000] {realtime_streaming.py:24} INFO - Data fetched successfully from API.
[2025-01-08T16:00:37.292+0000] {realtime_streaming.py:48} INFO - Data formatted successfully.
[2025-01-08T16:00:39.670+0000] {realtime_streaming.py:24} INFO - Data fetched successfully from API.
[2025-01-08T16:00:39.676+0000] {realtime_streaming.py:48} INFO - Data formatted successfully.
[2025-01-08T16:00:41.930+0000] {realtime_streaming.py:24} INFO - Data fetched successfully from API.
[2025-01-08T16:00:41.932+0000] {realtime_streaming.py:48} INFO - Data formatted successfully.
[2025-01-08T16:00:43.780+0000] {realtime_streaming.py:24} INFO - Data fetched successfully from API.
[2025-01-08T16:00:43.802+0000] {realtime_streaming.py:48} INFO - Data formatted successfully.
[2025-01-08T16:00:46.383+0000] {realtime_streaming.py:24} INFO - Data fetched successfully from API.
[2025-01-08T16:00:46.391+0000] {realtime_streaming.py:48} INFO - Data formatted successfully.
[2025-01-08T16:00:48.526+0000] {realtime_streaming.py:24} INFO - Data fetched successfully from API.
[2025-01-08T16:00:48.534+0000] {realtime_streaming.py:48} INFO - Data formatted successfully.
[2025-01-08T16:00:51.033+0000] {realtime_streaming.py:24} INFO - Data fetched successfully from API.
[2025-01-08T16:00:51.035+0000] {realtime_streaming.py:48} INFO - Data formatted successfully.
[2025-01-08T16:00:53.608+0000] {realtime_streaming.py:24} INFO - Data fetched successfully from API.
[2025-01-08T16:00:53.611+0000] {realtime_streaming.py:48} INFO - Data formatted successfully.
[2025-01-08T16:00:54.939+0000] {realtime_streaming.py:24} INFO - Data fetched successfully from API.
[2025-01-08T16:00:54.941+0000] {realtime_streaming.py:48} INFO - Data formatted successfully.
[2025-01-08T16:00:57.719+0000] {realtime_streaming.py:24} INFO - Data fetched successfully from API.
[2025-01-08T16:00:57.732+0000] {realtime_streaming.py:48} INFO - Data formatted successfully.
[2025-01-08T16:01:00.336+0000] {realtime_streaming.py:24} INFO - Data fetched successfully from API.
[2025-01-08T16:01:00.338+0000] {realtime_streaming.py:48} INFO - Data formatted successfully.
[2025-01-08T16:01:03.344+0000] {realtime_streaming.py:24} INFO - Data fetched successfully from API.
[2025-01-08T16:01:03.349+0000] {realtime_streaming.py:48} INFO - Data formatted successfully.
[2025-01-08T16:01:05.517+0000] {realtime_streaming.py:24} INFO - Data fetched successfully from API.
[2025-01-08T16:01:05.521+0000] {realtime_streaming.py:48} INFO - Data formatted successfully.
[2025-01-08T16:01:07.186+0000] {realtime_streaming.py:24} INFO - Data fetched successfully from API.
[2025-01-08T16:01:07.189+0000] {realtime_streaming.py:48} INFO - Data formatted successfully.
[2025-01-08T16:01:10.198+0000] {realtime_streaming.py:24} INFO - Data fetched successfully from API.
[2025-01-08T16:01:10.201+0000] {realtime_streaming.py:48} INFO - Data formatted successfully.
[2025-01-08T16:01:12.286+0000] {realtime_streaming.py:24} INFO - Data fetched successfully from API.
[2025-01-08T16:01:12.289+0000] {realtime_streaming.py:48} INFO - Data formatted successfully.
[2025-01-08T16:01:18.035+0000] {realtime_streaming.py:24} INFO - Data fetched successfully from API.
[2025-01-08T16:01:18.039+0000] {realtime_streaming.py:48} INFO - Data formatted successfully.
[2025-01-08T16:01:20.784+0000] {realtime_streaming.py:24} INFO - Data fetched successfully from API.
[2025-01-08T16:01:20.786+0000] {realtime_streaming.py:48} INFO - Data formatted successfully.
[2025-01-08T16:01:22.977+0000] {realtime_streaming.py:24} INFO - Data fetched successfully from API.
[2025-01-08T16:01:22.980+0000] {realtime_streaming.py:48} INFO - Data formatted successfully.
[2025-01-08T16:01:24.371+0000] {realtime_streaming.py:24} INFO - Data fetched successfully from API.
[2025-01-08T16:01:24.374+0000] {realtime_streaming.py:48} INFO - Data formatted successfully.
[2025-01-08T16:01:25.513+0000] {realtime_streaming.py:24} INFO - Data fetched successfully from API.
[2025-01-08T16:01:25.514+0000] {realtime_streaming.py:48} INFO - Data formatted successfully.
[2025-01-08T16:01:27.841+0000] {realtime_streaming.py:24} INFO - Data fetched successfully from API.
[2025-01-08T16:01:27.843+0000] {realtime_streaming.py:48} INFO - Data formatted successfully.
[2025-01-08T16:01:30.211+0000] {realtime_streaming.py:24} INFO - Data fetched successfully from API.
[2025-01-08T16:01:30.214+0000] {realtime_streaming.py:48} INFO - Data formatted successfully.
[2025-01-08T16:01:32.727+0000] {realtime_streaming.py:24} INFO - Data fetched successfully from API.
[2025-01-08T16:01:32.730+0000] {realtime_streaming.py:48} INFO - Data formatted successfully.
[2025-01-08T16:01:34.658+0000] {realtime_streaming.py:24} INFO - Data fetched successfully from API.
[2025-01-08T16:01:34.675+0000] {realtime_streaming.py:48} INFO - Data formatted successfully.
[2025-01-08T16:01:37.063+0000] {realtime_streaming.py:24} INFO - Data fetched successfully from API.
[2025-01-08T16:01:37.065+0000] {realtime_streaming.py:48} INFO - Data formatted successfully.
[2025-01-08T16:01:38.910+0000] {realtime_streaming.py:24} INFO - Data fetched successfully from API.
[2025-01-08T16:01:38.913+0000] {realtime_streaming.py:48} INFO - Data formatted successfully.
[2025-01-08T16:01:41.551+0000] {realtime_streaming.py:24} INFO - Data fetched successfully from API.
[2025-01-08T16:01:41.553+0000] {realtime_streaming.py:48} INFO - Data formatted successfully.
[2025-01-08T16:01:43.059+0000] {realtime_streaming.py:24} INFO - Data fetched successfully from API.
[2025-01-08T16:01:43.061+0000] {realtime_streaming.py:48} INFO - Data formatted successfully.
[2025-01-08T16:01:45.884+0000] {realtime_streaming.py:24} INFO - Data fetched successfully from API.
[2025-01-08T16:01:45.886+0000] {realtime_streaming.py:48} INFO - Data formatted successfully.
[2025-01-08T16:01:47.555+0000] {realtime_streaming.py:24} INFO - Data fetched successfully from API.
[2025-01-08T16:01:47.558+0000] {realtime_streaming.py:48} INFO - Data formatted successfully.
[2025-01-08T16:01:50.107+0000] {realtime_streaming.py:24} INFO - Data fetched successfully from API.
[2025-01-08T16:01:50.111+0000] {realtime_streaming.py:48} INFO - Data formatted successfully.
[2025-01-08T16:01:51.793+0000] {realtime_streaming.py:24} INFO - Data fetched successfully from API.
[2025-01-08T16:01:51.796+0000] {realtime_streaming.py:48} INFO - Data formatted successfully.
[2025-01-08T16:01:53.794+0000] {realtime_streaming.py:24} INFO - Data fetched successfully from API.
[2025-01-08T16:01:53.797+0000] {realtime_streaming.py:48} INFO - Data formatted successfully.
[2025-01-08T16:01:56.174+0000] {realtime_streaming.py:24} INFO - Data fetched successfully from API.
[2025-01-08T16:01:56.176+0000] {realtime_streaming.py:48} INFO - Data formatted successfully.
[2025-01-08T16:01:58.925+0000] {realtime_streaming.py:24} INFO - Data fetched successfully from API.
[2025-01-08T16:01:58.928+0000] {realtime_streaming.py:48} INFO - Data formatted successfully.
[2025-01-08T16:02:02.410+0000] {realtime_streaming.py:24} INFO - Data fetched successfully from API.
[2025-01-08T16:02:02.415+0000] {realtime_streaming.py:48} INFO - Data formatted successfully.
[2025-01-08T16:02:04.766+0000] {realtime_streaming.py:24} INFO - Data fetched successfully from API.
[2025-01-08T16:02:04.768+0000] {realtime_streaming.py:48} INFO - Data formatted successfully.
[2025-01-08T16:02:09.086+0000] {realtime_streaming.py:24} INFO - Data fetched successfully from API.
[2025-01-08T16:02:09.094+0000] {realtime_streaming.py:48} INFO - Data formatted successfully.
[2025-01-08T16:02:10.939+0000] {realtime_streaming.py:24} INFO - Data fetched successfully from API.
[2025-01-08T16:02:10.941+0000] {realtime_streaming.py:48} INFO - Data formatted successfully.
[2025-01-08T16:02:13.456+0000] {realtime_streaming.py:24} INFO - Data fetched successfully from API.
[2025-01-08T16:02:13.459+0000] {realtime_streaming.py:48} INFO - Data formatted successfully.
[2025-01-08T16:02:14.989+0000] {realtime_streaming.py:24} INFO - Data fetched successfully from API.
[2025-01-08T16:02:14.990+0000] {realtime_streaming.py:48} INFO - Data formatted successfully.
[2025-01-08T16:02:17.719+0000] {realtime_streaming.py:24} INFO - Data fetched successfully from API.
[2025-01-08T16:02:17.722+0000] {realtime_streaming.py:48} INFO - Data formatted successfully.
[2025-01-08T16:02:19.259+0000] {realtime_streaming.py:24} INFO - Data fetched successfully from API.
[2025-01-08T16:02:19.266+0000] {realtime_streaming.py:48} INFO - Data formatted successfully.
[2025-01-08T16:02:21.892+0000] {realtime_streaming.py:24} INFO - Data fetched successfully from API.
[2025-01-08T16:02:21.898+0000] {realtime_streaming.py:48} INFO - Data formatted successfully.
[2025-01-08T16:02:24.275+0000] {realtime_streaming.py:24} INFO - Data fetched successfully from API.
[2025-01-08T16:02:24.279+0000] {realtime_streaming.py:48} INFO - Data formatted successfully.
[2025-01-08T16:02:26.662+0000] {realtime_streaming.py:24} INFO - Data fetched successfully from API.
[2025-01-08T16:02:26.665+0000] {realtime_streaming.py:48} INFO - Data formatted successfully.
[2025-01-08T16:02:28.067+0000] {realtime_streaming.py:24} INFO - Data fetched successfully from API.
[2025-01-08T16:02:28.070+0000] {realtime_streaming.py:48} INFO - Data formatted successfully.
[2025-01-08T16:02:29.650+0000] {realtime_streaming.py:24} INFO - Data fetched successfully from API.
[2025-01-08T16:02:29.657+0000] {realtime_streaming.py:48} INFO - Data formatted successfully.
[2025-01-08T16:02:32.126+0000] {realtime_streaming.py:24} INFO - Data fetched successfully from API.
[2025-01-08T16:02:32.135+0000] {realtime_streaming.py:48} INFO - Data formatted successfully.
[2025-01-08T16:02:33.633+0000] {realtime_streaming.py:24} INFO - Data fetched successfully from API.
[2025-01-08T16:02:33.636+0000] {realtime_streaming.py:48} INFO - Data formatted successfully.
[2025-01-08T16:02:35.278+0000] {conn.py:673} INFO - <BrokerConnection node_id=1 host=broker:9092 <connected> [IPv4 ('172.18.0.10', 9092)]>: Closing connection. 
[2025-01-08T16:02:35.289+0000] {python.py:237} INFO - Done. Returned value was: None
[2025-01-08T16:02:35.293+0000] {taskinstance.py:441} INFO - ::group::Post task execution logs
[2025-01-08T16:02:35.393+0000] {taskinstance.py:1206} INFO - Marking task as SUCCESS. dag_id=realtime_user_streaming_pipeline, task_id=stream_data_from_api, run_id=manual__2025-01-08T16:00:31.384511+00:00, execution_date=20250108T160031, start_date=20250108T160033, end_date=20250108T160235
[2025-01-08T16:02:35.459+0000] {local_task_job_runner.py:243} INFO - Task exited with return code 0
[2025-01-08T16:02:35.503+0000] {taskinstance.py:3503} INFO - 0 downstream tasks scheduled from follow-on schedule check
[2025-01-08T16:02:35.504+0000] {local_task_job_runner.py:222} INFO - ::endgroup::
