[2025-01-08T15:37:34.945+0000] {local_task_job_runner.py:120} INFO - ::group::Pre task execution logs
[2025-01-08T15:37:34.971+0000] {taskinstance.py:2076} INFO - Dependencies all met for dep_context=non-requeueable deps ti=<TaskInstance: realtime_user_streaming_pipeline.stream_data_from_api manual__2025-01-08T15:37:34.462270+00:00 [queued]>
[2025-01-08T15:37:34.976+0000] {taskinstance.py:2076} INFO - Dependencies all met for dep_context=requeueable deps ti=<TaskInstance: realtime_user_streaming_pipeline.stream_data_from_api manual__2025-01-08T15:37:34.462270+00:00 [queued]>
[2025-01-08T15:37:34.976+0000] {taskinstance.py:2306} INFO - Starting attempt 1 of 4
[2025-01-08T15:37:34.982+0000] {taskinstance.py:2330} INFO - Executing <Task(PythonOperator): stream_data_from_api> on 2025-01-08 15:37:34.462270+00:00
[2025-01-08T15:37:34.987+0000] {logging_mixin.py:188} WARNING - /home/***/.local/lib/python3.12/site-packages/***/task/task_runner/standard_task_runner.py:62 DeprecationWarning: This process (pid=284) is multi-threaded, use of fork() may lead to deadlocks in the child.
[2025-01-08T15:37:34.986+0000] {standard_task_runner.py:90} INFO - Running: ['***', 'tasks', 'run', 'realtime_user_streaming_pipeline', 'stream_data_from_api', 'manual__2025-01-08T15:37:34.462270+00:00', '--job-id', '17', '--raw', '--subdir', 'DAGS_FOLDER/realtime_streaming.py', '--cfg-path', '/tmp/tmpwumzyn_0']
[2025-01-08T15:37:34.987+0000] {standard_task_runner.py:64} INFO - Started process 285 to run task
[2025-01-08T15:37:34.988+0000] {standard_task_runner.py:91} INFO - Job 17: Subtask stream_data_from_api
[2025-01-08T15:37:35.013+0000] {task_command.py:426} INFO - Running <TaskInstance: realtime_user_streaming_pipeline.stream_data_from_api manual__2025-01-08T15:37:34.462270+00:00 [running]> on host c9d056dd0ec3
[2025-01-08T15:37:35.061+0000] {taskinstance.py:2648} INFO - Exporting env vars: AIRFLOW_CTX_DAG_OWNER='data_engineer' AIRFLOW_CTX_DAG_ID='realtime_user_streaming_pipeline' AIRFLOW_CTX_TASK_ID='stream_data_from_api' AIRFLOW_CTX_EXECUTION_DATE='2025-01-08T15:37:34.462270+00:00' AIRFLOW_CTX_TRY_NUMBER='1' AIRFLOW_CTX_DAG_RUN_ID='manual__2025-01-08T15:37:34.462270+00:00'
[2025-01-08T15:37:35.061+0000] {taskinstance.py:430} INFO - ::endgroup::
[2025-01-08T15:37:35.069+0000] {conn.py:362} INFO - <BrokerConnection node_id=bootstrap-0 host=broker:9092 <connecting> [IPv4 ('172.18.0.10', 9092)]>: connecting to broker:9092 [('172.18.0.10', 9092) IPv4]
[2025-01-08T15:37:35.069+0000] {conn.py:957} INFO - Probing node bootstrap-0 broker version
[2025-01-08T15:37:35.070+0000] {conn.py:393} INFO - <BrokerConnection node_id=bootstrap-0 host=broker:9092 <connecting> [IPv4 ('172.18.0.10', 9092)]>: Connection complete.
[2025-01-08T15:37:35.174+0000] {conn.py:1019} INFO - Broker version identified as 2.6.0
[2025-01-08T15:37:35.174+0000] {conn.py:1020} INFO - Set configuration api_version=(2, 6, 0) to skip auto check_version requests on startup
[2025-01-08T15:37:36.071+0000] {realtime_streaming.py:24} INFO - Data fetched successfully from API.
[2025-01-08T15:37:36.074+0000] {realtime_streaming.py:48} INFO - Data formatted successfully.
[2025-01-08T15:37:36.077+0000] {conn.py:362} INFO - <BrokerConnection node_id=1 host=broker:9092 <connecting> [IPv4 ('172.18.0.10', 9092)]>: connecting to broker:9092 [('172.18.0.10', 9092) IPv4]
[2025-01-08T15:37:36.077+0000] {conn.py:393} INFO - <BrokerConnection node_id=1 host=broker:9092 <connecting> [IPv4 ('172.18.0.10', 9092)]>: Connection complete.
[2025-01-08T15:37:36.078+0000] {conn.py:673} INFO - <BrokerConnection node_id=bootstrap-0 host=broker:9092 <connected> [IPv4 ('172.18.0.10', 9092)]>: Closing connection. 
[2025-01-08T15:37:38.009+0000] {realtime_streaming.py:24} INFO - Data fetched successfully from API.
[2025-01-08T15:37:38.010+0000] {realtime_streaming.py:48} INFO - Data formatted successfully.
[2025-01-08T15:37:40.281+0000] {realtime_streaming.py:24} INFO - Data fetched successfully from API.
[2025-01-08T15:37:40.283+0000] {realtime_streaming.py:48} INFO - Data formatted successfully.
[2025-01-08T15:37:41.900+0000] {realtime_streaming.py:24} INFO - Data fetched successfully from API.
[2025-01-08T15:37:41.902+0000] {realtime_streaming.py:48} INFO - Data formatted successfully.
[2025-01-08T15:37:44.125+0000] {realtime_streaming.py:24} INFO - Data fetched successfully from API.
[2025-01-08T15:37:44.131+0000] {realtime_streaming.py:48} INFO - Data formatted successfully.
[2025-01-08T15:37:45.968+0000] {realtime_streaming.py:24} INFO - Data fetched successfully from API.
[2025-01-08T15:37:45.969+0000] {realtime_streaming.py:48} INFO - Data formatted successfully.
[2025-01-08T15:37:47.915+0000] {realtime_streaming.py:24} INFO - Data fetched successfully from API.
[2025-01-08T15:37:47.917+0000] {realtime_streaming.py:48} INFO - Data formatted successfully.
[2025-01-08T15:37:50.368+0000] {realtime_streaming.py:24} INFO - Data fetched successfully from API.
[2025-01-08T15:37:50.369+0000] {realtime_streaming.py:48} INFO - Data formatted successfully.
[2025-01-08T15:37:52.680+0000] {realtime_streaming.py:24} INFO - Data fetched successfully from API.
[2025-01-08T15:37:52.682+0000] {realtime_streaming.py:48} INFO - Data formatted successfully.
[2025-01-08T15:37:54.788+0000] {realtime_streaming.py:24} INFO - Data fetched successfully from API.
[2025-01-08T15:37:54.790+0000] {realtime_streaming.py:48} INFO - Data formatted successfully.
[2025-01-08T15:37:56.101+0000] {realtime_streaming.py:24} INFO - Data fetched successfully from API.
[2025-01-08T15:37:56.102+0000] {realtime_streaming.py:48} INFO - Data formatted successfully.
[2025-01-08T15:37:57.358+0000] {realtime_streaming.py:24} INFO - Data fetched successfully from API.
[2025-01-08T15:37:57.360+0000] {realtime_streaming.py:48} INFO - Data formatted successfully.
[2025-01-08T15:37:59.447+0000] {realtime_streaming.py:24} INFO - Data fetched successfully from API.
[2025-01-08T15:37:59.456+0000] {realtime_streaming.py:48} INFO - Data formatted successfully.
[2025-01-08T15:38:01.982+0000] {realtime_streaming.py:24} INFO - Data fetched successfully from API.
[2025-01-08T15:38:01.985+0000] {realtime_streaming.py:48} INFO - Data formatted successfully.
[2025-01-08T15:38:03.838+0000] {realtime_streaming.py:24} INFO - Data fetched successfully from API.
[2025-01-08T15:38:03.839+0000] {realtime_streaming.py:48} INFO - Data formatted successfully.
[2025-01-08T15:38:05.694+0000] {realtime_streaming.py:24} INFO - Data fetched successfully from API.
[2025-01-08T15:38:05.695+0000] {realtime_streaming.py:48} INFO - Data formatted successfully.
[2025-01-08T15:38:07.944+0000] {realtime_streaming.py:24} INFO - Data fetched successfully from API.
[2025-01-08T15:38:07.945+0000] {realtime_streaming.py:48} INFO - Data formatted successfully.
[2025-01-08T15:38:09.620+0000] {realtime_streaming.py:24} INFO - Data fetched successfully from API.
[2025-01-08T15:38:09.621+0000] {realtime_streaming.py:48} INFO - Data formatted successfully.
[2025-01-08T15:38:11.340+0000] {realtime_streaming.py:24} INFO - Data fetched successfully from API.
[2025-01-08T15:38:11.341+0000] {realtime_streaming.py:48} INFO - Data formatted successfully.
[2025-01-08T15:38:14.682+0000] {realtime_streaming.py:24} INFO - Data fetched successfully from API.
[2025-01-08T15:38:14.690+0000] {realtime_streaming.py:48} INFO - Data formatted successfully.
[2025-01-08T15:38:16.256+0000] {realtime_streaming.py:24} INFO - Data fetched successfully from API.
[2025-01-08T15:38:16.257+0000] {realtime_streaming.py:48} INFO - Data formatted successfully.
[2025-01-08T15:38:19.042+0000] {realtime_streaming.py:24} INFO - Data fetched successfully from API.
[2025-01-08T15:38:19.044+0000] {realtime_streaming.py:48} INFO - Data formatted successfully.
[2025-01-08T15:38:20.688+0000] {realtime_streaming.py:24} INFO - Data fetched successfully from API.
[2025-01-08T15:38:20.689+0000] {realtime_streaming.py:48} INFO - Data formatted successfully.
[2025-01-08T15:38:22.114+0000] {realtime_streaming.py:24} INFO - Data fetched successfully from API.
[2025-01-08T15:38:22.114+0000] {realtime_streaming.py:48} INFO - Data formatted successfully.
[2025-01-08T15:38:24.558+0000] {realtime_streaming.py:24} INFO - Data fetched successfully from API.
[2025-01-08T15:38:24.561+0000] {realtime_streaming.py:48} INFO - Data formatted successfully.
[2025-01-08T15:38:26.859+0000] {realtime_streaming.py:24} INFO - Data fetched successfully from API.
[2025-01-08T15:38:26.860+0000] {realtime_streaming.py:48} INFO - Data formatted successfully.
[2025-01-08T15:38:29.391+0000] {realtime_streaming.py:24} INFO - Data fetched successfully from API.
[2025-01-08T15:38:29.395+0000] {realtime_streaming.py:48} INFO - Data formatted successfully.
[2025-01-08T15:38:32.107+0000] {realtime_streaming.py:24} INFO - Data fetched successfully from API.
[2025-01-08T15:38:32.110+0000] {realtime_streaming.py:48} INFO - Data formatted successfully.
[2025-01-08T15:38:34.775+0000] {realtime_streaming.py:24} INFO - Data fetched successfully from API.
[2025-01-08T15:38:34.777+0000] {realtime_streaming.py:48} INFO - Data formatted successfully.
[2025-01-08T15:38:36.906+0000] {realtime_streaming.py:24} INFO - Data fetched successfully from API.
[2025-01-08T15:38:36.908+0000] {realtime_streaming.py:48} INFO - Data formatted successfully.
[2025-01-08T15:38:38.991+0000] {realtime_streaming.py:24} INFO - Data fetched successfully from API.
[2025-01-08T15:38:38.994+0000] {realtime_streaming.py:48} INFO - Data formatted successfully.
[2025-01-08T15:38:41.330+0000] {realtime_streaming.py:24} INFO - Data fetched successfully from API.
[2025-01-08T15:38:41.333+0000] {realtime_streaming.py:48} INFO - Data formatted successfully.
[2025-01-08T15:38:42.769+0000] {realtime_streaming.py:24} INFO - Data fetched successfully from API.
[2025-01-08T15:38:42.771+0000] {realtime_streaming.py:48} INFO - Data formatted successfully.
[2025-01-08T15:38:44.732+0000] {realtime_streaming.py:24} INFO - Data fetched successfully from API.
[2025-01-08T15:38:44.734+0000] {realtime_streaming.py:48} INFO - Data formatted successfully.
[2025-01-08T15:38:46.523+0000] {realtime_streaming.py:24} INFO - Data fetched successfully from API.
[2025-01-08T15:38:46.525+0000] {realtime_streaming.py:48} INFO - Data formatted successfully.
[2025-01-08T15:38:49.196+0000] {realtime_streaming.py:24} INFO - Data fetched successfully from API.
[2025-01-08T15:38:49.203+0000] {realtime_streaming.py:48} INFO - Data formatted successfully.
[2025-01-08T15:38:51.699+0000] {realtime_streaming.py:24} INFO - Data fetched successfully from API.
[2025-01-08T15:38:51.700+0000] {realtime_streaming.py:48} INFO - Data formatted successfully.
[2025-01-08T15:38:53.616+0000] {realtime_streaming.py:24} INFO - Data fetched successfully from API.
[2025-01-08T15:38:53.618+0000] {realtime_streaming.py:48} INFO - Data formatted successfully.
[2025-01-08T15:38:56.274+0000] {realtime_streaming.py:24} INFO - Data fetched successfully from API.
[2025-01-08T15:38:56.276+0000] {realtime_streaming.py:48} INFO - Data formatted successfully.
[2025-01-08T15:38:57.440+0000] {realtime_streaming.py:24} INFO - Data fetched successfully from API.
[2025-01-08T15:38:57.441+0000] {realtime_streaming.py:48} INFO - Data formatted successfully.
[2025-01-08T15:39:00.329+0000] {realtime_streaming.py:24} INFO - Data fetched successfully from API.
[2025-01-08T15:39:00.332+0000] {realtime_streaming.py:48} INFO - Data formatted successfully.
[2025-01-08T15:39:02.698+0000] {realtime_streaming.py:24} INFO - Data fetched successfully from API.
[2025-01-08T15:39:02.703+0000] {realtime_streaming.py:48} INFO - Data formatted successfully.
[2025-01-08T15:39:05.235+0000] {realtime_streaming.py:24} INFO - Data fetched successfully from API.
[2025-01-08T15:39:05.238+0000] {realtime_streaming.py:48} INFO - Data formatted successfully.
[2025-01-08T15:39:08.101+0000] {realtime_streaming.py:24} INFO - Data fetched successfully from API.
[2025-01-08T15:39:08.105+0000] {realtime_streaming.py:48} INFO - Data formatted successfully.
[2025-01-08T15:39:10.457+0000] {realtime_streaming.py:24} INFO - Data fetched successfully from API.
[2025-01-08T15:39:10.460+0000] {realtime_streaming.py:48} INFO - Data formatted successfully.
[2025-01-08T15:39:11.775+0000] {realtime_streaming.py:24} INFO - Data fetched successfully from API.
[2025-01-08T15:39:11.779+0000] {realtime_streaming.py:48} INFO - Data formatted successfully.
[2025-01-08T15:39:13.414+0000] {realtime_streaming.py:24} INFO - Data fetched successfully from API.
[2025-01-08T15:39:13.417+0000] {realtime_streaming.py:48} INFO - Data formatted successfully.
[2025-01-08T15:39:14.903+0000] {realtime_streaming.py:24} INFO - Data fetched successfully from API.
[2025-01-08T15:39:14.906+0000] {realtime_streaming.py:48} INFO - Data formatted successfully.
[2025-01-08T15:39:16.558+0000] {realtime_streaming.py:24} INFO - Data fetched successfully from API.
[2025-01-08T15:39:16.560+0000] {realtime_streaming.py:48} INFO - Data formatted successfully.
[2025-01-08T15:39:18.465+0000] {realtime_streaming.py:24} INFO - Data fetched successfully from API.
[2025-01-08T15:39:18.472+0000] {realtime_streaming.py:48} INFO - Data formatted successfully.
[2025-01-08T15:39:20.650+0000] {realtime_streaming.py:24} INFO - Data fetched successfully from API.
[2025-01-08T15:39:20.653+0000] {realtime_streaming.py:48} INFO - Data formatted successfully.
[2025-01-08T15:39:22.805+0000] {realtime_streaming.py:24} INFO - Data fetched successfully from API.
[2025-01-08T15:39:22.807+0000] {realtime_streaming.py:48} INFO - Data formatted successfully.
[2025-01-08T15:39:25.082+0000] {realtime_streaming.py:24} INFO - Data fetched successfully from API.
[2025-01-08T15:39:25.086+0000] {realtime_streaming.py:48} INFO - Data formatted successfully.
[2025-01-08T15:39:27.447+0000] {realtime_streaming.py:24} INFO - Data fetched successfully from API.
[2025-01-08T15:39:27.451+0000] {realtime_streaming.py:48} INFO - Data formatted successfully.
[2025-01-08T15:39:30.044+0000] {realtime_streaming.py:24} INFO - Data fetched successfully from API.
[2025-01-08T15:39:30.047+0000] {realtime_streaming.py:48} INFO - Data formatted successfully.
[2025-01-08T15:39:32.814+0000] {realtime_streaming.py:24} INFO - Data fetched successfully from API.
[2025-01-08T15:39:32.816+0000] {realtime_streaming.py:48} INFO - Data formatted successfully.
[2025-01-08T15:39:34.624+0000] {realtime_streaming.py:24} INFO - Data fetched successfully from API.
[2025-01-08T15:39:34.626+0000] {realtime_streaming.py:48} INFO - Data formatted successfully.
[2025-01-08T15:39:35.485+0000] {conn.py:673} INFO - <BrokerConnection node_id=1 host=broker:9092 <connected> [IPv4 ('172.18.0.10', 9092)]>: Closing connection. 
[2025-01-08T15:39:35.492+0000] {python.py:237} INFO - Done. Returned value was: None
[2025-01-08T15:39:35.505+0000] {taskinstance.py:441} INFO - ::group::Post task execution logs
[2025-01-08T15:39:35.572+0000] {taskinstance.py:1206} INFO - Marking task as SUCCESS. dag_id=realtime_user_streaming_pipeline, task_id=stream_data_from_api, run_id=manual__2025-01-08T15:37:34.462270+00:00, execution_date=20250108T153734, start_date=20250108T153734, end_date=20250108T153935
[2025-01-08T15:39:35.609+0000] {local_task_job_runner.py:243} INFO - Task exited with return code 0
[2025-01-08T15:39:35.640+0000] {taskinstance.py:3503} INFO - 0 downstream tasks scheduled from follow-on schedule check
[2025-01-08T15:39:35.641+0000] {local_task_job_runner.py:222} INFO - ::endgroup::
