[2025-01-08T16:00:33.335+0000] {local_task_job_runner.py:120} INFO - ::group::Pre task execution logs
[2025-01-08T16:00:33.443+0000] {taskinstance.py:2076} INFO - Dependencies all met for dep_context=non-requeueable deps ti=<TaskInstance: realtime_user_streaming_pipeline.stream_data_from_api manual__2025-01-08T16:00:32.345977+00:00 [queued]>
[2025-01-08T16:00:33.462+0000] {taskinstance.py:2076} INFO - Dependencies all met for dep_context=requeueable deps ti=<TaskInstance: realtime_user_streaming_pipeline.stream_data_from_api manual__2025-01-08T16:00:32.345977+00:00 [queued]>
[2025-01-08T16:00:33.463+0000] {taskinstance.py:2306} INFO - Starting attempt 1 of 4
[2025-01-08T16:00:33.499+0000] {taskinstance.py:2330} INFO - Executing <Task(PythonOperator): stream_data_from_api> on 2025-01-08 16:00:32.345977+00:00
[2025-01-08T16:00:33.594+0000] {logging_mixin.py:188} WARNING - /home/***/.local/lib/python3.12/site-packages/***/task/task_runner/standard_task_runner.py:62 DeprecationWarning: This process (pid=797) is multi-threaded, use of fork() may lead to deadlocks in the child.
[2025-01-08T16:00:33.574+0000] {standard_task_runner.py:90} INFO - Running: ['***', 'tasks', 'run', 'realtime_user_streaming_pipeline', 'stream_data_from_api', 'manual__2025-01-08T16:00:32.345977+00:00', '--job-id', '24', '--raw', '--subdir', 'DAGS_FOLDER/realtime_streaming.py', '--cfg-path', '/tmp/tmpnwuxxahv']
[2025-01-08T16:00:33.599+0000] {standard_task_runner.py:64} INFO - Started process 801 to run task
[2025-01-08T16:00:33.599+0000] {standard_task_runner.py:91} INFO - Job 24: Subtask stream_data_from_api
[2025-01-08T16:00:33.863+0000] {task_command.py:426} INFO - Running <TaskInstance: realtime_user_streaming_pipeline.stream_data_from_api manual__2025-01-08T16:00:32.345977+00:00 [running]> on host c9d056dd0ec3
[2025-01-08T16:00:34.126+0000] {taskinstance.py:2648} INFO - Exporting env vars: AIRFLOW_CTX_DAG_OWNER='data_engineer' AIRFLOW_CTX_DAG_ID='realtime_user_streaming_pipeline' AIRFLOW_CTX_TASK_ID='stream_data_from_api' AIRFLOW_CTX_EXECUTION_DATE='2025-01-08T16:00:32.345977+00:00' AIRFLOW_CTX_TRY_NUMBER='1' AIRFLOW_CTX_DAG_RUN_ID='manual__2025-01-08T16:00:32.345977+00:00'
[2025-01-08T16:00:34.127+0000] {taskinstance.py:430} INFO - ::endgroup::
[2025-01-08T16:00:34.155+0000] {conn.py:362} INFO - <BrokerConnection node_id=bootstrap-0 host=broker:9092 <connecting> [IPv4 ('172.18.0.10', 9092)]>: connecting to broker:9092 [('172.18.0.10', 9092) IPv4]
[2025-01-08T16:00:34.157+0000] {conn.py:957} INFO - Probing node bootstrap-0 broker version
[2025-01-08T16:00:34.167+0000] {conn.py:393} INFO - <BrokerConnection node_id=bootstrap-0 host=broker:9092 <connecting> [IPv4 ('172.18.0.10', 9092)]>: Connection complete.
[2025-01-08T16:00:34.276+0000] {conn.py:1019} INFO - Broker version identified as 2.6.0
[2025-01-08T16:00:34.277+0000] {conn.py:1020} INFO - Set configuration api_version=(2, 6, 0) to skip auto check_version requests on startup
[2025-01-08T16:00:36.072+0000] {realtime_streaming.py:24} INFO - Data fetched successfully from API.
[2025-01-08T16:00:36.084+0000] {realtime_streaming.py:48} INFO - Data formatted successfully.
[2025-01-08T16:00:36.098+0000] {conn.py:362} INFO - <BrokerConnection node_id=1 host=broker:9092 <connecting> [IPv4 ('172.18.0.10', 9092)]>: connecting to broker:9092 [('172.18.0.10', 9092) IPv4]
[2025-01-08T16:00:36.100+0000] {conn.py:393} INFO - <BrokerConnection node_id=1 host=broker:9092 <connecting> [IPv4 ('172.18.0.10', 9092)]>: Connection complete.
[2025-01-08T16:00:36.106+0000] {conn.py:673} INFO - <BrokerConnection node_id=bootstrap-0 host=broker:9092 <connected> [IPv4 ('172.18.0.10', 9092)]>: Closing connection. 
[2025-01-08T16:00:37.939+0000] {realtime_streaming.py:24} INFO - Data fetched successfully from API.
[2025-01-08T16:00:37.941+0000] {realtime_streaming.py:48} INFO - Data formatted successfully.
[2025-01-08T16:00:39.479+0000] {realtime_streaming.py:24} INFO - Data fetched successfully from API.
[2025-01-08T16:00:39.481+0000] {realtime_streaming.py:48} INFO - Data formatted successfully.
[2025-01-08T16:00:40.938+0000] {realtime_streaming.py:24} INFO - Data fetched successfully from API.
[2025-01-08T16:00:40.940+0000] {realtime_streaming.py:48} INFO - Data formatted successfully.
[2025-01-08T16:00:43.882+0000] {realtime_streaming.py:24} INFO - Data fetched successfully from API.
[2025-01-08T16:00:43.899+0000] {realtime_streaming.py:48} INFO - Data formatted successfully.
[2025-01-08T16:00:46.129+0000] {realtime_streaming.py:24} INFO - Data fetched successfully from API.
[2025-01-08T16:00:46.141+0000] {realtime_streaming.py:48} INFO - Data formatted successfully.
[2025-01-08T16:00:47.875+0000] {realtime_streaming.py:24} INFO - Data fetched successfully from API.
[2025-01-08T16:00:47.877+0000] {realtime_streaming.py:48} INFO - Data formatted successfully.
[2025-01-08T16:00:50.198+0000] {realtime_streaming.py:24} INFO - Data fetched successfully from API.
[2025-01-08T16:00:50.202+0000] {realtime_streaming.py:48} INFO - Data formatted successfully.
[2025-01-08T16:00:52.028+0000] {realtime_streaming.py:24} INFO - Data fetched successfully from API.
[2025-01-08T16:00:52.032+0000] {realtime_streaming.py:48} INFO - Data formatted successfully.
[2025-01-08T16:00:54.331+0000] {realtime_streaming.py:24} INFO - Data fetched successfully from API.
[2025-01-08T16:00:54.336+0000] {realtime_streaming.py:48} INFO - Data formatted successfully.
[2025-01-08T16:00:55.927+0000] {realtime_streaming.py:24} INFO - Data fetched successfully from API.
[2025-01-08T16:00:55.934+0000] {realtime_streaming.py:48} INFO - Data formatted successfully.
[2025-01-08T16:00:57.502+0000] {realtime_streaming.py:24} INFO - Data fetched successfully from API.
[2025-01-08T16:00:57.507+0000] {realtime_streaming.py:48} INFO - Data formatted successfully.
[2025-01-08T16:00:58.799+0000] {realtime_streaming.py:24} INFO - Data fetched successfully from API.
[2025-01-08T16:00:58.801+0000] {realtime_streaming.py:48} INFO - Data formatted successfully.
[2025-01-08T16:01:01.748+0000] {realtime_streaming.py:24} INFO - Data fetched successfully from API.
[2025-01-08T16:01:01.750+0000] {realtime_streaming.py:48} INFO - Data formatted successfully.
[2025-01-08T16:01:03.819+0000] {realtime_streaming.py:24} INFO - Data fetched successfully from API.
[2025-01-08T16:01:03.821+0000] {realtime_streaming.py:48} INFO - Data formatted successfully.
[2025-01-08T16:01:05.417+0000] {realtime_streaming.py:24} INFO - Data fetched successfully from API.
[2025-01-08T16:01:05.422+0000] {realtime_streaming.py:48} INFO - Data formatted successfully.
[2025-01-08T16:01:07.731+0000] {realtime_streaming.py:24} INFO - Data fetched successfully from API.
[2025-01-08T16:01:07.741+0000] {realtime_streaming.py:48} INFO - Data formatted successfully.
[2025-01-08T16:01:10.250+0000] {realtime_streaming.py:24} INFO - Data fetched successfully from API.
[2025-01-08T16:01:10.258+0000] {realtime_streaming.py:48} INFO - Data formatted successfully.
[2025-01-08T16:01:12.106+0000] {realtime_streaming.py:24} INFO - Data fetched successfully from API.
[2025-01-08T16:01:12.107+0000] {realtime_streaming.py:48} INFO - Data formatted successfully.
[2025-01-08T16:01:17.970+0000] {realtime_streaming.py:24} INFO - Data fetched successfully from API.
[2025-01-08T16:01:17.973+0000] {realtime_streaming.py:48} INFO - Data formatted successfully.
[2025-01-08T16:01:20.757+0000] {realtime_streaming.py:24} INFO - Data fetched successfully from API.
[2025-01-08T16:01:20.762+0000] {realtime_streaming.py:48} INFO - Data formatted successfully.
[2025-01-08T16:01:23.159+0000] {realtime_streaming.py:24} INFO - Data fetched successfully from API.
[2025-01-08T16:01:23.162+0000] {realtime_streaming.py:48} INFO - Data formatted successfully.
[2025-01-08T16:01:25.211+0000] {realtime_streaming.py:24} INFO - Data fetched successfully from API.
[2025-01-08T16:01:25.213+0000] {realtime_streaming.py:48} INFO - Data formatted successfully.
[2025-01-08T16:01:27.028+0000] {realtime_streaming.py:24} INFO - Data fetched successfully from API.
[2025-01-08T16:01:27.029+0000] {realtime_streaming.py:48} INFO - Data formatted successfully.
[2025-01-08T16:01:29.550+0000] {realtime_streaming.py:24} INFO - Data fetched successfully from API.
[2025-01-08T16:01:29.552+0000] {realtime_streaming.py:48} INFO - Data formatted successfully.
[2025-01-08T16:01:30.919+0000] {realtime_streaming.py:24} INFO - Data fetched successfully from API.
[2025-01-08T16:01:30.921+0000] {realtime_streaming.py:48} INFO - Data formatted successfully.
[2025-01-08T16:01:32.175+0000] {realtime_streaming.py:24} INFO - Data fetched successfully from API.
[2025-01-08T16:01:32.176+0000] {realtime_streaming.py:48} INFO - Data formatted successfully.
[2025-01-08T16:01:35.205+0000] {realtime_streaming.py:24} INFO - Data fetched successfully from API.
[2025-01-08T16:01:35.449+0000] {realtime_streaming.py:48} INFO - Data formatted successfully.
[2025-01-08T16:01:37.266+0000] {realtime_streaming.py:24} INFO - Data fetched successfully from API.
[2025-01-08T16:01:37.269+0000] {realtime_streaming.py:48} INFO - Data formatted successfully.
[2025-01-08T16:01:39.103+0000] {realtime_streaming.py:24} INFO - Data fetched successfully from API.
[2025-01-08T16:01:39.106+0000] {realtime_streaming.py:48} INFO - Data formatted successfully.
[2025-01-08T16:01:41.359+0000] {realtime_streaming.py:24} INFO - Data fetched successfully from API.
[2025-01-08T16:01:41.367+0000] {realtime_streaming.py:48} INFO - Data formatted successfully.
[2025-01-08T16:01:43.291+0000] {realtime_streaming.py:24} INFO - Data fetched successfully from API.
[2025-01-08T16:01:43.293+0000] {realtime_streaming.py:48} INFO - Data formatted successfully.
[2025-01-08T16:01:45.784+0000] {realtime_streaming.py:24} INFO - Data fetched successfully from API.
[2025-01-08T16:01:45.787+0000] {realtime_streaming.py:48} INFO - Data formatted successfully.
[2025-01-08T16:01:47.813+0000] {realtime_streaming.py:24} INFO - Data fetched successfully from API.
[2025-01-08T16:01:47.820+0000] {realtime_streaming.py:48} INFO - Data formatted successfully.
[2025-01-08T16:01:49.499+0000] {realtime_streaming.py:24} INFO - Data fetched successfully from API.
[2025-01-08T16:01:49.503+0000] {realtime_streaming.py:48} INFO - Data formatted successfully.
[2025-01-08T16:01:51.898+0000] {realtime_streaming.py:24} INFO - Data fetched successfully from API.
[2025-01-08T16:01:51.902+0000] {realtime_streaming.py:48} INFO - Data formatted successfully.
[2025-01-08T16:01:54.328+0000] {realtime_streaming.py:24} INFO - Data fetched successfully from API.
[2025-01-08T16:01:54.334+0000] {realtime_streaming.py:48} INFO - Data formatted successfully.
[2025-01-08T16:01:55.644+0000] {realtime_streaming.py:24} INFO - Data fetched successfully from API.
[2025-01-08T16:01:55.646+0000] {realtime_streaming.py:48} INFO - Data formatted successfully.
[2025-01-08T16:01:58.304+0000] {realtime_streaming.py:24} INFO - Data fetched successfully from API.
[2025-01-08T16:01:58.308+0000] {realtime_streaming.py:48} INFO - Data formatted successfully.
[2025-01-08T16:02:00.425+0000] {realtime_streaming.py:24} INFO - Data fetched successfully from API.
[2025-01-08T16:02:00.431+0000] {realtime_streaming.py:48} INFO - Data formatted successfully.
[2025-01-08T16:02:02.933+0000] {realtime_streaming.py:24} INFO - Data fetched successfully from API.
[2025-01-08T16:02:02.935+0000] {realtime_streaming.py:48} INFO - Data formatted successfully.
[2025-01-08T16:02:04.430+0000] {realtime_streaming.py:24} INFO - Data fetched successfully from API.
[2025-01-08T16:02:04.433+0000] {realtime_streaming.py:48} INFO - Data formatted successfully.
[2025-01-08T16:02:06.736+0000] {realtime_streaming.py:24} INFO - Data fetched successfully from API.
[2025-01-08T16:02:06.737+0000] {realtime_streaming.py:48} INFO - Data formatted successfully.
[2025-01-08T16:02:09.315+0000] {realtime_streaming.py:24} INFO - Data fetched successfully from API.
[2025-01-08T16:02:09.319+0000] {realtime_streaming.py:48} INFO - Data formatted successfully.
[2025-01-08T16:02:11.314+0000] {realtime_streaming.py:24} INFO - Data fetched successfully from API.
[2025-01-08T16:02:11.315+0000] {realtime_streaming.py:48} INFO - Data formatted successfully.
[2025-01-08T16:02:13.258+0000] {realtime_streaming.py:24} INFO - Data fetched successfully from API.
[2025-01-08T16:02:13.259+0000] {realtime_streaming.py:48} INFO - Data formatted successfully.
[2025-01-08T16:02:15.875+0000] {realtime_streaming.py:24} INFO - Data fetched successfully from API.
[2025-01-08T16:02:15.879+0000] {realtime_streaming.py:48} INFO - Data formatted successfully.
[2025-01-08T16:02:18.526+0000] {realtime_streaming.py:24} INFO - Data fetched successfully from API.
[2025-01-08T16:02:18.533+0000] {realtime_streaming.py:48} INFO - Data formatted successfully.
[2025-01-08T16:02:20.125+0000] {realtime_streaming.py:24} INFO - Data fetched successfully from API.
[2025-01-08T16:02:20.127+0000] {realtime_streaming.py:48} INFO - Data formatted successfully.
[2025-01-08T16:02:22.575+0000] {realtime_streaming.py:24} INFO - Data fetched successfully from API.
[2025-01-08T16:02:22.596+0000] {realtime_streaming.py:48} INFO - Data formatted successfully.
[2025-01-08T16:02:24.603+0000] {realtime_streaming.py:24} INFO - Data fetched successfully from API.
[2025-01-08T16:02:24.607+0000] {realtime_streaming.py:48} INFO - Data formatted successfully.
[2025-01-08T16:02:26.484+0000] {realtime_streaming.py:24} INFO - Data fetched successfully from API.
[2025-01-08T16:02:26.491+0000] {realtime_streaming.py:48} INFO - Data formatted successfully.
[2025-01-08T16:02:28.554+0000] {realtime_streaming.py:24} INFO - Data fetched successfully from API.
[2025-01-08T16:02:28.556+0000] {realtime_streaming.py:48} INFO - Data formatted successfully.
[2025-01-08T16:02:31.197+0000] {realtime_streaming.py:24} INFO - Data fetched successfully from API.
[2025-01-08T16:02:31.200+0000] {realtime_streaming.py:48} INFO - Data formatted successfully.
[2025-01-08T16:02:33.140+0000] {realtime_streaming.py:24} INFO - Data fetched successfully from API.
[2025-01-08T16:02:33.146+0000] {realtime_streaming.py:48} INFO - Data formatted successfully.
[2025-01-08T16:02:34.599+0000] {conn.py:673} INFO - <BrokerConnection node_id=1 host=broker:9092 <connected> [IPv4 ('172.18.0.10', 9092)]>: Closing connection. 
[2025-01-08T16:02:34.615+0000] {python.py:237} INFO - Done. Returned value was: None
[2025-01-08T16:02:34.642+0000] {taskinstance.py:441} INFO - ::group::Post task execution logs
[2025-01-08T16:02:34.805+0000] {taskinstance.py:1206} INFO - Marking task as SUCCESS. dag_id=realtime_user_streaming_pipeline, task_id=stream_data_from_api, run_id=manual__2025-01-08T16:00:32.345977+00:00, execution_date=20250108T160032, start_date=20250108T160033, end_date=20250108T160234
[2025-01-08T16:02:34.888+0000] {local_task_job_runner.py:243} INFO - Task exited with return code 0
[2025-01-08T16:02:34.926+0000] {taskinstance.py:3503} INFO - 0 downstream tasks scheduled from follow-on schedule check
[2025-01-08T16:02:34.927+0000] {local_task_job_runner.py:222} INFO - ::endgroup::
