[2025-01-08T15:37:29.794+0000] {local_task_job_runner.py:120} INFO - ::group::Pre task execution logs
[2025-01-08T15:37:29.858+0000] {taskinstance.py:2076} INFO - Dependencies all met for dep_context=non-requeueable deps ti=<TaskInstance: realtime_user_streaming_pipeline.stream_data_from_api manual__2025-01-08T15:37:28.936484+00:00 [queued]>
[2025-01-08T15:37:29.865+0000] {taskinstance.py:2076} INFO - Dependencies all met for dep_context=requeueable deps ti=<TaskInstance: realtime_user_streaming_pipeline.stream_data_from_api manual__2025-01-08T15:37:28.936484+00:00 [queued]>
[2025-01-08T15:37:29.866+0000] {taskinstance.py:2306} INFO - Starting attempt 1 of 4
[2025-01-08T15:37:29.881+0000] {taskinstance.py:2330} INFO - Executing <Task(PythonOperator): stream_data_from_api> on 2025-01-08 15:37:28.936484+00:00
[2025-01-08T15:37:29.910+0000] {standard_task_runner.py:90} INFO - Running: ['***', 'tasks', 'run', 'realtime_user_streaming_pipeline', 'stream_data_from_api', 'manual__2025-01-08T15:37:28.936484+00:00', '--job-id', '13', '--raw', '--subdir', 'DAGS_FOLDER/realtime_streaming.py', '--cfg-path', '/tmp/tmpp78f1rt7']
[2025-01-08T15:37:29.916+0000] {logging_mixin.py:188} WARNING - /home/***/.local/lib/python3.12/site-packages/***/task/task_runner/standard_task_runner.py:62 DeprecationWarning: This process (pid=261) is multi-threaded, use of fork() may lead to deadlocks in the child.
[2025-01-08T15:37:29.917+0000] {standard_task_runner.py:91} INFO - Job 13: Subtask stream_data_from_api
[2025-01-08T15:37:29.918+0000] {standard_task_runner.py:64} INFO - Started process 262 to run task
[2025-01-08T15:37:29.981+0000] {task_command.py:426} INFO - Running <TaskInstance: realtime_user_streaming_pipeline.stream_data_from_api manual__2025-01-08T15:37:28.936484+00:00 [running]> on host c9d056dd0ec3
[2025-01-08T15:37:30.076+0000] {taskinstance.py:2648} INFO - Exporting env vars: AIRFLOW_CTX_DAG_OWNER='data_engineer' AIRFLOW_CTX_DAG_ID='realtime_user_streaming_pipeline' AIRFLOW_CTX_TASK_ID='stream_data_from_api' AIRFLOW_CTX_EXECUTION_DATE='2025-01-08T15:37:28.936484+00:00' AIRFLOW_CTX_TRY_NUMBER='1' AIRFLOW_CTX_DAG_RUN_ID='manual__2025-01-08T15:37:28.936484+00:00'
[2025-01-08T15:37:30.079+0000] {taskinstance.py:430} INFO - ::endgroup::
[2025-01-08T15:37:30.112+0000] {conn.py:362} INFO - <BrokerConnection node_id=bootstrap-0 host=broker:9092 <connecting> [IPv4 ('172.18.0.10', 9092)]>: connecting to broker:9092 [('172.18.0.10', 9092) IPv4]
[2025-01-08T15:37:30.116+0000] {conn.py:957} INFO - Probing node bootstrap-0 broker version
[2025-01-08T15:37:30.122+0000] {conn.py:393} INFO - <BrokerConnection node_id=bootstrap-0 host=broker:9092 <connecting> [IPv4 ('172.18.0.10', 9092)]>: Connection complete.
[2025-01-08T15:37:30.241+0000] {conn.py:1019} INFO - Broker version identified as 2.6.0
[2025-01-08T15:37:30.244+0000] {conn.py:1020} INFO - Set configuration api_version=(2, 6, 0) to skip auto check_version requests on startup
[2025-01-08T15:37:33.418+0000] {realtime_streaming.py:24} INFO - Data fetched successfully from API.
[2025-01-08T15:37:33.424+0000] {realtime_streaming.py:48} INFO - Data formatted successfully.
[2025-01-08T15:37:33.480+0000] {conn.py:362} INFO - <BrokerConnection node_id=1 host=broker:9092 <connecting> [IPv4 ('172.18.0.10', 9092)]>: connecting to broker:9092 [('172.18.0.10', 9092) IPv4]
[2025-01-08T15:37:33.483+0000] {conn.py:393} INFO - <BrokerConnection node_id=1 host=broker:9092 <connecting> [IPv4 ('172.18.0.10', 9092)]>: Connection complete.
[2025-01-08T15:37:33.484+0000] {conn.py:673} INFO - <BrokerConnection node_id=bootstrap-0 host=broker:9092 <connected> [IPv4 ('172.18.0.10', 9092)]>: Closing connection. 
[2025-01-08T15:37:35.221+0000] {realtime_streaming.py:24} INFO - Data fetched successfully from API.
[2025-01-08T15:37:35.223+0000] {realtime_streaming.py:48} INFO - Data formatted successfully.
[2025-01-08T15:37:38.141+0000] {realtime_streaming.py:24} INFO - Data fetched successfully from API.
[2025-01-08T15:37:38.143+0000] {realtime_streaming.py:48} INFO - Data formatted successfully.
[2025-01-08T15:37:40.568+0000] {realtime_streaming.py:24} INFO - Data fetched successfully from API.
[2025-01-08T15:37:40.570+0000] {realtime_streaming.py:48} INFO - Data formatted successfully.
[2025-01-08T15:37:42.512+0000] {realtime_streaming.py:24} INFO - Data fetched successfully from API.
[2025-01-08T15:37:42.517+0000] {realtime_streaming.py:48} INFO - Data formatted successfully.
[2025-01-08T15:37:44.425+0000] {realtime_streaming.py:24} INFO - Data fetched successfully from API.
[2025-01-08T15:37:44.427+0000] {realtime_streaming.py:48} INFO - Data formatted successfully.
[2025-01-08T15:37:47.021+0000] {realtime_streaming.py:24} INFO - Data fetched successfully from API.
[2025-01-08T15:37:47.023+0000] {realtime_streaming.py:48} INFO - Data formatted successfully.
[2025-01-08T15:37:48.928+0000] {realtime_streaming.py:24} INFO - Data fetched successfully from API.
[2025-01-08T15:37:48.932+0000] {realtime_streaming.py:48} INFO - Data formatted successfully.
[2025-01-08T15:37:50.273+0000] {realtime_streaming.py:24} INFO - Data fetched successfully from API.
[2025-01-08T15:37:50.275+0000] {realtime_streaming.py:48} INFO - Data formatted successfully.
[2025-01-08T15:37:51.845+0000] {realtime_streaming.py:24} INFO - Data fetched successfully from API.
[2025-01-08T15:37:51.846+0000] {realtime_streaming.py:48} INFO - Data formatted successfully.
[2025-01-08T15:37:53.828+0000] {realtime_streaming.py:24} INFO - Data fetched successfully from API.
[2025-01-08T15:37:53.831+0000] {realtime_streaming.py:48} INFO - Data formatted successfully.
[2025-01-08T15:37:55.184+0000] {realtime_streaming.py:24} INFO - Data fetched successfully from API.
[2025-01-08T15:37:55.187+0000] {realtime_streaming.py:48} INFO - Data formatted successfully.
[2025-01-08T15:37:57.147+0000] {realtime_streaming.py:24} INFO - Data fetched successfully from API.
[2025-01-08T15:37:57.153+0000] {realtime_streaming.py:48} INFO - Data formatted successfully.
[2025-01-08T15:37:58.898+0000] {realtime_streaming.py:24} INFO - Data fetched successfully from API.
[2025-01-08T15:37:58.900+0000] {realtime_streaming.py:48} INFO - Data formatted successfully.
[2025-01-08T15:38:00.226+0000] {realtime_streaming.py:24} INFO - Data fetched successfully from API.
[2025-01-08T15:38:00.238+0000] {realtime_streaming.py:48} INFO - Data formatted successfully.
[2025-01-08T15:38:02.296+0000] {realtime_streaming.py:24} INFO - Data fetched successfully from API.
[2025-01-08T15:38:02.301+0000] {realtime_streaming.py:48} INFO - Data formatted successfully.
[2025-01-08T15:38:04.624+0000] {realtime_streaming.py:24} INFO - Data fetched successfully from API.
[2025-01-08T15:38:04.626+0000] {realtime_streaming.py:48} INFO - Data formatted successfully.
[2025-01-08T15:38:06.431+0000] {realtime_streaming.py:24} INFO - Data fetched successfully from API.
[2025-01-08T15:38:06.433+0000] {realtime_streaming.py:48} INFO - Data formatted successfully.
[2025-01-08T15:38:08.224+0000] {realtime_streaming.py:24} INFO - Data fetched successfully from API.
[2025-01-08T15:38:08.225+0000] {realtime_streaming.py:48} INFO - Data formatted successfully.
[2025-01-08T15:38:10.961+0000] {realtime_streaming.py:24} INFO - Data fetched successfully from API.
[2025-01-08T15:38:10.965+0000] {realtime_streaming.py:48} INFO - Data formatted successfully.
[2025-01-08T15:38:12.554+0000] {realtime_streaming.py:24} INFO - Data fetched successfully from API.
[2025-01-08T15:38:12.559+0000] {realtime_streaming.py:48} INFO - Data formatted successfully.
[2025-01-08T15:38:14.976+0000] {realtime_streaming.py:24} INFO - Data fetched successfully from API.
[2025-01-08T15:38:14.979+0000] {realtime_streaming.py:48} INFO - Data formatted successfully.
[2025-01-08T15:38:17.134+0000] {realtime_streaming.py:24} INFO - Data fetched successfully from API.
[2025-01-08T15:38:17.138+0000] {realtime_streaming.py:48} INFO - Data formatted successfully.
[2025-01-08T15:38:18.689+0000] {realtime_streaming.py:24} INFO - Data fetched successfully from API.
[2025-01-08T15:38:18.690+0000] {realtime_streaming.py:48} INFO - Data formatted successfully.
[2025-01-08T15:38:21.454+0000] {realtime_streaming.py:24} INFO - Data fetched successfully from API.
[2025-01-08T15:38:21.457+0000] {realtime_streaming.py:48} INFO - Data formatted successfully.
[2025-01-08T15:38:23.001+0000] {realtime_streaming.py:24} INFO - Data fetched successfully from API.
[2025-01-08T15:38:23.003+0000] {realtime_streaming.py:48} INFO - Data formatted successfully.
[2025-01-08T15:38:24.998+0000] {realtime_streaming.py:24} INFO - Data fetched successfully from API.
[2025-01-08T15:38:25.000+0000] {realtime_streaming.py:48} INFO - Data formatted successfully.
[2025-01-08T15:38:26.987+0000] {realtime_streaming.py:24} INFO - Data fetched successfully from API.
[2025-01-08T15:38:26.988+0000] {realtime_streaming.py:48} INFO - Data formatted successfully.
[2025-01-08T15:38:29.857+0000] {realtime_streaming.py:24} INFO - Data fetched successfully from API.
[2025-01-08T15:38:29.858+0000] {realtime_streaming.py:48} INFO - Data formatted successfully.
[2025-01-08T15:38:32.177+0000] {realtime_streaming.py:24} INFO - Data fetched successfully from API.
[2025-01-08T15:38:32.179+0000] {realtime_streaming.py:48} INFO - Data formatted successfully.
[2025-01-08T15:38:34.007+0000] {realtime_streaming.py:24} INFO - Data fetched successfully from API.
[2025-01-08T15:38:34.010+0000] {realtime_streaming.py:48} INFO - Data formatted successfully.
[2025-01-08T15:38:35.703+0000] {realtime_streaming.py:24} INFO - Data fetched successfully from API.
[2025-01-08T15:38:35.705+0000] {realtime_streaming.py:48} INFO - Data formatted successfully.
[2025-01-08T15:38:37.036+0000] {realtime_streaming.py:24} INFO - Data fetched successfully from API.
[2025-01-08T15:38:37.038+0000] {realtime_streaming.py:48} INFO - Data formatted successfully.
[2025-01-08T15:38:39.226+0000] {realtime_streaming.py:24} INFO - Data fetched successfully from API.
[2025-01-08T15:38:39.228+0000] {realtime_streaming.py:48} INFO - Data formatted successfully.
[2025-01-08T15:38:41.718+0000] {realtime_streaming.py:24} INFO - Data fetched successfully from API.
[2025-01-08T15:38:41.721+0000] {realtime_streaming.py:48} INFO - Data formatted successfully.
[2025-01-08T15:38:43.091+0000] {realtime_streaming.py:24} INFO - Data fetched successfully from API.
[2025-01-08T15:38:43.094+0000] {realtime_streaming.py:48} INFO - Data formatted successfully.
[2025-01-08T15:38:45.486+0000] {realtime_streaming.py:24} INFO - Data fetched successfully from API.
[2025-01-08T15:38:45.487+0000] {realtime_streaming.py:48} INFO - Data formatted successfully.
[2025-01-08T15:38:47.401+0000] {realtime_streaming.py:24} INFO - Data fetched successfully from API.
[2025-01-08T15:38:47.402+0000] {realtime_streaming.py:48} INFO - Data formatted successfully.
[2025-01-08T15:38:50.013+0000] {realtime_streaming.py:24} INFO - Data fetched successfully from API.
[2025-01-08T15:38:50.014+0000] {realtime_streaming.py:48} INFO - Data formatted successfully.
[2025-01-08T15:38:51.937+0000] {realtime_streaming.py:24} INFO - Data fetched successfully from API.
[2025-01-08T15:38:51.939+0000] {realtime_streaming.py:48} INFO - Data formatted successfully.
[2025-01-08T15:38:54.226+0000] {realtime_streaming.py:24} INFO - Data fetched successfully from API.
[2025-01-08T15:38:54.228+0000] {realtime_streaming.py:48} INFO - Data formatted successfully.
[2025-01-08T15:38:56.483+0000] {realtime_streaming.py:24} INFO - Data fetched successfully from API.
[2025-01-08T15:38:56.485+0000] {realtime_streaming.py:48} INFO - Data formatted successfully.
[2025-01-08T15:38:58.042+0000] {realtime_streaming.py:24} INFO - Data fetched successfully from API.
[2025-01-08T15:38:58.054+0000] {realtime_streaming.py:48} INFO - Data formatted successfully.
[2025-01-08T15:38:59.423+0000] {realtime_streaming.py:24} INFO - Data fetched successfully from API.
[2025-01-08T15:38:59.425+0000] {realtime_streaming.py:48} INFO - Data formatted successfully.
[2025-01-08T15:39:00.794+0000] {realtime_streaming.py:24} INFO - Data fetched successfully from API.
[2025-01-08T15:39:00.797+0000] {realtime_streaming.py:48} INFO - Data formatted successfully.
[2025-01-08T15:39:03.371+0000] {realtime_streaming.py:24} INFO - Data fetched successfully from API.
[2025-01-08T15:39:03.374+0000] {realtime_streaming.py:48} INFO - Data formatted successfully.
[2025-01-08T15:39:05.913+0000] {realtime_streaming.py:24} INFO - Data fetched successfully from API.
[2025-01-08T15:39:05.916+0000] {realtime_streaming.py:48} INFO - Data formatted successfully.
[2025-01-08T15:39:07.630+0000] {realtime_streaming.py:24} INFO - Data fetched successfully from API.
[2025-01-08T15:39:07.631+0000] {realtime_streaming.py:48} INFO - Data formatted successfully.
[2025-01-08T15:39:09.190+0000] {realtime_streaming.py:24} INFO - Data fetched successfully from API.
[2025-01-08T15:39:09.192+0000] {realtime_streaming.py:48} INFO - Data formatted successfully.
[2025-01-08T15:39:11.518+0000] {realtime_streaming.py:24} INFO - Data fetched successfully from API.
[2025-01-08T15:39:11.519+0000] {realtime_streaming.py:48} INFO - Data formatted successfully.
[2025-01-08T15:39:13.999+0000] {realtime_streaming.py:24} INFO - Data fetched successfully from API.
[2025-01-08T15:39:14.002+0000] {realtime_streaming.py:48} INFO - Data formatted successfully.
[2025-01-08T15:39:16.688+0000] {realtime_streaming.py:24} INFO - Data fetched successfully from API.
[2025-01-08T15:39:16.689+0000] {realtime_streaming.py:48} INFO - Data formatted successfully.
[2025-01-08T15:39:18.503+0000] {realtime_streaming.py:24} INFO - Data fetched successfully from API.
[2025-01-08T15:39:18.508+0000] {realtime_streaming.py:48} INFO - Data formatted successfully.
[2025-01-08T15:39:20.497+0000] {realtime_streaming.py:24} INFO - Data fetched successfully from API.
[2025-01-08T15:39:20.498+0000] {realtime_streaming.py:48} INFO - Data formatted successfully.
[2025-01-08T15:39:22.108+0000] {realtime_streaming.py:24} INFO - Data fetched successfully from API.
[2025-01-08T15:39:22.109+0000] {realtime_streaming.py:48} INFO - Data formatted successfully.
[2025-01-08T15:39:24.102+0000] {realtime_streaming.py:24} INFO - Data fetched successfully from API.
[2025-01-08T15:39:24.105+0000] {realtime_streaming.py:48} INFO - Data formatted successfully.
[2025-01-08T15:39:25.518+0000] {realtime_streaming.py:24} INFO - Data fetched successfully from API.
[2025-01-08T15:39:25.519+0000] {realtime_streaming.py:48} INFO - Data formatted successfully.
[2025-01-08T15:39:27.743+0000] {realtime_streaming.py:24} INFO - Data fetched successfully from API.
[2025-01-08T15:39:27.745+0000] {realtime_streaming.py:48} INFO - Data formatted successfully.
[2025-01-08T15:39:30.026+0000] {realtime_streaming.py:24} INFO - Data fetched successfully from API.
[2025-01-08T15:39:30.043+0000] {realtime_streaming.py:48} INFO - Data formatted successfully.
[2025-01-08T15:39:31.292+0000] {conn.py:673} INFO - <BrokerConnection node_id=1 host=broker:9092 <connected> [IPv4 ('172.18.0.10', 9092)]>: Closing connection. 
[2025-01-08T15:39:31.311+0000] {python.py:237} INFO - Done. Returned value was: None
[2025-01-08T15:39:31.326+0000] {taskinstance.py:441} INFO - ::group::Post task execution logs
[2025-01-08T15:39:31.398+0000] {taskinstance.py:1206} INFO - Marking task as SUCCESS. dag_id=realtime_user_streaming_pipeline, task_id=stream_data_from_api, run_id=manual__2025-01-08T15:37:28.936484+00:00, execution_date=20250108T153728, start_date=20250108T153729, end_date=20250108T153931
[2025-01-08T15:39:31.483+0000] {local_task_job_runner.py:243} INFO - Task exited with return code 0
[2025-01-08T15:39:31.509+0000] {taskinstance.py:3503} INFO - 0 downstream tasks scheduled from follow-on schedule check
[2025-01-08T15:39:31.510+0000] {local_task_job_runner.py:222} INFO - ::endgroup::
