[2025-01-08T16:00:33.464+0000] {local_task_job_runner.py:120} INFO - ::group::Pre task execution logs
[2025-01-08T16:00:33.611+0000] {taskinstance.py:2076} INFO - Dependencies all met for dep_context=non-requeueable deps ti=<TaskInstance: realtime_user_streaming_pipeline.stream_data_from_api manual__2025-01-08T16:00:31.795616+00:00 [queued]>
[2025-01-08T16:00:33.627+0000] {taskinstance.py:2076} INFO - Dependencies all met for dep_context=requeueable deps ti=<TaskInstance: realtime_user_streaming_pipeline.stream_data_from_api manual__2025-01-08T16:00:31.795616+00:00 [queued]>
[2025-01-08T16:00:33.627+0000] {taskinstance.py:2306} INFO - Starting attempt 1 of 4
[2025-01-08T16:00:33.663+0000] {taskinstance.py:2330} INFO - Executing <Task(PythonOperator): stream_data_from_api> on 2025-01-08 16:00:31.795616+00:00
[2025-01-08T16:00:33.738+0000] {logging_mixin.py:188} WARNING - /home/***/.local/lib/python3.12/site-packages/***/task/task_runner/standard_task_runner.py:62 DeprecationWarning: This process (pid=795) is multi-threaded, use of fork() may lead to deadlocks in the child.
[2025-01-08T16:00:33.748+0000] {standard_task_runner.py:64} INFO - Started process 802 to run task
[2025-01-08T16:00:33.738+0000] {standard_task_runner.py:90} INFO - Running: ['***', 'tasks', 'run', 'realtime_user_streaming_pipeline', 'stream_data_from_api', 'manual__2025-01-08T16:00:31.795616+00:00', '--job-id', '25', '--raw', '--subdir', 'DAGS_FOLDER/realtime_streaming.py', '--cfg-path', '/tmp/tmpz2c9p450']
[2025-01-08T16:00:33.763+0000] {standard_task_runner.py:91} INFO - Job 25: Subtask stream_data_from_api
[2025-01-08T16:00:33.977+0000] {task_command.py:426} INFO - Running <TaskInstance: realtime_user_streaming_pipeline.stream_data_from_api manual__2025-01-08T16:00:31.795616+00:00 [running]> on host c9d056dd0ec3
[2025-01-08T16:00:34.149+0000] {taskinstance.py:2648} INFO - Exporting env vars: AIRFLOW_CTX_DAG_OWNER='data_engineer' AIRFLOW_CTX_DAG_ID='realtime_user_streaming_pipeline' AIRFLOW_CTX_TASK_ID='stream_data_from_api' AIRFLOW_CTX_EXECUTION_DATE='2025-01-08T16:00:31.795616+00:00' AIRFLOW_CTX_TRY_NUMBER='1' AIRFLOW_CTX_DAG_RUN_ID='manual__2025-01-08T16:00:31.795616+00:00'
[2025-01-08T16:00:34.151+0000] {taskinstance.py:430} INFO - ::endgroup::
[2025-01-08T16:00:34.220+0000] {conn.py:362} INFO - <BrokerConnection node_id=bootstrap-0 host=broker:9092 <connecting> [IPv4 ('172.18.0.10', 9092)]>: connecting to broker:9092 [('172.18.0.10', 9092) IPv4]
[2025-01-08T16:00:34.222+0000] {conn.py:957} INFO - Probing node bootstrap-0 broker version
[2025-01-08T16:00:34.225+0000] {conn.py:393} INFO - <BrokerConnection node_id=bootstrap-0 host=broker:9092 <connecting> [IPv4 ('172.18.0.10', 9092)]>: Connection complete.
[2025-01-08T16:00:34.344+0000] {conn.py:1019} INFO - Broker version identified as 2.6.0
[2025-01-08T16:00:34.345+0000] {conn.py:1020} INFO - Set configuration api_version=(2, 6, 0) to skip auto check_version requests on startup
[2025-01-08T16:00:35.384+0000] {realtime_streaming.py:24} INFO - Data fetched successfully from API.
[2025-01-08T16:00:35.386+0000] {realtime_streaming.py:48} INFO - Data formatted successfully.
[2025-01-08T16:00:35.391+0000] {conn.py:362} INFO - <BrokerConnection node_id=1 host=broker:9092 <connecting> [IPv4 ('172.18.0.10', 9092)]>: connecting to broker:9092 [('172.18.0.10', 9092) IPv4]
[2025-01-08T16:00:35.392+0000] {conn.py:393} INFO - <BrokerConnection node_id=1 host=broker:9092 <connecting> [IPv4 ('172.18.0.10', 9092)]>: Connection complete.
[2025-01-08T16:00:35.393+0000] {conn.py:673} INFO - <BrokerConnection node_id=bootstrap-0 host=broker:9092 <connected> [IPv4 ('172.18.0.10', 9092)]>: Closing connection. 
[2025-01-08T16:00:37.882+0000] {realtime_streaming.py:24} INFO - Data fetched successfully from API.
[2025-01-08T16:00:37.887+0000] {realtime_streaming.py:48} INFO - Data formatted successfully.
[2025-01-08T16:00:39.542+0000] {realtime_streaming.py:24} INFO - Data fetched successfully from API.
[2025-01-08T16:00:39.548+0000] {realtime_streaming.py:48} INFO - Data formatted successfully.
[2025-01-08T16:00:41.042+0000] {realtime_streaming.py:24} INFO - Data fetched successfully from API.
[2025-01-08T16:00:41.043+0000] {realtime_streaming.py:48} INFO - Data formatted successfully.
[2025-01-08T16:00:43.948+0000] {realtime_streaming.py:24} INFO - Data fetched successfully from API.
[2025-01-08T16:00:43.960+0000] {realtime_streaming.py:48} INFO - Data formatted successfully.
[2025-01-08T16:00:46.295+0000] {realtime_streaming.py:24} INFO - Data fetched successfully from API.
[2025-01-08T16:00:46.300+0000] {realtime_streaming.py:48} INFO - Data formatted successfully.
[2025-01-08T16:00:47.918+0000] {realtime_streaming.py:24} INFO - Data fetched successfully from API.
[2025-01-08T16:00:47.923+0000] {realtime_streaming.py:48} INFO - Data formatted successfully.
[2025-01-08T16:00:49.845+0000] {realtime_streaming.py:24} INFO - Data fetched successfully from API.
[2025-01-08T16:00:49.846+0000] {realtime_streaming.py:48} INFO - Data formatted successfully.
[2025-01-08T16:00:52.303+0000] {realtime_streaming.py:24} INFO - Data fetched successfully from API.
[2025-01-08T16:00:52.308+0000] {realtime_streaming.py:48} INFO - Data formatted successfully.
[2025-01-08T16:00:54.648+0000] {realtime_streaming.py:24} INFO - Data fetched successfully from API.
[2025-01-08T16:00:54.650+0000] {realtime_streaming.py:48} INFO - Data formatted successfully.
[2025-01-08T16:00:57.395+0000] {realtime_streaming.py:24} INFO - Data fetched successfully from API.
[2025-01-08T16:00:57.404+0000] {realtime_streaming.py:48} INFO - Data formatted successfully.
[2025-01-08T16:00:59.242+0000] {realtime_streaming.py:24} INFO - Data fetched successfully from API.
[2025-01-08T16:00:59.247+0000] {realtime_streaming.py:48} INFO - Data formatted successfully.
[2025-01-08T16:01:02.347+0000] {realtime_streaming.py:24} INFO - Data fetched successfully from API.
[2025-01-08T16:01:02.350+0000] {realtime_streaming.py:48} INFO - Data formatted successfully.
[2025-01-08T16:01:04.087+0000] {realtime_streaming.py:24} INFO - Data fetched successfully from API.
[2025-01-08T16:01:04.091+0000] {realtime_streaming.py:48} INFO - Data formatted successfully.
[2025-01-08T16:01:05.627+0000] {realtime_streaming.py:24} INFO - Data fetched successfully from API.
[2025-01-08T16:01:05.629+0000] {realtime_streaming.py:48} INFO - Data formatted successfully.
[2025-01-08T16:01:07.017+0000] {realtime_streaming.py:24} INFO - Data fetched successfully from API.
[2025-01-08T16:01:07.021+0000] {realtime_streaming.py:48} INFO - Data formatted successfully.
[2025-01-08T16:01:09.064+0000] {realtime_streaming.py:24} INFO - Data fetched successfully from API.
[2025-01-08T16:01:09.070+0000] {realtime_streaming.py:48} INFO - Data formatted successfully.
[2025-01-08T16:01:10.913+0000] {realtime_streaming.py:24} INFO - Data fetched successfully from API.
[2025-01-08T16:01:10.915+0000] {realtime_streaming.py:48} INFO - Data formatted successfully.
[2025-01-08T16:01:17.065+0000] {realtime_streaming.py:24} INFO - Data fetched successfully from API.
[2025-01-08T16:01:17.069+0000] {realtime_streaming.py:48} INFO - Data formatted successfully.
[2025-01-08T16:01:19.933+0000] {realtime_streaming.py:24} INFO - Data fetched successfully from API.
[2025-01-08T16:01:19.936+0000] {realtime_streaming.py:48} INFO - Data formatted successfully.
[2025-01-08T16:01:22.588+0000] {realtime_streaming.py:24} INFO - Data fetched successfully from API.
[2025-01-08T16:01:22.591+0000] {realtime_streaming.py:48} INFO - Data formatted successfully.
[2025-01-08T16:01:24.117+0000] {realtime_streaming.py:24} INFO - Data fetched successfully from API.
[2025-01-08T16:01:24.120+0000] {realtime_streaming.py:48} INFO - Data formatted successfully.
[2025-01-08T16:01:25.649+0000] {realtime_streaming.py:24} INFO - Data fetched successfully from API.
[2025-01-08T16:01:25.651+0000] {realtime_streaming.py:48} INFO - Data formatted successfully.
[2025-01-08T16:01:28.431+0000] {realtime_streaming.py:24} INFO - Data fetched successfully from API.
[2025-01-08T16:01:28.440+0000] {realtime_streaming.py:48} INFO - Data formatted successfully.
[2025-01-08T16:01:30.684+0000] {realtime_streaming.py:24} INFO - Data fetched successfully from API.
[2025-01-08T16:01:30.687+0000] {realtime_streaming.py:48} INFO - Data formatted successfully.
[2025-01-08T16:01:32.784+0000] {realtime_streaming.py:24} INFO - Data fetched successfully from API.
[2025-01-08T16:01:32.787+0000] {realtime_streaming.py:48} INFO - Data formatted successfully.
[2025-01-08T16:01:35.642+0000] {realtime_streaming.py:24} INFO - Data fetched successfully from API.
[2025-01-08T16:01:35.672+0000] {realtime_streaming.py:48} INFO - Data formatted successfully.
[2025-01-08T16:01:37.127+0000] {realtime_streaming.py:24} INFO - Data fetched successfully from API.
[2025-01-08T16:01:37.129+0000] {realtime_streaming.py:48} INFO - Data formatted successfully.
[2025-01-08T16:01:39.215+0000] {realtime_streaming.py:24} INFO - Data fetched successfully from API.
[2025-01-08T16:01:39.217+0000] {realtime_streaming.py:48} INFO - Data formatted successfully.
[2025-01-08T16:01:41.011+0000] {realtime_streaming.py:24} INFO - Data fetched successfully from API.
[2025-01-08T16:01:41.014+0000] {realtime_streaming.py:48} INFO - Data formatted successfully.
[2025-01-08T16:01:43.193+0000] {realtime_streaming.py:24} INFO - Data fetched successfully from API.
[2025-01-08T16:01:43.195+0000] {realtime_streaming.py:48} INFO - Data formatted successfully.
[2025-01-08T16:01:45.584+0000] {realtime_streaming.py:24} INFO - Data fetched successfully from API.
[2025-01-08T16:01:45.586+0000] {realtime_streaming.py:48} INFO - Data formatted successfully.
[2025-01-08T16:01:48.085+0000] {realtime_streaming.py:24} INFO - Data fetched successfully from API.
[2025-01-08T16:01:48.087+0000] {realtime_streaming.py:48} INFO - Data formatted successfully.
[2025-01-08T16:01:50.306+0000] {realtime_streaming.py:24} INFO - Data fetched successfully from API.
[2025-01-08T16:01:50.308+0000] {realtime_streaming.py:48} INFO - Data formatted successfully.
[2025-01-08T16:01:51.694+0000] {realtime_streaming.py:24} INFO - Data fetched successfully from API.
[2025-01-08T16:01:51.696+0000] {realtime_streaming.py:48} INFO - Data formatted successfully.
[2025-01-08T16:01:53.472+0000] {realtime_streaming.py:24} INFO - Data fetched successfully from API.
[2025-01-08T16:01:53.475+0000] {realtime_streaming.py:48} INFO - Data formatted successfully.
[2025-01-08T16:01:55.920+0000] {realtime_streaming.py:24} INFO - Data fetched successfully from API.
[2025-01-08T16:01:55.922+0000] {realtime_streaming.py:48} INFO - Data formatted successfully.
[2025-01-08T16:01:57.441+0000] {realtime_streaming.py:24} INFO - Data fetched successfully from API.
[2025-01-08T16:01:57.443+0000] {realtime_streaming.py:48} INFO - Data formatted successfully.
[2025-01-08T16:01:59.708+0000] {realtime_streaming.py:24} INFO - Data fetched successfully from API.
[2025-01-08T16:01:59.709+0000] {realtime_streaming.py:48} INFO - Data formatted successfully.
[2025-01-08T16:02:02.347+0000] {realtime_streaming.py:24} INFO - Data fetched successfully from API.
[2025-01-08T16:02:02.351+0000] {realtime_streaming.py:48} INFO - Data formatted successfully.
[2025-01-08T16:02:04.312+0000] {realtime_streaming.py:24} INFO - Data fetched successfully from API.
[2025-01-08T16:02:04.314+0000] {realtime_streaming.py:48} INFO - Data formatted successfully.
[2025-01-08T16:02:06.110+0000] {realtime_streaming.py:24} INFO - Data fetched successfully from API.
[2025-01-08T16:02:06.112+0000] {realtime_streaming.py:48} INFO - Data formatted successfully.
[2025-01-08T16:02:09.441+0000] {realtime_streaming.py:24} INFO - Data fetched successfully from API.
[2025-01-08T16:02:09.443+0000] {realtime_streaming.py:48} INFO - Data formatted successfully.
[2025-01-08T16:02:11.051+0000] {realtime_streaming.py:24} INFO - Data fetched successfully from API.
[2025-01-08T16:02:11.052+0000] {realtime_streaming.py:48} INFO - Data formatted successfully.
[2025-01-08T16:02:12.651+0000] {realtime_streaming.py:24} INFO - Data fetched successfully from API.
[2025-01-08T16:02:12.653+0000] {realtime_streaming.py:48} INFO - Data formatted successfully.
[2025-01-08T16:02:15.293+0000] {realtime_streaming.py:24} INFO - Data fetched successfully from API.
[2025-01-08T16:02:15.295+0000] {realtime_streaming.py:48} INFO - Data formatted successfully.
[2025-01-08T16:02:17.065+0000] {realtime_streaming.py:24} INFO - Data fetched successfully from API.
[2025-01-08T16:02:17.068+0000] {realtime_streaming.py:48} INFO - Data formatted successfully.
[2025-01-08T16:02:19.085+0000] {realtime_streaming.py:24} INFO - Data fetched successfully from API.
[2025-01-08T16:02:19.087+0000] {realtime_streaming.py:48} INFO - Data formatted successfully.
[2025-01-08T16:02:20.952+0000] {realtime_streaming.py:24} INFO - Data fetched successfully from API.
[2025-01-08T16:02:20.957+0000] {realtime_streaming.py:48} INFO - Data formatted successfully.
[2025-01-08T16:02:23.323+0000] {realtime_streaming.py:24} INFO - Data fetched successfully from API.
[2025-01-08T16:02:23.326+0000] {realtime_streaming.py:48} INFO - Data formatted successfully.
[2025-01-08T16:02:24.712+0000] {realtime_streaming.py:24} INFO - Data fetched successfully from API.
[2025-01-08T16:02:24.714+0000] {realtime_streaming.py:48} INFO - Data formatted successfully.
[2025-01-08T16:02:27.154+0000] {realtime_streaming.py:24} INFO - Data fetched successfully from API.
[2025-01-08T16:02:27.156+0000] {realtime_streaming.py:48} INFO - Data formatted successfully.
[2025-01-08T16:02:28.479+0000] {realtime_streaming.py:24} INFO - Data fetched successfully from API.
[2025-01-08T16:02:28.482+0000] {realtime_streaming.py:48} INFO - Data formatted successfully.
[2025-01-08T16:02:30.625+0000] {realtime_streaming.py:24} INFO - Data fetched successfully from API.
[2025-01-08T16:02:30.627+0000] {realtime_streaming.py:48} INFO - Data formatted successfully.
[2025-01-08T16:02:32.047+0000] {realtime_streaming.py:24} INFO - Data fetched successfully from API.
[2025-01-08T16:02:32.058+0000] {realtime_streaming.py:48} INFO - Data formatted successfully.
[2025-01-08T16:02:34.575+0000] {realtime_streaming.py:24} INFO - Data fetched successfully from API.
[2025-01-08T16:02:34.577+0000] {realtime_streaming.py:48} INFO - Data formatted successfully.
[2025-01-08T16:02:36.207+0000] {conn.py:673} INFO - <BrokerConnection node_id=1 host=broker:9092 <connected> [IPv4 ('172.18.0.10', 9092)]>: Closing connection. 
[2025-01-08T16:02:36.213+0000] {python.py:237} INFO - Done. Returned value was: None
[2025-01-08T16:02:36.216+0000] {taskinstance.py:441} INFO - ::group::Post task execution logs
[2025-01-08T16:02:36.260+0000] {taskinstance.py:1206} INFO - Marking task as SUCCESS. dag_id=realtime_user_streaming_pipeline, task_id=stream_data_from_api, run_id=manual__2025-01-08T16:00:31.795616+00:00, execution_date=20250108T160031, start_date=20250108T160033, end_date=20250108T160236
[2025-01-08T16:02:36.332+0000] {local_task_job_runner.py:243} INFO - Task exited with return code 0
[2025-01-08T16:02:36.364+0000] {taskinstance.py:3503} INFO - 0 downstream tasks scheduled from follow-on schedule check
[2025-01-08T16:02:36.365+0000] {local_task_job_runner.py:222} INFO - ::endgroup::
