[2025-01-08T15:37:36.894+0000] {local_task_job_runner.py:120} INFO - ::group::Pre task execution logs
[2025-01-08T15:37:36.939+0000] {taskinstance.py:2076} INFO - Dependencies all met for dep_context=non-requeueable deps ti=<TaskInstance: realtime_user_streaming_pipeline.stream_data_from_api manual__2025-01-08T15:37:35.842903+00:00 [queued]>
[2025-01-08T15:37:36.949+0000] {taskinstance.py:2076} INFO - Dependencies all met for dep_context=requeueable deps ti=<TaskInstance: realtime_user_streaming_pipeline.stream_data_from_api manual__2025-01-08T15:37:35.842903+00:00 [queued]>
[2025-01-08T15:37:36.949+0000] {taskinstance.py:2306} INFO - Starting attempt 1 of 4
[2025-01-08T15:37:36.970+0000] {taskinstance.py:2330} INFO - Executing <Task(PythonOperator): stream_data_from_api> on 2025-01-08 15:37:35.842903+00:00
[2025-01-08T15:37:37.040+0000] {logging_mixin.py:188} WARNING - /home/***/.local/lib/python3.12/site-packages/***/task/task_runner/standard_task_runner.py:62 DeprecationWarning: This process (pid=288) is multi-threaded, use of fork() may lead to deadlocks in the child.
[2025-01-08T15:37:37.048+0000] {standard_task_runner.py:64} INFO - Started process 292 to run task
[2025-01-08T15:37:37.035+0000] {standard_task_runner.py:90} INFO - Running: ['***', 'tasks', 'run', 'realtime_user_streaming_pipeline', 'stream_data_from_api', 'manual__2025-01-08T15:37:35.842903+00:00', '--job-id', '20', '--raw', '--subdir', 'DAGS_FOLDER/realtime_streaming.py', '--cfg-path', '/tmp/tmpw1rp5p89']
[2025-01-08T15:37:37.053+0000] {standard_task_runner.py:91} INFO - Job 20: Subtask stream_data_from_api
[2025-01-08T15:37:37.191+0000] {task_command.py:426} INFO - Running <TaskInstance: realtime_user_streaming_pipeline.stream_data_from_api manual__2025-01-08T15:37:35.842903+00:00 [running]> on host c9d056dd0ec3
[2025-01-08T15:37:37.289+0000] {taskinstance.py:2648} INFO - Exporting env vars: AIRFLOW_CTX_DAG_OWNER='data_engineer' AIRFLOW_CTX_DAG_ID='realtime_user_streaming_pipeline' AIRFLOW_CTX_TASK_ID='stream_data_from_api' AIRFLOW_CTX_EXECUTION_DATE='2025-01-08T15:37:35.842903+00:00' AIRFLOW_CTX_TRY_NUMBER='1' AIRFLOW_CTX_DAG_RUN_ID='manual__2025-01-08T15:37:35.842903+00:00'
[2025-01-08T15:37:37.289+0000] {taskinstance.py:430} INFO - ::endgroup::
[2025-01-08T15:37:37.299+0000] {conn.py:362} INFO - <BrokerConnection node_id=bootstrap-0 host=broker:9092 <connecting> [IPv4 ('172.18.0.10', 9092)]>: connecting to broker:9092 [('172.18.0.10', 9092) IPv4]
[2025-01-08T15:37:37.299+0000] {conn.py:957} INFO - Probing node bootstrap-0 broker version
[2025-01-08T15:37:37.300+0000] {conn.py:393} INFO - <BrokerConnection node_id=bootstrap-0 host=broker:9092 <connecting> [IPv4 ('172.18.0.10', 9092)]>: Connection complete.
[2025-01-08T15:37:37.404+0000] {conn.py:1019} INFO - Broker version identified as 2.6.0
[2025-01-08T15:37:37.405+0000] {conn.py:1020} INFO - Set configuration api_version=(2, 6, 0) to skip auto check_version requests on startup
[2025-01-08T15:37:38.318+0000] {realtime_streaming.py:24} INFO - Data fetched successfully from API.
[2025-01-08T15:37:38.320+0000] {realtime_streaming.py:48} INFO - Data formatted successfully.
[2025-01-08T15:37:38.323+0000] {conn.py:362} INFO - <BrokerConnection node_id=1 host=broker:9092 <connecting> [IPv4 ('172.18.0.10', 9092)]>: connecting to broker:9092 [('172.18.0.10', 9092) IPv4]
[2025-01-08T15:37:38.323+0000] {conn.py:393} INFO - <BrokerConnection node_id=1 host=broker:9092 <connecting> [IPv4 ('172.18.0.10', 9092)]>: Connection complete.
[2025-01-08T15:37:38.324+0000] {conn.py:673} INFO - <BrokerConnection node_id=bootstrap-0 host=broker:9092 <connected> [IPv4 ('172.18.0.10', 9092)]>: Closing connection. 
[2025-01-08T15:37:40.913+0000] {realtime_streaming.py:24} INFO - Data fetched successfully from API.
[2025-01-08T15:37:40.917+0000] {realtime_streaming.py:48} INFO - Data formatted successfully.
[2025-01-08T15:37:42.820+0000] {realtime_streaming.py:24} INFO - Data fetched successfully from API.
[2025-01-08T15:37:42.822+0000] {realtime_streaming.py:48} INFO - Data formatted successfully.
[2025-01-08T15:37:44.650+0000] {realtime_streaming.py:24} INFO - Data fetched successfully from API.
[2025-01-08T15:37:44.654+0000] {realtime_streaming.py:48} INFO - Data formatted successfully.
[2025-01-08T15:37:46.798+0000] {realtime_streaming.py:24} INFO - Data fetched successfully from API.
[2025-01-08T15:37:46.805+0000] {realtime_streaming.py:48} INFO - Data formatted successfully.
[2025-01-08T15:37:48.613+0000] {realtime_streaming.py:24} INFO - Data fetched successfully from API.
[2025-01-08T15:37:48.616+0000] {realtime_streaming.py:48} INFO - Data formatted successfully.
[2025-01-08T15:37:50.908+0000] {realtime_streaming.py:24} INFO - Data fetched successfully from API.
[2025-01-08T15:37:50.912+0000] {realtime_streaming.py:48} INFO - Data formatted successfully.
[2025-01-08T15:37:53.556+0000] {realtime_streaming.py:24} INFO - Data fetched successfully from API.
[2025-01-08T15:37:53.559+0000] {realtime_streaming.py:48} INFO - Data formatted successfully.
[2025-01-08T15:37:54.677+0000] {realtime_streaming.py:24} INFO - Data fetched successfully from API.
[2025-01-08T15:37:54.677+0000] {realtime_streaming.py:48} INFO - Data formatted successfully.
[2025-01-08T15:37:56.834+0000] {realtime_streaming.py:24} INFO - Data fetched successfully from API.
[2025-01-08T15:37:56.835+0000] {realtime_streaming.py:48} INFO - Data formatted successfully.
[2025-01-08T15:37:59.348+0000] {realtime_streaming.py:24} INFO - Data fetched successfully from API.
[2025-01-08T15:37:59.350+0000] {realtime_streaming.py:48} INFO - Data formatted successfully.
[2025-01-08T15:38:00.859+0000] {realtime_streaming.py:24} INFO - Data fetched successfully from API.
[2025-01-08T15:38:00.862+0000] {realtime_streaming.py:48} INFO - Data formatted successfully.
[2025-01-08T15:38:02.734+0000] {realtime_streaming.py:24} INFO - Data fetched successfully from API.
[2025-01-08T15:38:02.735+0000] {realtime_streaming.py:48} INFO - Data formatted successfully.
[2025-01-08T15:38:04.099+0000] {realtime_streaming.py:24} INFO - Data fetched successfully from API.
[2025-01-08T15:38:04.100+0000] {realtime_streaming.py:48} INFO - Data formatted successfully.
[2025-01-08T15:38:05.885+0000] {realtime_streaming.py:24} INFO - Data fetched successfully from API.
[2025-01-08T15:38:05.887+0000] {realtime_streaming.py:48} INFO - Data formatted successfully.
[2025-01-08T15:38:08.025+0000] {realtime_streaming.py:24} INFO - Data fetched successfully from API.
[2025-01-08T15:38:08.027+0000] {realtime_streaming.py:48} INFO - Data formatted successfully.
[2025-01-08T15:38:09.759+0000] {realtime_streaming.py:24} INFO - Data fetched successfully from API.
[2025-01-08T15:38:09.759+0000] {realtime_streaming.py:48} INFO - Data formatted successfully.
[2025-01-08T15:38:11.504+0000] {realtime_streaming.py:24} INFO - Data fetched successfully from API.
[2025-01-08T15:38:11.509+0000] {realtime_streaming.py:48} INFO - Data formatted successfully.
[2025-01-08T15:38:13.813+0000] {realtime_streaming.py:24} INFO - Data fetched successfully from API.
[2025-01-08T15:38:13.815+0000] {realtime_streaming.py:48} INFO - Data formatted successfully.
[2025-01-08T15:38:16.517+0000] {realtime_streaming.py:24} INFO - Data fetched successfully from API.
[2025-01-08T15:38:16.518+0000] {realtime_streaming.py:48} INFO - Data formatted successfully.
[2025-01-08T15:38:18.849+0000] {realtime_streaming.py:24} INFO - Data fetched successfully from API.
[2025-01-08T15:38:18.852+0000] {realtime_streaming.py:48} INFO - Data formatted successfully.
[2025-01-08T15:38:21.348+0000] {realtime_streaming.py:24} INFO - Data fetched successfully from API.
[2025-01-08T15:38:21.351+0000] {realtime_streaming.py:48} INFO - Data formatted successfully.
[2025-01-08T15:38:23.335+0000] {realtime_streaming.py:24} INFO - Data fetched successfully from API.
[2025-01-08T15:38:23.337+0000] {realtime_streaming.py:48} INFO - Data formatted successfully.
[2025-01-08T15:38:24.826+0000] {realtime_streaming.py:24} INFO - Data fetched successfully from API.
[2025-01-08T15:38:24.828+0000] {realtime_streaming.py:48} INFO - Data formatted successfully.
[2025-01-08T15:38:27.533+0000] {realtime_streaming.py:24} INFO - Data fetched successfully from API.
[2025-01-08T15:38:27.536+0000] {realtime_streaming.py:48} INFO - Data formatted successfully.
[2025-01-08T15:38:29.465+0000] {realtime_streaming.py:24} INFO - Data fetched successfully from API.
[2025-01-08T15:38:29.465+0000] {realtime_streaming.py:48} INFO - Data formatted successfully.
[2025-01-08T15:38:31.624+0000] {realtime_streaming.py:24} INFO - Data fetched successfully from API.
[2025-01-08T15:38:31.625+0000] {realtime_streaming.py:48} INFO - Data formatted successfully.
[2025-01-08T15:38:33.660+0000] {realtime_streaming.py:24} INFO - Data fetched successfully from API.
[2025-01-08T15:38:33.660+0000] {realtime_streaming.py:48} INFO - Data formatted successfully.
[2025-01-08T15:38:35.058+0000] {realtime_streaming.py:24} INFO - Data fetched successfully from API.
[2025-01-08T15:38:35.063+0000] {realtime_streaming.py:48} INFO - Data formatted successfully.
[2025-01-08T15:38:36.928+0000] {realtime_streaming.py:24} INFO - Data fetched successfully from API.
[2025-01-08T15:38:36.930+0000] {realtime_streaming.py:48} INFO - Data formatted successfully.
[2025-01-08T15:38:38.382+0000] {realtime_streaming.py:24} INFO - Data fetched successfully from API.
[2025-01-08T15:38:38.388+0000] {realtime_streaming.py:48} INFO - Data formatted successfully.
[2025-01-08T15:38:40.592+0000] {realtime_streaming.py:24} INFO - Data fetched successfully from API.
[2025-01-08T15:38:40.594+0000] {realtime_streaming.py:48} INFO - Data formatted successfully.
[2025-01-08T15:38:42.556+0000] {realtime_streaming.py:24} INFO - Data fetched successfully from API.
[2025-01-08T15:38:42.558+0000] {realtime_streaming.py:48} INFO - Data formatted successfully.
[2025-01-08T15:38:44.199+0000] {realtime_streaming.py:24} INFO - Data fetched successfully from API.
[2025-01-08T15:38:44.201+0000] {realtime_streaming.py:48} INFO - Data formatted successfully.
[2025-01-08T15:38:46.187+0000] {realtime_streaming.py:24} INFO - Data fetched successfully from API.
[2025-01-08T15:38:46.188+0000] {realtime_streaming.py:48} INFO - Data formatted successfully.
[2025-01-08T15:38:48.389+0000] {realtime_streaming.py:24} INFO - Data fetched successfully from API.
[2025-01-08T15:38:48.393+0000] {realtime_streaming.py:48} INFO - Data formatted successfully.
[2025-01-08T15:38:49.775+0000] {realtime_streaming.py:24} INFO - Data fetched successfully from API.
[2025-01-08T15:38:49.777+0000] {realtime_streaming.py:48} INFO - Data formatted successfully.
[2025-01-08T15:38:51.564+0000] {realtime_streaming.py:24} INFO - Data fetched successfully from API.
[2025-01-08T15:38:51.566+0000] {realtime_streaming.py:48} INFO - Data formatted successfully.
[2025-01-08T15:38:53.015+0000] {realtime_streaming.py:24} INFO - Data fetched successfully from API.
[2025-01-08T15:38:53.016+0000] {realtime_streaming.py:48} INFO - Data formatted successfully.
[2025-01-08T15:38:55.429+0000] {realtime_streaming.py:24} INFO - Data fetched successfully from API.
[2025-01-08T15:38:55.429+0000] {realtime_streaming.py:48} INFO - Data formatted successfully.
[2025-01-08T15:38:56.862+0000] {realtime_streaming.py:24} INFO - Data fetched successfully from API.
[2025-01-08T15:38:56.863+0000] {realtime_streaming.py:48} INFO - Data formatted successfully.
[2025-01-08T15:38:59.034+0000] {realtime_streaming.py:24} INFO - Data fetched successfully from API.
[2025-01-08T15:38:59.036+0000] {realtime_streaming.py:48} INFO - Data formatted successfully.
[2025-01-08T15:39:02.755+0000] {realtime_streaming.py:24} INFO - Data fetched successfully from API.
[2025-01-08T15:39:02.758+0000] {realtime_streaming.py:48} INFO - Data formatted successfully.
[2025-01-08T15:39:04.834+0000] {realtime_streaming.py:24} INFO - Data fetched successfully from API.
[2025-01-08T15:39:04.837+0000] {realtime_streaming.py:48} INFO - Data formatted successfully.
[2025-01-08T15:39:06.825+0000] {realtime_streaming.py:24} INFO - Data fetched successfully from API.
[2025-01-08T15:39:06.830+0000] {realtime_streaming.py:48} INFO - Data formatted successfully.
[2025-01-08T15:39:08.627+0000] {realtime_streaming.py:24} INFO - Data fetched successfully from API.
[2025-01-08T15:39:08.630+0000] {realtime_streaming.py:48} INFO - Data formatted successfully.
[2025-01-08T15:39:10.680+0000] {realtime_streaming.py:24} INFO - Data fetched successfully from API.
[2025-01-08T15:39:10.682+0000] {realtime_streaming.py:48} INFO - Data formatted successfully.
[2025-01-08T15:39:12.420+0000] {realtime_streaming.py:24} INFO - Data fetched successfully from API.
[2025-01-08T15:39:12.422+0000] {realtime_streaming.py:48} INFO - Data formatted successfully.
[2025-01-08T15:39:15.013+0000] {realtime_streaming.py:24} INFO - Data fetched successfully from API.
[2025-01-08T15:39:15.016+0000] {realtime_streaming.py:48} INFO - Data formatted successfully.
[2025-01-08T15:39:16.759+0000] {realtime_streaming.py:24} INFO - Data fetched successfully from API.
[2025-01-08T15:39:16.760+0000] {realtime_streaming.py:48} INFO - Data formatted successfully.
[2025-01-08T15:39:18.658+0000] {realtime_streaming.py:24} INFO - Data fetched successfully from API.
[2025-01-08T15:39:18.660+0000] {realtime_streaming.py:48} INFO - Data formatted successfully.
[2025-01-08T15:39:20.902+0000] {realtime_streaming.py:24} INFO - Data fetched successfully from API.
[2025-01-08T15:39:20.906+0000] {realtime_streaming.py:48} INFO - Data formatted successfully.
[2025-01-08T15:39:22.481+0000] {realtime_streaming.py:24} INFO - Data fetched successfully from API.
[2025-01-08T15:39:22.482+0000] {realtime_streaming.py:48} INFO - Data formatted successfully.
[2025-01-08T15:39:23.970+0000] {realtime_streaming.py:24} INFO - Data fetched successfully from API.
[2025-01-08T15:39:23.972+0000] {realtime_streaming.py:48} INFO - Data formatted successfully.
[2025-01-08T15:39:26.078+0000] {realtime_streaming.py:24} INFO - Data fetched successfully from API.
[2025-01-08T15:39:26.080+0000] {realtime_streaming.py:48} INFO - Data formatted successfully.
[2025-01-08T15:39:27.945+0000] {realtime_streaming.py:24} INFO - Data fetched successfully from API.
[2025-01-08T15:39:27.949+0000] {realtime_streaming.py:48} INFO - Data formatted successfully.
[2025-01-08T15:39:30.553+0000] {realtime_streaming.py:24} INFO - Data fetched successfully from API.
[2025-01-08T15:39:30.555+0000] {realtime_streaming.py:48} INFO - Data formatted successfully.
[2025-01-08T15:39:33.110+0000] {realtime_streaming.py:24} INFO - Data fetched successfully from API.
[2025-01-08T15:39:33.112+0000] {realtime_streaming.py:48} INFO - Data formatted successfully.
[2025-01-08T15:39:34.761+0000] {realtime_streaming.py:24} INFO - Data fetched successfully from API.
[2025-01-08T15:39:34.766+0000] {realtime_streaming.py:48} INFO - Data formatted successfully.
[2025-01-08T15:39:37.128+0000] {realtime_streaming.py:24} INFO - Data fetched successfully from API.
[2025-01-08T15:39:37.129+0000] {realtime_streaming.py:48} INFO - Data formatted successfully.
[2025-01-08T15:39:38.817+0000] {conn.py:673} INFO - <BrokerConnection node_id=1 host=broker:9092 <connected> [IPv4 ('172.18.0.10', 9092)]>: Closing connection. 
[2025-01-08T15:39:38.821+0000] {python.py:237} INFO - Done. Returned value was: None
[2025-01-08T15:39:38.826+0000] {taskinstance.py:441} INFO - ::group::Post task execution logs
[2025-01-08T15:39:38.859+0000] {taskinstance.py:1206} INFO - Marking task as SUCCESS. dag_id=realtime_user_streaming_pipeline, task_id=stream_data_from_api, run_id=manual__2025-01-08T15:37:35.842903+00:00, execution_date=20250108T153735, start_date=20250108T153736, end_date=20250108T153938
[2025-01-08T15:39:38.915+0000] {local_task_job_runner.py:243} INFO - Task exited with return code 0
[2025-01-08T15:39:38.931+0000] {taskinstance.py:3503} INFO - 0 downstream tasks scheduled from follow-on schedule check
[2025-01-08T15:39:38.932+0000] {local_task_job_runner.py:222} INFO - ::endgroup::
