[2025-01-08T14:02:42.015+0000] {manager.py:470} INFO - Processing files using up to 2 processes at a time 
[2025-01-08T14:02:42.017+0000] {manager.py:471} INFO - Process each file at most once every 30 seconds
[2025-01-08T14:02:42.018+0000] {manager.py:472} INFO - Checking for new files in /opt/airflow/dags every 300 seconds
[2025-01-08T14:02:42.024+0000] {manager.py:737} INFO - Searching for files in /opt/airflow/dags
[2025-01-08T14:02:42.030+0000] {manager.py:740} INFO - There are 0 files in /opt/airflow/dags
[2025-01-08T14:04:15.235+0000] {manager.py:452} INFO - Exiting gracefully upon receiving signal 15
[2025-01-08T14:16:55.572+0000] {manager.py:470} INFO - Processing files using up to 2 processes at a time 
[2025-01-08T14:16:55.573+0000] {manager.py:471} INFO - Process each file at most once every 30 seconds
[2025-01-08T14:16:55.579+0000] {manager.py:472} INFO - Checking for new files in /opt/airflow/dags every 300 seconds
[2025-01-08T14:16:55.580+0000] {manager.py:737} INFO - Searching for files in /opt/airflow/dags
[2025-01-08T14:16:55.596+0000] {manager.py:740} INFO - There are 1 files in /opt/airflow/dags
[2025-01-08T14:16:55.689+0000] {manager.py:878} INFO - 
================================================================================
DAG File Processing Stats

File Path                                                    PID  Runtime      # DAGs    # Errors  Last Runtime    Last Run
---------------------------------------------------------  -----  ---------  --------  ----------  --------------  ----------
/opt/airflow/dags/realtime_user_streaming_pipeline_dag.py    193  0.04s             0           0
================================================================================
[2025-01-08T14:17:26.347+0000] {manager.py:878} INFO - 
================================================================================
DAG File Processing Stats

File Path                                                    PID  Runtime      # DAGs    # Errors  Last Runtime    Last Run
---------------------------------------------------------  -----  ---------  --------  ----------  --------------  -------------------
/opt/airflow/dags/realtime_user_streaming_pipeline_dag.py    204  0.02s             0           1  0.08s           2025-01-08T14:16:55
================================================================================
[2025-01-08T14:17:56.687+0000] {manager.py:878} INFO - 
================================================================================
DAG File Processing Stats

File Path                                                    PID  Runtime      # DAGs    # Errors  Last Runtime    Last Run
---------------------------------------------------------  -----  ---------  --------  ----------  --------------  -------------------
/opt/airflow/dags/realtime_user_streaming_pipeline_dag.py    215  0.03s             0           1  0.10s           2025-01-08T14:17:26
================================================================================
[2025-01-08T14:18:27.074+0000] {manager.py:878} INFO - 
================================================================================
DAG File Processing Stats

File Path                                                    PID  Runtime      # DAGs    # Errors  Last Runtime    Last Run
---------------------------------------------------------  -----  ---------  --------  ----------  --------------  -------------------
/opt/airflow/dags/realtime_user_streaming_pipeline_dag.py    226  0.04s             0           1  0.09s           2025-01-08T14:17:56
================================================================================
[2025-01-08T14:18:57.428+0000] {manager.py:878} INFO - 
================================================================================
DAG File Processing Stats

File Path                                                  PID    Runtime      # DAGs    # Errors  Last Runtime    Last Run
---------------------------------------------------------  -----  ---------  --------  ----------  --------------  -------------------
/opt/airflow/dags/realtime_user_streaming_pipeline_dag.py                           0           1  0.18s           2025-01-08T14:18:30
================================================================================
[2025-01-08T14:19:27.814+0000] {manager.py:878} INFO - 
================================================================================
DAG File Processing Stats

File Path                                                  PID    Runtime      # DAGs    # Errors  Last Runtime    Last Run
---------------------------------------------------------  -----  ---------  --------  ----------  --------------  -------------------
/opt/airflow/dags/realtime_user_streaming_pipeline_dag.py                           0           1  0.09s           2025-01-08T14:19:00
================================================================================
[2025-01-08T14:19:58.149+0000] {manager.py:878} INFO - 
================================================================================
DAG File Processing Stats

File Path                                                  PID    Runtime      # DAGs    # Errors  Last Runtime    Last Run
---------------------------------------------------------  -----  ---------  --------  ----------  --------------  -------------------
/opt/airflow/dags/realtime_user_streaming_pipeline_dag.py                           0           1  0.13s           2025-01-08T14:19:31
================================================================================
[2025-01-08T14:20:28.502+0000] {manager.py:878} INFO - 
================================================================================
DAG File Processing Stats

File Path                                                  PID    Runtime      # DAGs    # Errors  Last Runtime    Last Run
---------------------------------------------------------  -----  ---------  --------  ----------  --------------  -------------------
/opt/airflow/dags/realtime_user_streaming_pipeline_dag.py                           0           1  0.09s           2025-01-08T14:20:21
================================================================================
[2025-01-08T14:20:58.852+0000] {manager.py:878} INFO - 
================================================================================
DAG File Processing Stats

File Path                                                  PID    Runtime      # DAGs    # Errors  Last Runtime    Last Run
---------------------------------------------------------  -----  ---------  --------  ----------  --------------  -------------------
/opt/airflow/dags/realtime_user_streaming_pipeline_dag.py                           0           1  0.09s           2025-01-08T14:20:51
================================================================================
[2025-01-08T14:21:29.220+0000] {manager.py:878} INFO - 
================================================================================
DAG File Processing Stats

File Path                                                  PID    Runtime      # DAGs    # Errors  Last Runtime    Last Run
---------------------------------------------------------  -----  ---------  --------  ----------  --------------  -------------------
/opt/airflow/dags/realtime_user_streaming_pipeline_dag.py                           0           1  0.09s           2025-01-08T14:21:22
================================================================================
[2025-01-08T14:21:56.264+0000] {manager.py:737} INFO - Searching for files in /opt/airflow/dags
[2025-01-08T14:21:56.273+0000] {manager.py:740} INFO - There are 1 files in /opt/airflow/dags
[2025-01-08T14:21:59.312+0000] {manager.py:878} INFO - 
================================================================================
DAG File Processing Stats

File Path                                                  PID    Runtime      # DAGs    # Errors  Last Runtime    Last Run
---------------------------------------------------------  -----  ---------  --------  ----------  --------------  -------------------
/opt/airflow/dags/realtime_user_streaming_pipeline_dag.py                           0           1  0.73s           2025-01-08T14:21:49
================================================================================
[2025-01-08T14:22:29.628+0000] {manager.py:878} INFO - 
================================================================================
DAG File Processing Stats

File Path                                                  PID    Runtime      # DAGs    # Errors  Last Runtime    Last Run
---------------------------------------------------------  -----  ---------  --------  ----------  --------------  -------------------
/opt/airflow/dags/realtime_user_streaming_pipeline_dag.py                           0           1  0.16s           2025-01-08T14:22:19
================================================================================
[2025-01-08T14:22:49.276+0000] {manager.py:452} INFO - Exiting gracefully upon receiving signal 15
[2025-01-08T14:31:49.551+0000] {manager.py:470} INFO - Processing files using up to 2 processes at a time 
[2025-01-08T14:31:49.553+0000] {manager.py:471} INFO - Process each file at most once every 30 seconds
[2025-01-08T14:31:49.558+0000] {manager.py:472} INFO - Checking for new files in /opt/airflow/dags every 300 seconds
[2025-01-08T14:31:49.565+0000] {manager.py:737} INFO - Searching for files in /opt/airflow/dags
[2025-01-08T14:31:49.636+0000] {manager.py:740} INFO - There are 1 files in /opt/airflow/dags
[2025-01-08T14:31:50.034+0000] {manager.py:878} INFO - 
================================================================================
DAG File Processing Stats

File Path                                  PID  Runtime      # DAGs    # Errors  Last Runtime    Last Run
---------------------------------------  -----  ---------  --------  ----------  --------------  ----------
/opt/airflow/dags/realtime_streaming.py    199  0.13s             0           0
================================================================================
[2025-01-08T14:32:20.270+0000] {manager.py:878} INFO - 
================================================================================
DAG File Processing Stats

File Path                                PID    Runtime      # DAGs    # Errors  Last Runtime    Last Run
---------------------------------------  -----  ---------  --------  ----------  --------------  -------------------
/opt/airflow/dags/realtime_streaming.py                           1           0  1.59s           2025-01-08T14:31:51
================================================================================
[2025-01-08T14:32:51.012+0000] {manager.py:878} INFO - 
================================================================================
DAG File Processing Stats

File Path                                PID    Runtime      # DAGs    # Errors  Last Runtime    Last Run
---------------------------------------  -----  ---------  --------  ----------  --------------  -------------------
/opt/airflow/dags/realtime_streaming.py                           1           0  0.22s           2025-01-08T14:32:21
================================================================================
[2025-01-08T14:33:21.394+0000] {manager.py:878} INFO - 
================================================================================
DAG File Processing Stats

File Path                                PID    Runtime      # DAGs    # Errors  Last Runtime    Last Run
---------------------------------------  -----  ---------  --------  ----------  --------------  -------------------
/opt/airflow/dags/realtime_streaming.py                           1           0  0.28s           2025-01-08T14:32:52
================================================================================
[2025-01-08T14:33:51.805+0000] {manager.py:878} INFO - 
================================================================================
DAG File Processing Stats

File Path                                PID    Runtime      # DAGs    # Errors  Last Runtime    Last Run
---------------------------------------  -----  ---------  --------  ----------  --------------  -------------------
/opt/airflow/dags/realtime_streaming.py                           1           0  0.16s           2025-01-08T14:33:22
================================================================================
[2025-01-08T14:34:22.175+0000] {manager.py:878} INFO - 
================================================================================
DAG File Processing Stats

File Path                                PID    Runtime      # DAGs    # Errors  Last Runtime    Last Run
---------------------------------------  -----  ---------  --------  ----------  --------------  -------------------
/opt/airflow/dags/realtime_streaming.py                           1           0  0.25s           2025-01-08T14:33:53
================================================================================
[2025-01-08T14:34:52.666+0000] {manager.py:878} INFO - 
================================================================================
DAG File Processing Stats

File Path                                PID    Runtime      # DAGs    # Errors  Last Runtime    Last Run
---------------------------------------  -----  ---------  --------  ----------  --------------  -------------------
/opt/airflow/dags/realtime_streaming.py                           1           0  0.22s           2025-01-08T14:34:23
================================================================================
